[2015-06-23 19:49:57] local.ERROR: exception 'PDOException' with message 'SQLSTATE[42S02]: Base table or view not found: 1146 Table 'pgrs.award_types' doesn't exist' in /var/www/dev/pgrs/laravel/vendor/laravel/framework/src/Illuminate/Database/Connection.php:307
Stack trace:
#0 /var/www/dev/pgrs/laravel/vendor/laravel/framework/src/Illuminate/Database/Connection.php(307): PDO->prepare('select * from `...')
#1 /var/www/dev/pgrs/laravel/vendor/laravel/framework/src/Illuminate/Database/Connection.php(622): Illuminate\Database\Connection->Illuminate\Database\{closure}(Object(Illuminate\Database\MySqlConnection), 'select * from `...', Array)
#2 /var/www/dev/pgrs/laravel/vendor/laravel/framework/src/Illuminate/Database/Connection.php(589): Illuminate\Database\Connection->runQueryCallback('select * from `...', Array, Object(Closure))
#3 /var/www/dev/pgrs/laravel/vendor/laravel/framework/src/Illuminate/Database/Connection.php(312): Illuminate\Database\Connection->run('select * from `...', Array, Object(Closure))
#4 /var/www/dev/pgrs/laravel/vendor/laravel/framework/src/Illuminate/Database/Query/Builder.php(1377): Illuminate\Database\Connection->select('select * from `...', Array, true)
#5 /var/www/dev/pgrs/laravel/vendor/laravel/framework/src/Illuminate/Database/Query/Builder.php(1367): Illuminate\Database\Query\Builder->runSelect()
#6 /var/www/dev/pgrs/laravel/vendor/laravel/framework/src/Illuminate/Database/Query/Builder.php(1352): Illuminate\Database\Query\Builder->getFresh(Array)
#7 /var/www/dev/pgrs/laravel/vendor/laravel/framework/src/Illuminate/Database/Eloquent/Builder.php(402): Illuminate\Database\Query\Builder->get(Array)
#8 /var/www/dev/pgrs/laravel/vendor/laravel/framework/src/Illuminate/Database/Eloquent/Builder.php(166): Illuminate\Database\Eloquent\Builder->getModels(Array)
#9 /var/www/dev/pgrs/laravel/vendor/laravel/framework/src/Illuminate/Database/Eloquent/Builder.php(138): Illuminate\Database\Eloquent\Builder->get(Array)
#10 /var/www/dev/pgrs/laravel/vendor/laravel/framework/src/Illuminate/Database/Eloquent/Relations/BelongsTo.php(59): Illuminate\Database\Eloquent\Builder->first()
#11 /var/www/dev/pgrs/laravel/vendor/laravel/framework/src/Illuminate/Database/Eloquent/Model.php(2628): Illuminate\Database\Eloquent\Relations\BelongsTo->getResults()
#12 /var/www/dev/pgrs/laravel/vendor/laravel/framework/src/Illuminate/Database/Eloquent/Model.php(2594): Illuminate\Database\Eloquent\Model->getRelationshipFromMethod('award_type')
#13 /var/www/dev/pgrs/laravel/vendor/laravel/framework/src/Illuminate/Database/Eloquent/Model.php(2536): Illuminate\Database\Eloquent\Model->getRelationValue('award_type')
#14 /var/www/dev/pgrs/laravel/vendor/laravel/framework/src/Illuminate/Database/Eloquent/Model.php(3253): Illuminate\Database\Eloquent\Model->getAttribute('award_type')
#15 /var/www/dev/pgrs/laravel/storage/framework/views/ba5f628a520d4535df27958267e8cfd1(32): Illuminate\Database\Eloquent\Model->__get('award_type')
#16 /var/www/dev/pgrs/laravel/vendor/laravel/framework/src/Illuminate/View/Engines/PhpEngine.php(40): include('/var/www/dev/pg...')
#17 /var/www/dev/pgrs/laravel/vendor/laravel/framework/src/Illuminate/View/Engines/CompilerEngine.php(58): Illuminate\View\Engines\PhpEngine->evaluatePath('/var/www/dev/pg...', Array)
#18 /var/www/dev/pgrs/laravel/vendor/laravel/framework/src/Illuminate/View/View.php(137): Illuminate\View\Engines\CompilerEngine->get('/var/www/dev/pg...', Array)
#19 /var/www/dev/pgrs/laravel/vendor/laravel/framework/src/Illuminate/View/View.php(106): Illuminate\View\View->getContents()
#20 /var/www/dev/pgrs/laravel/vendor/laravel/framework/src/Illuminate/View/View.php(80): Illuminate\View\View->renderContents()
#21 /var/www/dev/pgrs/laravel/vendor/laravel/framework/src/Illuminate/Http/Response.php(51): Illuminate\View\View->render()
#22 /var/www/dev/pgrs/laravel/vendor/symfony/http-foundation/Response.php(202): Illuminate\Http\Response->setContent(Object(Illuminate\View\View))
#23 /var/www/dev/pgrs/laravel/vendor/laravel/framework/src/Illuminate/Routing/Router.php(1223): Symfony\Component\HttpFoundation\Response->__construct(Object(Illuminate\View\View))
#24 /var/www/dev/pgrs/laravel/vendor/laravel/framework/src/Illuminate/Routing/ControllerDispatcher.php(112): Illuminate\Routing\Router->prepareResponse(Object(Illuminate\Http\Request), Object(Illuminate\View\View))
#25 [internal function]: Illuminate\Routing\ControllerDispatcher->Illuminate\Routing\{closure}(Object(Illuminate\Http\Request))
#26 /var/www/dev/pgrs/laravel/vendor/laravel/framework/src/Illuminate/Pipeline/Pipeline.php(139): call_user_func(Object(Closure), Object(Illuminate\Http\Request))
#27 [internal function]: Illuminate\Pipeline\Pipeline->Illuminate\Pipeline\{closure}(Object(Illuminate\Http\Request))
#28 /var/www/dev/pgrs/laravel/vendor/laravel/framework/src/Illuminate/Pipeline/Pipeline.php(103): call_user_func(Object(Closure), Object(Illuminate\Http\Request))
#29 /var/www/dev/pgrs/laravel/vendor/laravel/framework/src/Illuminate/Routing/ControllerDispatcher.php(113): Illuminate\Pipeline\Pipeline->then(Object(Closure))
#30 /var/www/dev/pgrs/laravel/vendor/laravel/framework/src/Illuminate/Routing/ControllerDispatcher.php(68): Illuminate\Routing\ControllerDispatcher->callWithinStack(Object(App\Http\Controllers\StudentsController), Object(Illuminate\Routing\Route), Object(Illuminate\Http\Request), 'index')
#31 /var/www/dev/pgrs/laravel/vendor/laravel/framework/src/Illuminate/Routing/Route.php(198): Illuminate\Routing\ControllerDispatcher->dispatch(Object(Illuminate\Routing\Route), Object(Illuminate\Http\Request), 'App\Http\Contro...', 'index')
#32 /var/www/dev/pgrs/laravel/vendor/laravel/framework/src/Illuminate/Routing/Route.php(131): Illuminate\Routing\Route->runWithCustomDispatcher(Object(Illuminate\Http\Request))
#33 /var/www/dev/pgrs/laravel/vendor/laravel/framework/src/Illuminate/Routing/Router.php(702): Illuminate\Routing\Route->run(Object(Illuminate\Http\Request))
#34 [internal function]: Illuminate\Routing\Router->Illuminate\Routing\{closure}(Object(Illuminate\Http\Request))
#35 /var/www/dev/pgrs/laravel/vendor/laravel/framework/src/Illuminate/Pipeline/Pipeline.php(139): call_user_func(Object(Closure), Object(Illuminate\Http\Request))
#36 [internal function]: Illuminate\Pipeline\Pipeline->Illuminate\Pipeline\{closure}(Object(Illuminate\Http\Request))
#37 /var/www/dev/pgrs/laravel/vendor/laravel/framework/src/Illuminate/Pipeline/Pipeline.php(103): call_user_func(Object(Closure), Object(Illuminate\Http\Request))
#38 /var/www/dev/pgrs/laravel/vendor/laravel/framework/src/Illuminate/Routing/Router.php(704): Illuminate\Pipeline\Pipeline->then(Object(Closure))
#39 /var/www/dev/pgrs/laravel/vendor/laravel/framework/src/Illuminate/Routing/Router.php(669): Illuminate\Routing\Router->runRouteWithinStack(Object(Illuminate\Routing\Route), Object(Illuminate\Http\Request))
#40 /var/www/dev/pgrs/laravel/vendor/laravel/framework/src/Illuminate/Routing/Router.php(629): Illuminate\Routing\Router->dispatchToRoute(Object(Illuminate\Http\Request))
#41 /var/www/dev/pgrs/laravel/vendor/laravel/framework/src/Illuminate/Foundation/Http/Kernel.php(229): Illuminate\Routing\Router->dispatch(Object(Illuminate\Http\Request))
#42 [internal function]: Illuminate\Foundation\Http\Kernel->Illuminate\Foundation\Http\{closure}(Object(Illuminate\Http\Request))
#43 /var/www/dev/pgrs/laravel/vendor/laravel/framework/src/Illuminate/Pipeline/Pipeline.php(139): call_user_func(Object(Closure), Object(Illuminate\Http\Request))
#44 /var/www/dev/pgrs/laravel/vendor/laravel/framework/src/Illuminate/View/Middleware/ShareErrorsFromSession.php(54): Illuminate\Pipeline\Pipeline->Illuminate\Pipeline\{closure}(Object(Illuminate\Http\Request))
#45 [internal function]: Illuminate\View\Middleware\ShareErrorsFromSession->handle(Object(Illuminate\Http\Request), Object(Closure))
#46 /var/www/dev/pgrs/laravel/vendor/laravel/framework/src/Illuminate/Pipeline/Pipeline.php(124): call_user_func_array(Array, Array)
#47 /var/www/dev/pgrs/laravel/vendor/laravel/framework/src/Illuminate/Session/Middleware/StartSession.php(61): Illuminate\Pipeline\Pipeline->Illuminate\Pipeline\{closure}(Object(Illuminate\Http\Request))
#48 [internal function]: Illuminate\Session\Middleware\StartSession->handle(Object(Illuminate\Http\Request), Object(Closure))
#49 /var/www/dev/pgrs/laravel/vendor/laravel/framework/src/Illuminate/Pipeline/Pipeline.php(124): call_user_func_array(Array, Array)
#50 /var/www/dev/pgrs/laravel/vendor/laravel/framework/src/Illuminate/Cookie/Middleware/AddQueuedCookiesToResponse.php(37): Illuminate\Pipeline\Pipeline->Illuminate\Pipeline\{closure}(Object(Illuminate\Http\Request))
#51 [internal function]: Illuminate\Cookie\Middleware\AddQueuedCookiesToResponse->handle(Object(Illuminate\Http\Request), Object(Closure))
#52 /var/www/dev/pgrs/laravel/vendor/laravel/framework/src/Illuminate/Pipeline/Pipeline.php(124): call_user_func_array(Array, Array)
#53 /var/www/dev/pgrs/laravel/vendor/laravel/framework/src/Illuminate/Cookie/Middleware/EncryptCookies.php(59): Illuminate\Pipeline\Pipeline->Illuminate\Pipeline\{closure}(Object(Illuminate\Http\Request))
#54 [internal function]: Illuminate\Cookie\Middleware\EncryptCookies->handle(Object(Illuminate\Http\Request), Object(Closure))
#55 /var/www/dev/pgrs/laravel/vendor/laravel/framework/src/Illuminate/Pipeline/Pipeline.php(124): call_user_func_array(Array, Array)
#56 /var/www/dev/pgrs/laravel/vendor/laravel/framework/src/Illuminate/Foundation/Http/Middleware/CheckForMaintenanceMode.php(42): Illuminate\Pipeline\Pipeline->Illuminate\Pipeline\{closure}(Object(Illuminate\Http\Request))
#57 [internal function]: Illuminate\Foundation\Http\Middleware\CheckForMaintenanceMode->handle(Object(Illuminate\Http\Request), Object(Closure))
#58 /var/www/dev/pgrs/laravel/vendor/laravel/framework/src/Illuminate/Pipeline/Pipeline.php(124): call_user_func_array(Array, Array)
#59 [internal function]: Illuminate\Pipeline\Pipeline->Illuminate\Pipeline\{closure}(Object(Illuminate\Http\Request))
#60 /var/www/dev/pgrs/laravel/vendor/laravel/framework/src/Illuminate/Pipeline/Pipeline.php(103): call_user_func(Object(Closure), Object(Illuminate\Http\Request))
#61 /var/www/dev/pgrs/laravel/vendor/laravel/framework/src/Illuminate/Foundation/Http/Kernel.php(118): Illuminate\Pipeline\Pipeline->then(Object(Closure))
#62 /var/www/dev/pgrs/laravel/vendor/laravel/framework/src/Illuminate/Foundation/Http/Kernel.php(86): Illuminate\Foundation\Http\Kernel->sendRequestThroughRouter(Object(Illuminate\Http\Request))
#63 /var/www/dev/pgrs/laravel/public/index.php(54): Illuminate\Foundation\Http\Kernel->handle(Object(Illuminate\Http\Request))
#64 {main}

Next exception 'Illuminate\Database\QueryException' with message 'SQLSTATE[42S02]: Base table or view not found: 1146 Table 'pgrs.award_types' doesn't exist (SQL: select * from `award_types` where `award_types`.`id` = 3 limit 1)' in /var/www/dev/pgrs/laravel/vendor/laravel/framework/src/Illuminate/Database/Connection.php:629
Stack trace:
#0 /var/www/dev/pgrs/laravel/vendor/laravel/framework/src/Illuminate/Database/Connection.php(589): Illuminate\Database\Connection->runQueryCallback('select * from `...', Array, Object(Closure))
#1 /var/www/dev/pgrs/laravel/vendor/laravel/framework/src/Illuminate/Database/Connection.php(312): Illuminate\Database\Connection->run('select * from `...', Array, Object(Closure))
#2 /var/www/dev/pgrs/laravel/vendor/laravel/framework/src/Illuminate/Database/Query/Builder.php(1377): Illuminate\Database\Connection->select('select * from `...', Array, true)
#3 /var/www/dev/pgrs/laravel/vendor/laravel/framework/src/Illuminate/Database/Query/Builder.php(1367): Illuminate\Database\Query\Builder->runSelect()
#4 /var/www/dev/pgrs/laravel/vendor/laravel/framework/src/Illuminate/Database/Query/Builder.php(1352): Illuminate\Database\Query\Builder->getFresh(Array)
#5 /var/www/dev/pgrs/laravel/vendor/laravel/framework/src/Illuminate/Database/Eloquent/Builder.php(402): Illuminate\Database\Query\Builder->get(Array)
#6 /var/www/dev/pgrs/laravel/vendor/laravel/framework/src/Illuminate/Database/Eloquent/Builder.php(166): Illuminate\Database\Eloquent\Builder->getModels(Array)
#7 /var/www/dev/pgrs/laravel/vendor/laravel/framework/src/Illuminate/Database/Eloquent/Builder.php(138): Illuminate\Database\Eloquent\Builder->get(Array)
#8 /var/www/dev/pgrs/laravel/vendor/laravel/framework/src/Illuminate/Database/Eloquent/Relations/BelongsTo.php(59): Illuminate\Database\Eloquent\Builder->first()
#9 /var/www/dev/pgrs/laravel/vendor/laravel/framework/src/Illuminate/Database/Eloquent/Model.php(2628): Illuminate\Database\Eloquent\Relations\BelongsTo->getResults()
#10 /var/www/dev/pgrs/laravel/vendor/laravel/framework/src/Illuminate/Database/Eloquent/Model.php(2594): Illuminate\Database\Eloquent\Model->getRelationshipFromMethod('award_type')
#11 /var/www/dev/pgrs/laravel/vendor/laravel/framework/src/Illuminate/Database/Eloquent/Model.php(2536): Illuminate\Database\Eloquent\Model->getRelationValue('award_type')
#12 /var/www/dev/pgrs/laravel/vendor/laravel/framework/src/Illuminate/Database/Eloquent/Model.php(3253): Illuminate\Database\Eloquent\Model->getAttribute('award_type')
#13 /var/www/dev/pgrs/laravel/storage/framework/views/ba5f628a520d4535df27958267e8cfd1(32): Illuminate\Database\Eloquent\Model->__get('award_type')
#14 /var/www/dev/pgrs/laravel/vendor/laravel/framework/src/Illuminate/View/Engines/PhpEngine.php(40): include('/var/www/dev/pg...')
#15 /var/www/dev/pgrs/laravel/vendor/laravel/framework/src/Illuminate/View/Engines/CompilerEngine.php(58): Illuminate\View\Engines\PhpEngine->evaluatePath('/var/www/dev/pg...', Array)
#16 /var/www/dev/pgrs/laravel/vendor/laravel/framework/src/Illuminate/View/View.php(137): Illuminate\View\Engines\CompilerEngine->get('/var/www/dev/pg...', Array)
#17 /var/www/dev/pgrs/laravel/vendor/laravel/framework/src/Illuminate/View/View.php(106): Illuminate\View\View->getContents()
#18 /var/www/dev/pgrs/laravel/vendor/laravel/framework/src/Illuminate/View/View.php(80): Illuminate\View\View->renderContents()
#19 /var/www/dev/pgrs/laravel/vendor/laravel/framework/src/Illuminate/Http/Response.php(51): Illuminate\View\View->render()
#20 /var/www/dev/pgrs/laravel/vendor/symfony/http-foundation/Response.php(202): Illuminate\Http\Response->setContent(Object(Illuminate\View\View))
#21 /var/www/dev/pgrs/laravel/vendor/laravel/framework/src/Illuminate/Routing/Router.php(1223): Symfony\Component\HttpFoundation\Response->__construct(Object(Illuminate\View\View))
#22 /var/www/dev/pgrs/laravel/vendor/laravel/framework/src/Illuminate/Routing/ControllerDispatcher.php(112): Illuminate\Routing\Router->prepareResponse(Object(Illuminate\Http\Request), Object(Illuminate\View\View))
#23 [internal function]: Illuminate\Routing\ControllerDispatcher->Illuminate\Routing\{closure}(Object(Illuminate\Http\Request))
#24 /var/www/dev/pgrs/laravel/vendor/laravel/framework/src/Illuminate/Pipeline/Pipeline.php(139): call_user_func(Object(Closure), Object(Illuminate\Http\Request))
#25 [internal function]: Illuminate\Pipeline\Pipeline->Illuminate\Pipeline\{closure}(Object(Illuminate\Http\Request))
#26 /var/www/dev/pgrs/laravel/vendor/laravel/framework/src/Illuminate/Pipeline/Pipeline.php(103): call_user_func(Object(Closure), Object(Illuminate\Http\Request))
#27 /var/www/dev/pgrs/laravel/vendor/laravel/framework/src/Illuminate/Routing/ControllerDispatcher.php(113): Illuminate\Pipeline\Pipeline->then(Object(Closure))
#28 /var/www/dev/pgrs/laravel/vendor/laravel/framework/src/Illuminate/Routing/ControllerDispatcher.php(68): Illuminate\Routing\ControllerDispatcher->callWithinStack(Object(App\Http\Controllers\StudentsController), Object(Illuminate\Routing\Route), Object(Illuminate\Http\Request), 'index')
#29 /var/www/dev/pgrs/laravel/vendor/laravel/framework/src/Illuminate/Routing/Route.php(198): Illuminate\Routing\ControllerDispatcher->dispatch(Object(Illuminate\Routing\Route), Object(Illuminate\Http\Request), 'App\Http\Contro...', 'index')
#30 /var/www/dev/pgrs/laravel/vendor/laravel/framework/src/Illuminate/Routing/Route.php(131): Illuminate\Routing\Route->runWithCustomDispatcher(Object(Illuminate\Http\Request))
#31 /var/www/dev/pgrs/laravel/vendor/laravel/framework/src/Illuminate/Routing/Router.php(702): Illuminate\Routing\Route->run(Object(Illuminate\Http\Request))
#32 [internal function]: Illuminate\Routing\Router->Illuminate\Routing\{closure}(Object(Illuminate\Http\Request))
#33 /var/www/dev/pgrs/laravel/vendor/laravel/framework/src/Illuminate/Pipeline/Pipeline.php(139): call_user_func(Object(Closure), Object(Illuminate\Http\Request))
#34 [internal function]: Illuminate\Pipeline\Pipeline->Illuminate\Pipeline\{closure}(Object(Illuminate\Http\Request))
#35 /var/www/dev/pgrs/laravel/vendor/laravel/framework/src/Illuminate/Pipeline/Pipeline.php(103): call_user_func(Object(Closure), Object(Illuminate\Http\Request))
#36 /var/www/dev/pgrs/laravel/vendor/laravel/framework/src/Illuminate/Routing/Router.php(704): Illuminate\Pipeline\Pipeline->then(Object(Closure))
#37 /var/www/dev/pgrs/laravel/vendor/laravel/framework/src/Illuminate/Routing/Router.php(669): Illuminate\Routing\Router->runRouteWithinStack(Object(Illuminate\Routing\Route), Object(Illuminate\Http\Request))
#38 /var/www/dev/pgrs/laravel/vendor/laravel/framework/src/Illuminate/Routing/Router.php(629): Illuminate\Routing\Router->dispatchToRoute(Object(Illuminate\Http\Request))
#39 /var/www/dev/pgrs/laravel/vendor/laravel/framework/src/Illuminate/Foundation/Http/Kernel.php(229): Illuminate\Routing\Router->dispatch(Object(Illuminate\Http\Request))
#40 [internal function]: Illuminate\Foundation\Http\Kernel->Illuminate\Foundation\Http\{closure}(Object(Illuminate\Http\Request))
#41 /var/www/dev/pgrs/laravel/vendor/laravel/framework/src/Illuminate/Pipeline/Pipeline.php(139): call_user_func(Object(Closure), Object(Illuminate\Http\Request))
#42 /var/www/dev/pgrs/laravel/vendor/laravel/framework/src/Illuminate/View/Middleware/ShareErrorsFromSession.php(54): Illuminate\Pipeline\Pipeline->Illuminate\Pipeline\{closure}(Object(Illuminate\Http\Request))
#43 [internal function]: Illuminate\View\Middleware\ShareErrorsFromSession->handle(Object(Illuminate\Http\Request), Object(Closure))
#44 /var/www/dev/pgrs/laravel/vendor/laravel/framework/src/Illuminate/Pipeline/Pipeline.php(124): call_user_func_array(Array, Array)
#45 /var/www/dev/pgrs/laravel/vendor/laravel/framework/src/Illuminate/Session/Middleware/StartSession.php(61): Illuminate\Pipeline\Pipeline->Illuminate\Pipeline\{closure}(Object(Illuminate\Http\Request))
#46 [internal function]: Illuminate\Session\Middleware\StartSession->handle(Object(Illuminate\Http\Request), Object(Closure))
#47 /var/www/dev/pgrs/laravel/vendor/laravel/framework/src/Illuminate/Pipeline/Pipeline.php(124): call_user_func_array(Array, Array)
#48 /var/www/dev/pgrs/laravel/vendor/laravel/framework/src/Illuminate/Cookie/Middleware/AddQueuedCookiesToResponse.php(37): Illuminate\Pipeline\Pipeline->Illuminate\Pipeline\{closure}(Object(Illuminate\Http\Request))
#49 [internal function]: Illuminate\Cookie\Middleware\AddQueuedCookiesToResponse->handle(Object(Illuminate\Http\Request), Object(Closure))
#50 /var/www/dev/pgrs/laravel/vendor/laravel/framework/src/Illuminate/Pipeline/Pipeline.php(124): call_user_func_array(Array, Array)
#51 /var/www/dev/pgrs/laravel/vendor/laravel/framework/src/Illuminate/Cookie/Middleware/EncryptCookies.php(59): Illuminate\Pipeline\Pipeline->Illuminate\Pipeline\{closure}(Object(Illuminate\Http\Request))
#52 [internal function]: Illuminate\Cookie\Middleware\EncryptCookies->handle(Object(Illuminate\Http\Request), Object(Closure))
#53 /var/www/dev/pgrs/laravel/vendor/laravel/framework/src/Illuminate/Pipeline/Pipeline.php(124): call_user_func_array(Array, Array)
#54 /var/www/dev/pgrs/laravel/vendor/laravel/framework/src/Illuminate/Foundation/Http/Middleware/CheckForMaintenanceMode.php(42): Illuminate\Pipeline\Pipeline->Illuminate\Pipeline\{closure}(Object(Illuminate\Http\Request))
#55 [internal function]: Illuminate\Foundation\Http\Middleware\CheckForMaintenanceMode->handle(Object(Illuminate\Http\Request), Object(Closure))
#56 /var/www/dev/pgrs/laravel/vendor/laravel/framework/src/Illuminate/Pipeline/Pipeline.php(124): call_user_func_array(Array, Array)
#57 [internal function]: Illuminate\Pipeline\Pipeline->Illuminate\Pipeline\{closure}(Object(Illuminate\Http\Request))
#58 /var/www/dev/pgrs/laravel/vendor/laravel/framework/src/Illuminate/Pipeline/Pipeline.php(103): call_user_func(Object(Closure), Object(Illuminate\Http\Request))
#59 /var/www/dev/pgrs/laravel/vendor/laravel/framework/src/Illuminate/Foundation/Http/Kernel.php(118): Illuminate\Pipeline\Pipeline->then(Object(Closure))
#60 /var/www/dev/pgrs/laravel/vendor/laravel/framework/src/Illuminate/Foundation/Http/Kernel.php(86): Illuminate\Foundation\Http\Kernel->sendRequestThroughRouter(Object(Illuminate\Http\Request))
#61 /var/www/dev/pgrs/laravel/public/index.php(54): Illuminate\Foundation\Http\Kernel->handle(Object(Illuminate\Http\Request))
#62 {main}

Next exception 'ErrorException' with message 'SQLSTATE[42S02]: Base table or view not found: 1146 Table 'pgrs.award_types' doesn't exist (SQL: select * from `award_types` where `award_types`.`id` = 3 limit 1) (View: /var/www/dev/pgrs/laravel/resources/views/staff/pages/students/index.blade.php)' in /var/www/dev/pgrs/laravel/vendor/laravel/framework/src/Illuminate/Database/Connection.php:629
Stack trace:
#0 /var/www/dev/pgrs/laravel/vendor/laravel/framework/src/Illuminate/View/Engines/PhpEngine.php(42): Illuminate\View\Engines\CompilerEngine->handleViewException(Object(Illuminate\Database\QueryException), 1)
#1 /var/www/dev/pgrs/laravel/vendor/laravel/framework/src/Illuminate/View/Engines/CompilerEngine.php(58): Illuminate\View\Engines\PhpEngine->evaluatePath('/var/www/dev/pg...', Array)
#2 /var/www/dev/pgrs/laravel/vendor/laravel/framework/src/Illuminate/View/View.php(137): Illuminate\View\Engines\CompilerEngine->get('/var/www/dev/pg...', Array)
#3 /var/www/dev/pgrs/laravel/vendor/laravel/framework/src/Illuminate/View/View.php(106): Illuminate\View\View->getContents()
#4 /var/www/dev/pgrs/laravel/vendor/laravel/framework/src/Illuminate/View/View.php(80): Illuminate\View\View->renderContents()
#5 /var/www/dev/pgrs/laravel/vendor/laravel/framework/src/Illuminate/Http/Response.php(51): Illuminate\View\View->render()
#6 /var/www/dev/pgrs/laravel/vendor/symfony/http-foundation/Response.php(202): Illuminate\Http\Response->setContent(Object(Illuminate\View\View))
#7 /var/www/dev/pgrs/laravel/vendor/laravel/framework/src/Illuminate/Routing/Router.php(1223): Symfony\Component\HttpFoundation\Response->__construct(Object(Illuminate\View\View))
#8 /var/www/dev/pgrs/laravel/vendor/laravel/framework/src/Illuminate/Routing/ControllerDispatcher.php(112): Illuminate\Routing\Router->prepareResponse(Object(Illuminate\Http\Request), Object(Illuminate\View\View))
#9 [internal function]: Illuminate\Routing\ControllerDispatcher->Illuminate\Routing\{closure}(Object(Illuminate\Http\Request))
#10 /var/www/dev/pgrs/laravel/vendor/laravel/framework/src/Illuminate/Pipeline/Pipeline.php(139): call_user_func(Object(Closure), Object(Illuminate\Http\Request))
#11 [internal function]: Illuminate\Pipeline\Pipeline->Illuminate\Pipeline\{closure}(Object(Illuminate\Http\Request))
#12 /var/www/dev/pgrs/laravel/vendor/laravel/framework/src/Illuminate/Pipeline/Pipeline.php(103): call_user_func(Object(Closure), Object(Illuminate\Http\Request))
#13 /var/www/dev/pgrs/laravel/vendor/laravel/framework/src/Illuminate/Routing/ControllerDispatcher.php(113): Illuminate\Pipeline\Pipeline->then(Object(Closure))
#14 /var/www/dev/pgrs/laravel/vendor/laravel/framework/src/Illuminate/Routing/ControllerDispatcher.php(68): Illuminate\Routing\ControllerDispatcher->callWithinStack(Object(App\Http\Controllers\StudentsController), Object(Illuminate\Routing\Route), Object(Illuminate\Http\Request), 'index')
#15 /var/www/dev/pgrs/laravel/vendor/laravel/framework/src/Illuminate/Routing/Route.php(198): Illuminate\Routing\ControllerDispatcher->dispatch(Object(Illuminate\Routing\Route), Object(Illuminate\Http\Request), 'App\Http\Contro...', 'index')
#16 /var/www/dev/pgrs/laravel/vendor/laravel/framework/src/Illuminate/Routing/Route.php(131): Illuminate\Routing\Route->runWithCustomDispatcher(Object(Illuminate\Http\Request))
#17 /var/www/dev/pgrs/laravel/vendor/laravel/framework/src/Illuminate/Routing/Router.php(702): Illuminate\Routing\Route->run(Object(Illuminate\Http\Request))
#18 [internal function]: Illuminate\Routing\Router->Illuminate\Routing\{closure}(Object(Illuminate\Http\Request))
#19 /var/www/dev/pgrs/laravel/vendor/laravel/framework/src/Illuminate/Pipeline/Pipeline.php(139): call_user_func(Object(Closure), Object(Illuminate\Http\Request))
#20 [internal function]: Illuminate\Pipeline\Pipeline->Illuminate\Pipeline\{closure}(Object(Illuminate\Http\Request))
#21 /var/www/dev/pgrs/laravel/vendor/laravel/framework/src/Illuminate/Pipeline/Pipeline.php(103): call_user_func(Object(Closure), Object(Illuminate\Http\Request))
#22 /var/www/dev/pgrs/laravel/vendor/laravel/framework/src/Illuminate/Routing/Router.php(704): Illuminate\Pipeline\Pipeline->then(Object(Closure))
#23 /var/www/dev/pgrs/laravel/vendor/laravel/framework/src/Illuminate/Routing/Router.php(669): Illuminate\Routing\Router->runRouteWithinStack(Object(Illuminate\Routing\Route), Object(Illuminate\Http\Request))
#24 /var/www/dev/pgrs/laravel/vendor/laravel/framework/src/Illuminate/Routing/Router.php(629): Illuminate\Routing\Router->dispatchToRoute(Object(Illuminate\Http\Request))
#25 /var/www/dev/pgrs/laravel/vendor/laravel/framework/src/Illuminate/Foundation/Http/Kernel.php(229): Illuminate\Routing\Router->dispatch(Object(Illuminate\Http\Request))
#26 [internal function]: Illuminate\Foundation\Http\Kernel->Illuminate\Foundation\Http\{closure}(Object(Illuminate\Http\Request))
#27 /var/www/dev/pgrs/laravel/vendor/laravel/framework/src/Illuminate/Pipeline/Pipeline.php(139): call_user_func(Object(Closure), Object(Illuminate\Http\Request))
#28 /var/www/dev/pgrs/laravel/vendor/laravel/framework/src/Illuminate/View/Middleware/ShareErrorsFromSession.php(54): Illuminate\Pipeline\Pipeline->Illuminate\Pipeline\{closure}(Object(Illuminate\Http\Request))
#29 [internal function]: Illuminate\View\Middleware\ShareErrorsFromSession->handle(Object(Illuminate\Http\Request), Object(Closure))
#30 /var/www/dev/pgrs/laravel/vendor/laravel/framework/src/Illuminate/Pipeline/Pipeline.php(124): call_user_func_array(Array, Array)
#31 /var/www/dev/pgrs/laravel/vendor/laravel/framework/src/Illuminate/Session/Middleware/StartSession.php(61): Illuminate\Pipeline\Pipeline->Illuminate\Pipeline\{closure}(Object(Illuminate\Http\Request))
#32 [internal function]: Illuminate\Session\Middleware\StartSession->handle(Object(Illuminate\Http\Request), Object(Closure))
#33 /var/www/dev/pgrs/laravel/vendor/laravel/framework/src/Illuminate/Pipeline/Pipeline.php(124): call_user_func_array(Array, Array)
#34 /var/www/dev/pgrs/laravel/vendor/laravel/framework/src/Illuminate/Cookie/Middleware/AddQueuedCookiesToResponse.php(37): Illuminate\Pipeline\Pipeline->Illuminate\Pipeline\{closure}(Object(Illuminate\Http\Request))
#35 [internal function]: Illuminate\Cookie\Middleware\AddQueuedCookiesToResponse->handle(Object(Illuminate\Http\Request), Object(Closure))
#36 /var/www/dev/pgrs/laravel/vendor/laravel/framework/src/Illuminate/Pipeline/Pipeline.php(124): call_user_func_array(Array, Array)
#37 /var/www/dev/pgrs/laravel/vendor/laravel/framework/src/Illuminate/Cookie/Middleware/EncryptCookies.php(59): Illuminate\Pipeline\Pipeline->Illuminate\Pipeline\{closure}(Object(Illuminate\Http\Request))
#38 [internal function]: Illuminate\Cookie\Middleware\EncryptCookies->handle(Object(Illuminate\Http\Request), Object(Closure))
#39 /var/www/dev/pgrs/laravel/vendor/laravel/framework/src/Illuminate/Pipeline/Pipeline.php(124): call_user_func_array(Array, Array)
#40 /var/www/dev/pgrs/laravel/vendor/laravel/framework/src/Illuminate/Foundation/Http/Middleware/CheckForMaintenanceMode.php(42): Illuminate\Pipeline\Pipeline->Illuminate\Pipeline\{closure}(Object(Illuminate\Http\Request))
#41 [internal function]: Illuminate\Foundation\Http\Middleware\CheckForMaintenanceMode->handle(Object(Illuminate\Http\Request), Object(Closure))
#42 /var/www/dev/pgrs/laravel/vendor/laravel/framework/src/Illuminate/Pipeline/Pipeline.php(124): call_user_func_array(Array, Array)
#43 [internal function]: Illuminate\Pipeline\Pipeline->Illuminate\Pipeline\{closure}(Object(Illuminate\Http\Request))
#44 /var/www/dev/pgrs/laravel/vendor/laravel/framework/src/Illuminate/Pipeline/Pipeline.php(103): call_user_func(Object(Closure), Object(Illuminate\Http\Request))
#45 /var/www/dev/pgrs/laravel/vendor/laravel/framework/src/Illuminate/Foundation/Http/Kernel.php(118): Illuminate\Pipeline\Pipeline->then(Object(Closure))
#46 /var/www/dev/pgrs/laravel/vendor/laravel/framework/src/Illuminate/Foundation/Http/Kernel.php(86): Illuminate\Foundation\Http\Kernel->sendRequestThroughRouter(Object(Illuminate\Http\Request))
#47 /var/www/dev/pgrs/laravel/public/index.php(54): Illuminate\Foundation\Http\Kernel->handle(Object(Illuminate\Http\Request))
#48 {main}  
[2015-06-23 19:50:10] local.ERROR: exception 'PDOException' with message 'SQLSTATE[42S02]: Base table or view not found: 1146 Table 'pgrs.award_types' doesn't exist' in /var/www/dev/pgrs/laravel/vendor/laravel/framework/src/Illuminate/Database/Connection.php:307
Stack trace:
#0 /var/www/dev/pgrs/laravel/vendor/laravel/framework/src/Illuminate/Database/Connection.php(307): PDO->prepare('select * from `...')
#1 /var/www/dev/pgrs/laravel/vendor/laravel/framework/src/Illuminate/Database/Connection.php(622): Illuminate\Database\Connection->Illuminate\Database\{closure}(Object(Illuminate\Database\MySqlConnection), 'select * from `...', Array)
#2 /var/www/dev/pgrs/laravel/vendor/laravel/framework/src/Illuminate/Database/Connection.php(589): Illuminate\Database\Connection->runQueryCallback('select * from `...', Array, Object(Closure))
#3 /var/www/dev/pgrs/laravel/vendor/laravel/framework/src/Illuminate/Database/Connection.php(312): Illuminate\Database\Connection->run('select * from `...', Array, Object(Closure))
#4 /var/www/dev/pgrs/laravel/vendor/laravel/framework/src/Illuminate/Database/Query/Builder.php(1377): Illuminate\Database\Connection->select('select * from `...', Array, true)
#5 /var/www/dev/pgrs/laravel/vendor/laravel/framework/src/Illuminate/Database/Query/Builder.php(1367): Illuminate\Database\Query\Builder->runSelect()
#6 /var/www/dev/pgrs/laravel/vendor/laravel/framework/src/Illuminate/Database/Query/Builder.php(1352): Illuminate\Database\Query\Builder->getFresh(Array)
#7 /var/www/dev/pgrs/laravel/vendor/laravel/framework/src/Illuminate/Database/Eloquent/Builder.php(402): Illuminate\Database\Query\Builder->get(Array)
#8 /var/www/dev/pgrs/laravel/vendor/laravel/framework/src/Illuminate/Database/Eloquent/Builder.php(166): Illuminate\Database\Eloquent\Builder->getModels(Array)
#9 /var/www/dev/pgrs/laravel/vendor/laravel/framework/src/Illuminate/Database/Eloquent/Builder.php(138): Illuminate\Database\Eloquent\Builder->get(Array)
#10 /var/www/dev/pgrs/laravel/vendor/laravel/framework/src/Illuminate/Database/Eloquent/Relations/BelongsTo.php(59): Illuminate\Database\Eloquent\Builder->first()
#11 /var/www/dev/pgrs/laravel/vendor/laravel/framework/src/Illuminate/Database/Eloquent/Model.php(2628): Illuminate\Database\Eloquent\Relations\BelongsTo->getResults()
#12 /var/www/dev/pgrs/laravel/vendor/laravel/framework/src/Illuminate/Database/Eloquent/Model.php(2594): Illuminate\Database\Eloquent\Model->getRelationshipFromMethod('award_type')
#13 /var/www/dev/pgrs/laravel/vendor/laravel/framework/src/Illuminate/Database/Eloquent/Model.php(2536): Illuminate\Database\Eloquent\Model->getRelationValue('award_type')
#14 /var/www/dev/pgrs/laravel/vendor/laravel/framework/src/Illuminate/Database/Eloquent/Model.php(3253): Illuminate\Database\Eloquent\Model->getAttribute('award_type')
#15 /var/www/dev/pgrs/laravel/storage/framework/views/ba5f628a520d4535df27958267e8cfd1(32): Illuminate\Database\Eloquent\Model->__get('award_type')
#16 /var/www/dev/pgrs/laravel/vendor/laravel/framework/src/Illuminate/View/Engines/PhpEngine.php(40): include('/var/www/dev/pg...')
#17 /var/www/dev/pgrs/laravel/vendor/laravel/framework/src/Illuminate/View/Engines/CompilerEngine.php(58): Illuminate\View\Engines\PhpEngine->evaluatePath('/var/www/dev/pg...', Array)
#18 /var/www/dev/pgrs/laravel/vendor/laravel/framework/src/Illuminate/View/View.php(137): Illuminate\View\Engines\CompilerEngine->get('/var/www/dev/pg...', Array)
#19 /var/www/dev/pgrs/laravel/vendor/laravel/framework/src/Illuminate/View/View.php(106): Illuminate\View\View->getContents()
#20 /var/www/dev/pgrs/laravel/vendor/laravel/framework/src/Illuminate/View/View.php(80): Illuminate\View\View->renderContents()
#21 /var/www/dev/pgrs/laravel/vendor/laravel/framework/src/Illuminate/Http/Response.php(51): Illuminate\View\View->render()
#22 /var/www/dev/pgrs/laravel/vendor/symfony/http-foundation/Response.php(202): Illuminate\Http\Response->setContent(Object(Illuminate\View\View))
#23 /var/www/dev/pgrs/laravel/vendor/laravel/framework/src/Illuminate/Routing/Router.php(1223): Symfony\Component\HttpFoundation\Response->__construct(Object(Illuminate\View\View))
#24 /var/www/dev/pgrs/laravel/vendor/laravel/framework/src/Illuminate/Routing/ControllerDispatcher.php(112): Illuminate\Routing\Router->prepareResponse(Object(Illuminate\Http\Request), Object(Illuminate\View\View))
#25 [internal function]: Illuminate\Routing\ControllerDispatcher->Illuminate\Routing\{closure}(Object(Illuminate\Http\Request))
#26 /var/www/dev/pgrs/laravel/vendor/laravel/framework/src/Illuminate/Pipeline/Pipeline.php(139): call_user_func(Object(Closure), Object(Illuminate\Http\Request))
#27 [internal function]: Illuminate\Pipeline\Pipeline->Illuminate\Pipeline\{closure}(Object(Illuminate\Http\Request))
#28 /var/www/dev/pgrs/laravel/vendor/laravel/framework/src/Illuminate/Pipeline/Pipeline.php(103): call_user_func(Object(Closure), Object(Illuminate\Http\Request))
#29 /var/www/dev/pgrs/laravel/vendor/laravel/framework/src/Illuminate/Routing/ControllerDispatcher.php(113): Illuminate\Pipeline\Pipeline->then(Object(Closure))
#30 /var/www/dev/pgrs/laravel/vendor/laravel/framework/src/Illuminate/Routing/ControllerDispatcher.php(68): Illuminate\Routing\ControllerDispatcher->callWithinStack(Object(App\Http\Controllers\StudentsController), Object(Illuminate\Routing\Route), Object(Illuminate\Http\Request), 'index')
#31 /var/www/dev/pgrs/laravel/vendor/laravel/framework/src/Illuminate/Routing/Route.php(198): Illuminate\Routing\ControllerDispatcher->dispatch(Object(Illuminate\Routing\Route), Object(Illuminate\Http\Request), 'App\Http\Contro...', 'index')
#32 /var/www/dev/pgrs/laravel/vendor/laravel/framework/src/Illuminate/Routing/Route.php(131): Illuminate\Routing\Route->runWithCustomDispatcher(Object(Illuminate\Http\Request))
#33 /var/www/dev/pgrs/laravel/vendor/laravel/framework/src/Illuminate/Routing/Router.php(702): Illuminate\Routing\Route->run(Object(Illuminate\Http\Request))
#34 [internal function]: Illuminate\Routing\Router->Illuminate\Routing\{closure}(Object(Illuminate\Http\Request))
#35 /var/www/dev/pgrs/laravel/vendor/laravel/framework/src/Illuminate/Pipeline/Pipeline.php(139): call_user_func(Object(Closure), Object(Illuminate\Http\Request))
#36 [internal function]: Illuminate\Pipeline\Pipeline->Illuminate\Pipeline\{closure}(Object(Illuminate\Http\Request))
#37 /var/www/dev/pgrs/laravel/vendor/laravel/framework/src/Illuminate/Pipeline/Pipeline.php(103): call_user_func(Object(Closure), Object(Illuminate\Http\Request))
#38 /var/www/dev/pgrs/laravel/vendor/laravel/framework/src/Illuminate/Routing/Router.php(704): Illuminate\Pipeline\Pipeline->then(Object(Closure))
#39 /var/www/dev/pgrs/laravel/vendor/laravel/framework/src/Illuminate/Routing/Router.php(669): Illuminate\Routing\Router->runRouteWithinStack(Object(Illuminate\Routing\Route), Object(Illuminate\Http\Request))
#40 /var/www/dev/pgrs/laravel/vendor/laravel/framework/src/Illuminate/Routing/Router.php(629): Illuminate\Routing\Router->dispatchToRoute(Object(Illuminate\Http\Request))
#41 /var/www/dev/pgrs/laravel/vendor/laravel/framework/src/Illuminate/Foundation/Http/Kernel.php(229): Illuminate\Routing\Router->dispatch(Object(Illuminate\Http\Request))
#42 [internal function]: Illuminate\Foundation\Http\Kernel->Illuminate\Foundation\Http\{closure}(Object(Illuminate\Http\Request))
#43 /var/www/dev/pgrs/laravel/vendor/laravel/framework/src/Illuminate/Pipeline/Pipeline.php(139): call_user_func(Object(Closure), Object(Illuminate\Http\Request))
#44 /var/www/dev/pgrs/laravel/vendor/laravel/framework/src/Illuminate/View/Middleware/ShareErrorsFromSession.php(54): Illuminate\Pipeline\Pipeline->Illuminate\Pipeline\{closure}(Object(Illuminate\Http\Request))
#45 [internal function]: Illuminate\View\Middleware\ShareErrorsFromSession->handle(Object(Illuminate\Http\Request), Object(Closure))
#46 /var/www/dev/pgrs/laravel/vendor/laravel/framework/src/Illuminate/Pipeline/Pipeline.php(124): call_user_func_array(Array, Array)
#47 /var/www/dev/pgrs/laravel/vendor/laravel/framework/src/Illuminate/Session/Middleware/StartSession.php(61): Illuminate\Pipeline\Pipeline->Illuminate\Pipeline\{closure}(Object(Illuminate\Http\Request))
#48 [internal function]: Illuminate\Session\Middleware\StartSession->handle(Object(Illuminate\Http\Request), Object(Closure))
#49 /var/www/dev/pgrs/laravel/vendor/laravel/framework/src/Illuminate/Pipeline/Pipeline.php(124): call_user_func_array(Array, Array)
#50 /var/www/dev/pgrs/laravel/vendor/laravel/framework/src/Illuminate/Cookie/Middleware/AddQueuedCookiesToResponse.php(37): Illuminate\Pipeline\Pipeline->Illuminate\Pipeline\{closure}(Object(Illuminate\Http\Request))
#51 [internal function]: Illuminate\Cookie\Middleware\AddQueuedCookiesToResponse->handle(Object(Illuminate\Http\Request), Object(Closure))
#52 /var/www/dev/pgrs/laravel/vendor/laravel/framework/src/Illuminate/Pipeline/Pipeline.php(124): call_user_func_array(Array, Array)
#53 /var/www/dev/pgrs/laravel/vendor/laravel/framework/src/Illuminate/Cookie/Middleware/EncryptCookies.php(59): Illuminate\Pipeline\Pipeline->Illuminate\Pipeline\{closure}(Object(Illuminate\Http\Request))
#54 [internal function]: Illuminate\Cookie\Middleware\EncryptCookies->handle(Object(Illuminate\Http\Request), Object(Closure))
#55 /var/www/dev/pgrs/laravel/vendor/laravel/framework/src/Illuminate/Pipeline/Pipeline.php(124): call_user_func_array(Array, Array)
#56 /var/www/dev/pgrs/laravel/vendor/laravel/framework/src/Illuminate/Foundation/Http/Middleware/CheckForMaintenanceMode.php(42): Illuminate\Pipeline\Pipeline->Illuminate\Pipeline\{closure}(Object(Illuminate\Http\Request))
#57 [internal function]: Illuminate\Foundation\Http\Middleware\CheckForMaintenanceMode->handle(Object(Illuminate\Http\Request), Object(Closure))
#58 /var/www/dev/pgrs/laravel/vendor/laravel/framework/src/Illuminate/Pipeline/Pipeline.php(124): call_user_func_array(Array, Array)
#59 [internal function]: Illuminate\Pipeline\Pipeline->Illuminate\Pipeline\{closure}(Object(Illuminate\Http\Request))
#60 /var/www/dev/pgrs/laravel/vendor/laravel/framework/src/Illuminate/Pipeline/Pipeline.php(103): call_user_func(Object(Closure), Object(Illuminate\Http\Request))
#61 /var/www/dev/pgrs/laravel/vendor/laravel/framework/src/Illuminate/Foundation/Http/Kernel.php(118): Illuminate\Pipeline\Pipeline->then(Object(Closure))
#62 /var/www/dev/pgrs/laravel/vendor/laravel/framework/src/Illuminate/Foundation/Http/Kernel.php(86): Illuminate\Foundation\Http\Kernel->sendRequestThroughRouter(Object(Illuminate\Http\Request))
#63 /var/www/dev/pgrs/laravel/public/index.php(54): Illuminate\Foundation\Http\Kernel->handle(Object(Illuminate\Http\Request))
#64 {main}

Next exception 'Illuminate\Database\QueryException' with message 'SQLSTATE[42S02]: Base table or view not found: 1146 Table 'pgrs.award_types' doesn't exist (SQL: select * from `award_types` where `award_types`.`id` = 3 limit 1)' in /var/www/dev/pgrs/laravel/vendor/laravel/framework/src/Illuminate/Database/Connection.php:629
Stack trace:
#0 /var/www/dev/pgrs/laravel/vendor/laravel/framework/src/Illuminate/Database/Connection.php(589): Illuminate\Database\Connection->runQueryCallback('select * from `...', Array, Object(Closure))
#1 /var/www/dev/pgrs/laravel/vendor/laravel/framework/src/Illuminate/Database/Connection.php(312): Illuminate\Database\Connection->run('select * from `...', Array, Object(Closure))
#2 /var/www/dev/pgrs/laravel/vendor/laravel/framework/src/Illuminate/Database/Query/Builder.php(1377): Illuminate\Database\Connection->select('select * from `...', Array, true)
#3 /var/www/dev/pgrs/laravel/vendor/laravel/framework/src/Illuminate/Database/Query/Builder.php(1367): Illuminate\Database\Query\Builder->runSelect()
#4 /var/www/dev/pgrs/laravel/vendor/laravel/framework/src/Illuminate/Database/Query/Builder.php(1352): Illuminate\Database\Query\Builder->getFresh(Array)
#5 /var/www/dev/pgrs/laravel/vendor/laravel/framework/src/Illuminate/Database/Eloquent/Builder.php(402): Illuminate\Database\Query\Builder->get(Array)
#6 /var/www/dev/pgrs/laravel/vendor/laravel/framework/src/Illuminate/Database/Eloquent/Builder.php(166): Illuminate\Database\Eloquent\Builder->getModels(Array)
#7 /var/www/dev/pgrs/laravel/vendor/laravel/framework/src/Illuminate/Database/Eloquent/Builder.php(138): Illuminate\Database\Eloquent\Builder->get(Array)
#8 /var/www/dev/pgrs/laravel/vendor/laravel/framework/src/Illuminate/Database/Eloquent/Relations/BelongsTo.php(59): Illuminate\Database\Eloquent\Builder->first()
#9 /var/www/dev/pgrs/laravel/vendor/laravel/framework/src/Illuminate/Database/Eloquent/Model.php(2628): Illuminate\Database\Eloquent\Relations\BelongsTo->getResults()
#10 /var/www/dev/pgrs/laravel/vendor/laravel/framework/src/Illuminate/Database/Eloquent/Model.php(2594): Illuminate\Database\Eloquent\Model->getRelationshipFromMethod('award_type')
#11 /var/www/dev/pgrs/laravel/vendor/laravel/framework/src/Illuminate/Database/Eloquent/Model.php(2536): Illuminate\Database\Eloquent\Model->getRelationValue('award_type')
#12 /var/www/dev/pgrs/laravel/vendor/laravel/framework/src/Illuminate/Database/Eloquent/Model.php(3253): Illuminate\Database\Eloquent\Model->getAttribute('award_type')
#13 /var/www/dev/pgrs/laravel/storage/framework/views/ba5f628a520d4535df27958267e8cfd1(32): Illuminate\Database\Eloquent\Model->__get('award_type')
#14 /var/www/dev/pgrs/laravel/vendor/laravel/framework/src/Illuminate/View/Engines/PhpEngine.php(40): include('/var/www/dev/pg...')
#15 /var/www/dev/pgrs/laravel/vendor/laravel/framework/src/Illuminate/View/Engines/CompilerEngine.php(58): Illuminate\View\Engines\PhpEngine->evaluatePath('/var/www/dev/pg...', Array)
#16 /var/www/dev/pgrs/laravel/vendor/laravel/framework/src/Illuminate/View/View.php(137): Illuminate\View\Engines\CompilerEngine->get('/var/www/dev/pg...', Array)
#17 /var/www/dev/pgrs/laravel/vendor/laravel/framework/src/Illuminate/View/View.php(106): Illuminate\View\View->getContents()
#18 /var/www/dev/pgrs/laravel/vendor/laravel/framework/src/Illuminate/View/View.php(80): Illuminate\View\View->renderContents()
#19 /var/www/dev/pgrs/laravel/vendor/laravel/framework/src/Illuminate/Http/Response.php(51): Illuminate\View\View->render()
#20 /var/www/dev/pgrs/laravel/vendor/symfony/http-foundation/Response.php(202): Illuminate\Http\Response->setContent(Object(Illuminate\View\View))
#21 /var/www/dev/pgrs/laravel/vendor/laravel/framework/src/Illuminate/Routing/Router.php(1223): Symfony\Component\HttpFoundation\Response->__construct(Object(Illuminate\View\View))
#22 /var/www/dev/pgrs/laravel/vendor/laravel/framework/src/Illuminate/Routing/ControllerDispatcher.php(112): Illuminate\Routing\Router->prepareResponse(Object(Illuminate\Http\Request), Object(Illuminate\View\View))
#23 [internal function]: Illuminate\Routing\ControllerDispatcher->Illuminate\Routing\{closure}(Object(Illuminate\Http\Request))
#24 /var/www/dev/pgrs/laravel/vendor/laravel/framework/src/Illuminate/Pipeline/Pipeline.php(139): call_user_func(Object(Closure), Object(Illuminate\Http\Request))
#25 [internal function]: Illuminate\Pipeline\Pipeline->Illuminate\Pipeline\{closure}(Object(Illuminate\Http\Request))
#26 /var/www/dev/pgrs/laravel/vendor/laravel/framework/src/Illuminate/Pipeline/Pipeline.php(103): call_user_func(Object(Closure), Object(Illuminate\Http\Request))
#27 /var/www/dev/pgrs/laravel/vendor/laravel/framework/src/Illuminate/Routing/ControllerDispatcher.php(113): Illuminate\Pipeline\Pipeline->then(Object(Closure))
#28 /var/www/dev/pgrs/laravel/vendor/laravel/framework/src/Illuminate/Routing/ControllerDispatcher.php(68): Illuminate\Routing\ControllerDispatcher->callWithinStack(Object(App\Http\Controllers\StudentsController), Object(Illuminate\Routing\Route), Object(Illuminate\Http\Request), 'index')
#29 /var/www/dev/pgrs/laravel/vendor/laravel/framework/src/Illuminate/Routing/Route.php(198): Illuminate\Routing\ControllerDispatcher->dispatch(Object(Illuminate\Routing\Route), Object(Illuminate\Http\Request), 'App\Http\Contro...', 'index')
#30 /var/www/dev/pgrs/laravel/vendor/laravel/framework/src/Illuminate/Routing/Route.php(131): Illuminate\Routing\Route->runWithCustomDispatcher(Object(Illuminate\Http\Request))
#31 /var/www/dev/pgrs/laravel/vendor/laravel/framework/src/Illuminate/Routing/Router.php(702): Illuminate\Routing\Route->run(Object(Illuminate\Http\Request))
#32 [internal function]: Illuminate\Routing\Router->Illuminate\Routing\{closure}(Object(Illuminate\Http\Request))
#33 /var/www/dev/pgrs/laravel/vendor/laravel/framework/src/Illuminate/Pipeline/Pipeline.php(139): call_user_func(Object(Closure), Object(Illuminate\Http\Request))
#34 [internal function]: Illuminate\Pipeline\Pipeline->Illuminate\Pipeline\{closure}(Object(Illuminate\Http\Request))
#35 /var/www/dev/pgrs/laravel/vendor/laravel/framework/src/Illuminate/Pipeline/Pipeline.php(103): call_user_func(Object(Closure), Object(Illuminate\Http\Request))
#36 /var/www/dev/pgrs/laravel/vendor/laravel/framework/src/Illuminate/Routing/Router.php(704): Illuminate\Pipeline\Pipeline->then(Object(Closure))
#37 /var/www/dev/pgrs/laravel/vendor/laravel/framework/src/Illuminate/Routing/Router.php(669): Illuminate\Routing\Router->runRouteWithinStack(Object(Illuminate\Routing\Route), Object(Illuminate\Http\Request))
#38 /var/www/dev/pgrs/laravel/vendor/laravel/framework/src/Illuminate/Routing/Router.php(629): Illuminate\Routing\Router->dispatchToRoute(Object(Illuminate\Http\Request))
#39 /var/www/dev/pgrs/laravel/vendor/laravel/framework/src/Illuminate/Foundation/Http/Kernel.php(229): Illuminate\Routing\Router->dispatch(Object(Illuminate\Http\Request))
#40 [internal function]: Illuminate\Foundation\Http\Kernel->Illuminate\Foundation\Http\{closure}(Object(Illuminate\Http\Request))
#41 /var/www/dev/pgrs/laravel/vendor/laravel/framework/src/Illuminate/Pipeline/Pipeline.php(139): call_user_func(Object(Closure), Object(Illuminate\Http\Request))
#42 /var/www/dev/pgrs/laravel/vendor/laravel/framework/src/Illuminate/View/Middleware/ShareErrorsFromSession.php(54): Illuminate\Pipeline\Pipeline->Illuminate\Pipeline\{closure}(Object(Illuminate\Http\Request))
#43 [internal function]: Illuminate\View\Middleware\ShareErrorsFromSession->handle(Object(Illuminate\Http\Request), Object(Closure))
#44 /var/www/dev/pgrs/laravel/vendor/laravel/framework/src/Illuminate/Pipeline/Pipeline.php(124): call_user_func_array(Array, Array)
#45 /var/www/dev/pgrs/laravel/vendor/laravel/framework/src/Illuminate/Session/Middleware/StartSession.php(61): Illuminate\Pipeline\Pipeline->Illuminate\Pipeline\{closure}(Object(Illuminate\Http\Request))
#46 [internal function]: Illuminate\Session\Middleware\StartSession->handle(Object(Illuminate\Http\Request), Object(Closure))
#47 /var/www/dev/pgrs/laravel/vendor/laravel/framework/src/Illuminate/Pipeline/Pipeline.php(124): call_user_func_array(Array, Array)
#48 /var/www/dev/pgrs/laravel/vendor/laravel/framework/src/Illuminate/Cookie/Middleware/AddQueuedCookiesToResponse.php(37): Illuminate\Pipeline\Pipeline->Illuminate\Pipeline\{closure}(Object(Illuminate\Http\Request))
#49 [internal function]: Illuminate\Cookie\Middleware\AddQueuedCookiesToResponse->handle(Object(Illuminate\Http\Request), Object(Closure))
#50 /var/www/dev/pgrs/laravel/vendor/laravel/framework/src/Illuminate/Pipeline/Pipeline.php(124): call_user_func_array(Array, Array)
#51 /var/www/dev/pgrs/laravel/vendor/laravel/framework/src/Illuminate/Cookie/Middleware/EncryptCookies.php(59): Illuminate\Pipeline\Pipeline->Illuminate\Pipeline\{closure}(Object(Illuminate\Http\Request))
#52 [internal function]: Illuminate\Cookie\Middleware\EncryptCookies->handle(Object(Illuminate\Http\Request), Object(Closure))
#53 /var/www/dev/pgrs/laravel/vendor/laravel/framework/src/Illuminate/Pipeline/Pipeline.php(124): call_user_func_array(Array, Array)
#54 /var/www/dev/pgrs/laravel/vendor/laravel/framework/src/Illuminate/Foundation/Http/Middleware/CheckForMaintenanceMode.php(42): Illuminate\Pipeline\Pipeline->Illuminate\Pipeline\{closure}(Object(Illuminate\Http\Request))
#55 [internal function]: Illuminate\Foundation\Http\Middleware\CheckForMaintenanceMode->handle(Object(Illuminate\Http\Request), Object(Closure))
#56 /var/www/dev/pgrs/laravel/vendor/laravel/framework/src/Illuminate/Pipeline/Pipeline.php(124): call_user_func_array(Array, Array)
#57 [internal function]: Illuminate\Pipeline\Pipeline->Illuminate\Pipeline\{closure}(Object(Illuminate\Http\Request))
#58 /var/www/dev/pgrs/laravel/vendor/laravel/framework/src/Illuminate/Pipeline/Pipeline.php(103): call_user_func(Object(Closure), Object(Illuminate\Http\Request))
#59 /var/www/dev/pgrs/laravel/vendor/laravel/framework/src/Illuminate/Foundation/Http/Kernel.php(118): Illuminate\Pipeline\Pipeline->then(Object(Closure))
#60 /var/www/dev/pgrs/laravel/vendor/laravel/framework/src/Illuminate/Foundation/Http/Kernel.php(86): Illuminate\Foundation\Http\Kernel->sendRequestThroughRouter(Object(Illuminate\Http\Request))
#61 /var/www/dev/pgrs/laravel/public/index.php(54): Illuminate\Foundation\Http\Kernel->handle(Object(Illuminate\Http\Request))
#62 {main}

Next exception 'ErrorException' with message 'SQLSTATE[42S02]: Base table or view not found: 1146 Table 'pgrs.award_types' doesn't exist (SQL: select * from `award_types` where `award_types`.`id` = 3 limit 1) (View: /var/www/dev/pgrs/laravel/resources/views/staff/pages/students/index.blade.php)' in /var/www/dev/pgrs/laravel/vendor/laravel/framework/src/Illuminate/Database/Connection.php:629
Stack trace:
#0 /var/www/dev/pgrs/laravel/vendor/laravel/framework/src/Illuminate/View/Engines/PhpEngine.php(42): Illuminate\View\Engines\CompilerEngine->handleViewException(Object(Illuminate\Database\QueryException), 1)
#1 /var/www/dev/pgrs/laravel/vendor/laravel/framework/src/Illuminate/View/Engines/CompilerEngine.php(58): Illuminate\View\Engines\PhpEngine->evaluatePath('/var/www/dev/pg...', Array)
#2 /var/www/dev/pgrs/laravel/vendor/laravel/framework/src/Illuminate/View/View.php(137): Illuminate\View\Engines\CompilerEngine->get('/var/www/dev/pg...', Array)
#3 /var/www/dev/pgrs/laravel/vendor/laravel/framework/src/Illuminate/View/View.php(106): Illuminate\View\View->getContents()
#4 /var/www/dev/pgrs/laravel/vendor/laravel/framework/src/Illuminate/View/View.php(80): Illuminate\View\View->renderContents()
#5 /var/www/dev/pgrs/laravel/vendor/laravel/framework/src/Illuminate/Http/Response.php(51): Illuminate\View\View->render()
#6 /var/www/dev/pgrs/laravel/vendor/symfony/http-foundation/Response.php(202): Illuminate\Http\Response->setContent(Object(Illuminate\View\View))
#7 /var/www/dev/pgrs/laravel/vendor/laravel/framework/src/Illuminate/Routing/Router.php(1223): Symfony\Component\HttpFoundation\Response->__construct(Object(Illuminate\View\View))
#8 /var/www/dev/pgrs/laravel/vendor/laravel/framework/src/Illuminate/Routing/ControllerDispatcher.php(112): Illuminate\Routing\Router->prepareResponse(Object(Illuminate\Http\Request), Object(Illuminate\View\View))
#9 [internal function]: Illuminate\Routing\ControllerDispatcher->Illuminate\Routing\{closure}(Object(Illuminate\Http\Request))
#10 /var/www/dev/pgrs/laravel/vendor/laravel/framework/src/Illuminate/Pipeline/Pipeline.php(139): call_user_func(Object(Closure), Object(Illuminate\Http\Request))
#11 [internal function]: Illuminate\Pipeline\Pipeline->Illuminate\Pipeline\{closure}(Object(Illuminate\Http\Request))
#12 /var/www/dev/pgrs/laravel/vendor/laravel/framework/src/Illuminate/Pipeline/Pipeline.php(103): call_user_func(Object(Closure), Object(Illuminate\Http\Request))
#13 /var/www/dev/pgrs/laravel/vendor/laravel/framework/src/Illuminate/Routing/ControllerDispatcher.php(113): Illuminate\Pipeline\Pipeline->then(Object(Closure))
#14 /var/www/dev/pgrs/laravel/vendor/laravel/framework/src/Illuminate/Routing/ControllerDispatcher.php(68): Illuminate\Routing\ControllerDispatcher->callWithinStack(Object(App\Http\Controllers\StudentsController), Object(Illuminate\Routing\Route), Object(Illuminate\Http\Request), 'index')
#15 /var/www/dev/pgrs/laravel/vendor/laravel/framework/src/Illuminate/Routing/Route.php(198): Illuminate\Routing\ControllerDispatcher->dispatch(Object(Illuminate\Routing\Route), Object(Illuminate\Http\Request), 'App\Http\Contro...', 'index')
#16 /var/www/dev/pgrs/laravel/vendor/laravel/framework/src/Illuminate/Routing/Route.php(131): Illuminate\Routing\Route->runWithCustomDispatcher(Object(Illuminate\Http\Request))
#17 /var/www/dev/pgrs/laravel/vendor/laravel/framework/src/Illuminate/Routing/Router.php(702): Illuminate\Routing\Route->run(Object(Illuminate\Http\Request))
#18 [internal function]: Illuminate\Routing\Router->Illuminate\Routing\{closure}(Object(Illuminate\Http\Request))
#19 /var/www/dev/pgrs/laravel/vendor/laravel/framework/src/Illuminate/Pipeline/Pipeline.php(139): call_user_func(Object(Closure), Object(Illuminate\Http\Request))
#20 [internal function]: Illuminate\Pipeline\Pipeline->Illuminate\Pipeline\{closure}(Object(Illuminate\Http\Request))
#21 /var/www/dev/pgrs/laravel/vendor/laravel/framework/src/Illuminate/Pipeline/Pipeline.php(103): call_user_func(Object(Closure), Object(Illuminate\Http\Request))
#22 /var/www/dev/pgrs/laravel/vendor/laravel/framework/src/Illuminate/Routing/Router.php(704): Illuminate\Pipeline\Pipeline->then(Object(Closure))
#23 /var/www/dev/pgrs/laravel/vendor/laravel/framework/src/Illuminate/Routing/Router.php(669): Illuminate\Routing\Router->runRouteWithinStack(Object(Illuminate\Routing\Route), Object(Illuminate\Http\Request))
#24 /var/www/dev/pgrs/laravel/vendor/laravel/framework/src/Illuminate/Routing/Router.php(629): Illuminate\Routing\Router->dispatchToRoute(Object(Illuminate\Http\Request))
#25 /var/www/dev/pgrs/laravel/vendor/laravel/framework/src/Illuminate/Foundation/Http/Kernel.php(229): Illuminate\Routing\Router->dispatch(Object(Illuminate\Http\Request))
#26 [internal function]: Illuminate\Foundation\Http\Kernel->Illuminate\Foundation\Http\{closure}(Object(Illuminate\Http\Request))
#27 /var/www/dev/pgrs/laravel/vendor/laravel/framework/src/Illuminate/Pipeline/Pipeline.php(139): call_user_func(Object(Closure), Object(Illuminate\Http\Request))
#28 /var/www/dev/pgrs/laravel/vendor/laravel/framework/src/Illuminate/View/Middleware/ShareErrorsFromSession.php(54): Illuminate\Pipeline\Pipeline->Illuminate\Pipeline\{closure}(Object(Illuminate\Http\Request))
#29 [internal function]: Illuminate\View\Middleware\ShareErrorsFromSession->handle(Object(Illuminate\Http\Request), Object(Closure))
#30 /var/www/dev/pgrs/laravel/vendor/laravel/framework/src/Illuminate/Pipeline/Pipeline.php(124): call_user_func_array(Array, Array)
#31 /var/www/dev/pgrs/laravel/vendor/laravel/framework/src/Illuminate/Session/Middleware/StartSession.php(61): Illuminate\Pipeline\Pipeline->Illuminate\Pipeline\{closure}(Object(Illuminate\Http\Request))
#32 [internal function]: Illuminate\Session\Middleware\StartSession->handle(Object(Illuminate\Http\Request), Object(Closure))
#33 /var/www/dev/pgrs/laravel/vendor/laravel/framework/src/Illuminate/Pipeline/Pipeline.php(124): call_user_func_array(Array, Array)
#34 /var/www/dev/pgrs/laravel/vendor/laravel/framework/src/Illuminate/Cookie/Middleware/AddQueuedCookiesToResponse.php(37): Illuminate\Pipeline\Pipeline->Illuminate\Pipeline\{closure}(Object(Illuminate\Http\Request))
#35 [internal function]: Illuminate\Cookie\Middleware\AddQueuedCookiesToResponse->handle(Object(Illuminate\Http\Request), Object(Closure))
#36 /var/www/dev/pgrs/laravel/vendor/laravel/framework/src/Illuminate/Pipeline/Pipeline.php(124): call_user_func_array(Array, Array)
#37 /var/www/dev/pgrs/laravel/vendor/laravel/framework/src/Illuminate/Cookie/Middleware/EncryptCookies.php(59): Illuminate\Pipeline\Pipeline->Illuminate\Pipeline\{closure}(Object(Illuminate\Http\Request))
#38 [internal function]: Illuminate\Cookie\Middleware\EncryptCookies->handle(Object(Illuminate\Http\Request), Object(Closure))
#39 /var/www/dev/pgrs/laravel/vendor/laravel/framework/src/Illuminate/Pipeline/Pipeline.php(124): call_user_func_array(Array, Array)
#40 /var/www/dev/pgrs/laravel/vendor/laravel/framework/src/Illuminate/Foundation/Http/Middleware/CheckForMaintenanceMode.php(42): Illuminate\Pipeline\Pipeline->Illuminate\Pipeline\{closure}(Object(Illuminate\Http\Request))
#41 [internal function]: Illuminate\Foundation\Http\Middleware\CheckForMaintenanceMode->handle(Object(Illuminate\Http\Request), Object(Closure))
#42 /var/www/dev/pgrs/laravel/vendor/laravel/framework/src/Illuminate/Pipeline/Pipeline.php(124): call_user_func_array(Array, Array)
#43 [internal function]: Illuminate\Pipeline\Pipeline->Illuminate\Pipeline\{closure}(Object(Illuminate\Http\Request))
#44 /var/www/dev/pgrs/laravel/vendor/laravel/framework/src/Illuminate/Pipeline/Pipeline.php(103): call_user_func(Object(Closure), Object(Illuminate\Http\Request))
#45 /var/www/dev/pgrs/laravel/vendor/laravel/framework/src/Illuminate/Foundation/Http/Kernel.php(118): Illuminate\Pipeline\Pipeline->then(Object(Closure))
#46 /var/www/dev/pgrs/laravel/vendor/laravel/framework/src/Illuminate/Foundation/Http/Kernel.php(86): Illuminate\Foundation\Http\Kernel->sendRequestThroughRouter(Object(Illuminate\Http\Request))
#47 /var/www/dev/pgrs/laravel/public/index.php(54): Illuminate\Foundation\Http\Kernel->handle(Object(Illuminate\Http\Request))
#48 {main}  
[2015-06-23 19:57:29] local.ERROR: exception 'PDOException' with message 'SQLSTATE[42S02]: Base table or view not found: 1146 Table 'pgrs.absence_type' doesn't exist' in /var/www/dev/pgrs/laravel/vendor/laravel/framework/src/Illuminate/Database/Connection.php:307
Stack trace:
#0 /var/www/dev/pgrs/laravel/vendor/laravel/framework/src/Illuminate/Database/Connection.php(307): PDO->prepare('select * from `...')
#1 /var/www/dev/pgrs/laravel/vendor/laravel/framework/src/Illuminate/Database/Connection.php(622): Illuminate\Database\Connection->Illuminate\Database\{closure}(Object(Illuminate\Database\MySqlConnection), 'select * from `...', Array)
#2 /var/www/dev/pgrs/laravel/vendor/laravel/framework/src/Illuminate/Database/Connection.php(589): Illuminate\Database\Connection->runQueryCallback('select * from `...', Array, Object(Closure))
#3 /var/www/dev/pgrs/laravel/vendor/laravel/framework/src/Illuminate/Database/Connection.php(312): Illuminate\Database\Connection->run('select * from `...', Array, Object(Closure))
#4 /var/www/dev/pgrs/laravel/vendor/laravel/framework/src/Illuminate/Database/Query/Builder.php(1377): Illuminate\Database\Connection->select('select * from `...', Array, true)
#5 /var/www/dev/pgrs/laravel/vendor/laravel/framework/src/Illuminate/Database/Query/Builder.php(1367): Illuminate\Database\Query\Builder->runSelect()
#6 /var/www/dev/pgrs/laravel/vendor/laravel/framework/src/Illuminate/Database/Query/Builder.php(1352): Illuminate\Database\Query\Builder->getFresh(Array)
#7 /var/www/dev/pgrs/laravel/vendor/laravel/framework/src/Illuminate/Database/Eloquent/Builder.php(402): Illuminate\Database\Query\Builder->get(Array)
#8 /var/www/dev/pgrs/laravel/vendor/laravel/framework/src/Illuminate/Database/Eloquent/Builder.php(166): Illuminate\Database\Eloquent\Builder->getModels(Array)
#9 /var/www/dev/pgrs/laravel/vendor/laravel/framework/src/Illuminate/Database/Eloquent/Model.php(646): Illuminate\Database\Eloquent\Builder->get(Array)
#10 /var/www/dev/pgrs/laravel/app/Http/Controllers/AbsenceTypeController.php(20): Illuminate\Database\Eloquent\Model::all()
#11 [internal function]: App\Http\Controllers\AbsenceTypeController->index()
#12 /var/www/dev/pgrs/laravel/vendor/laravel/framework/src/Illuminate/Routing/Controller.php(255): call_user_func_array(Array, Array)
#13 /var/www/dev/pgrs/laravel/vendor/laravel/framework/src/Illuminate/Routing/ControllerDispatcher.php(163): Illuminate\Routing\Controller->callAction('index', Array)
#14 /var/www/dev/pgrs/laravel/vendor/laravel/framework/src/Illuminate/Routing/ControllerDispatcher.php(111): Illuminate\Routing\ControllerDispatcher->call(Object(App\Http\Controllers\AbsenceTypeController), Object(Illuminate\Routing\Route), 'index')
#15 [internal function]: Illuminate\Routing\ControllerDispatcher->Illuminate\Routing\{closure}(Object(Illuminate\Http\Request))
#16 /var/www/dev/pgrs/laravel/vendor/laravel/framework/src/Illuminate/Pipeline/Pipeline.php(139): call_user_func(Object(Closure), Object(Illuminate\Http\Request))
#17 [internal function]: Illuminate\Pipeline\Pipeline->Illuminate\Pipeline\{closure}(Object(Illuminate\Http\Request))
#18 /var/www/dev/pgrs/laravel/vendor/laravel/framework/src/Illuminate/Pipeline/Pipeline.php(103): call_user_func(Object(Closure), Object(Illuminate\Http\Request))
#19 /var/www/dev/pgrs/laravel/vendor/laravel/framework/src/Illuminate/Routing/ControllerDispatcher.php(113): Illuminate\Pipeline\Pipeline->then(Object(Closure))
#20 /var/www/dev/pgrs/laravel/vendor/laravel/framework/src/Illuminate/Routing/ControllerDispatcher.php(68): Illuminate\Routing\ControllerDispatcher->callWithinStack(Object(App\Http\Controllers\AbsenceTypeController), Object(Illuminate\Routing\Route), Object(Illuminate\Http\Request), 'index')
#21 /var/www/dev/pgrs/laravel/vendor/laravel/framework/src/Illuminate/Routing/Route.php(198): Illuminate\Routing\ControllerDispatcher->dispatch(Object(Illuminate\Routing\Route), Object(Illuminate\Http\Request), 'App\Http\Contro...', 'index')
#22 /var/www/dev/pgrs/laravel/vendor/laravel/framework/src/Illuminate/Routing/Route.php(131): Illuminate\Routing\Route->runWithCustomDispatcher(Object(Illuminate\Http\Request))
#23 /var/www/dev/pgrs/laravel/vendor/laravel/framework/src/Illuminate/Routing/Router.php(702): Illuminate\Routing\Route->run(Object(Illuminate\Http\Request))
#24 [internal function]: Illuminate\Routing\Router->Illuminate\Routing\{closure}(Object(Illuminate\Http\Request))
#25 /var/www/dev/pgrs/laravel/vendor/laravel/framework/src/Illuminate/Pipeline/Pipeline.php(139): call_user_func(Object(Closure), Object(Illuminate\Http\Request))
#26 [internal function]: Illuminate\Pipeline\Pipeline->Illuminate\Pipeline\{closure}(Object(Illuminate\Http\Request))
#27 /var/www/dev/pgrs/laravel/vendor/laravel/framework/src/Illuminate/Pipeline/Pipeline.php(103): call_user_func(Object(Closure), Object(Illuminate\Http\Request))
#28 /var/www/dev/pgrs/laravel/vendor/laravel/framework/src/Illuminate/Routing/Router.php(704): Illuminate\Pipeline\Pipeline->then(Object(Closure))
#29 /var/www/dev/pgrs/laravel/vendor/laravel/framework/src/Illuminate/Routing/Router.php(669): Illuminate\Routing\Router->runRouteWithinStack(Object(Illuminate\Routing\Route), Object(Illuminate\Http\Request))
#30 /var/www/dev/pgrs/laravel/vendor/laravel/framework/src/Illuminate/Routing/Router.php(629): Illuminate\Routing\Router->dispatchToRoute(Object(Illuminate\Http\Request))
#31 /var/www/dev/pgrs/laravel/vendor/laravel/framework/src/Illuminate/Foundation/Http/Kernel.php(229): Illuminate\Routing\Router->dispatch(Object(Illuminate\Http\Request))
#32 [internal function]: Illuminate\Foundation\Http\Kernel->Illuminate\Foundation\Http\{closure}(Object(Illuminate\Http\Request))
#33 /var/www/dev/pgrs/laravel/vendor/laravel/framework/src/Illuminate/Pipeline/Pipeline.php(139): call_user_func(Object(Closure), Object(Illuminate\Http\Request))
#34 /var/www/dev/pgrs/laravel/vendor/laravel/framework/src/Illuminate/View/Middleware/ShareErrorsFromSession.php(54): Illuminate\Pipeline\Pipeline->Illuminate\Pipeline\{closure}(Object(Illuminate\Http\Request))
#35 [internal function]: Illuminate\View\Middleware\ShareErrorsFromSession->handle(Object(Illuminate\Http\Request), Object(Closure))
#36 /var/www/dev/pgrs/laravel/vendor/laravel/framework/src/Illuminate/Pipeline/Pipeline.php(124): call_user_func_array(Array, Array)
#37 /var/www/dev/pgrs/laravel/vendor/laravel/framework/src/Illuminate/Session/Middleware/StartSession.php(61): Illuminate\Pipeline\Pipeline->Illuminate\Pipeline\{closure}(Object(Illuminate\Http\Request))
#38 [internal function]: Illuminate\Session\Middleware\StartSession->handle(Object(Illuminate\Http\Request), Object(Closure))
#39 /var/www/dev/pgrs/laravel/vendor/laravel/framework/src/Illuminate/Pipeline/Pipeline.php(124): call_user_func_array(Array, Array)
#40 /var/www/dev/pgrs/laravel/vendor/laravel/framework/src/Illuminate/Cookie/Middleware/AddQueuedCookiesToResponse.php(37): Illuminate\Pipeline\Pipeline->Illuminate\Pipeline\{closure}(Object(Illuminate\Http\Request))
#41 [internal function]: Illuminate\Cookie\Middleware\AddQueuedCookiesToResponse->handle(Object(Illuminate\Http\Request), Object(Closure))
#42 /var/www/dev/pgrs/laravel/vendor/laravel/framework/src/Illuminate/Pipeline/Pipeline.php(124): call_user_func_array(Array, Array)
#43 /var/www/dev/pgrs/laravel/vendor/laravel/framework/src/Illuminate/Cookie/Middleware/EncryptCookies.php(59): Illuminate\Pipeline\Pipeline->Illuminate\Pipeline\{closure}(Object(Illuminate\Http\Request))
#44 [internal function]: Illuminate\Cookie\Middleware\EncryptCookies->handle(Object(Illuminate\Http\Request), Object(Closure))
#45 /var/www/dev/pgrs/laravel/vendor/laravel/framework/src/Illuminate/Pipeline/Pipeline.php(124): call_user_func_array(Array, Array)
#46 /var/www/dev/pgrs/laravel/vendor/laravel/framework/src/Illuminate/Foundation/Http/Middleware/CheckForMaintenanceMode.php(42): Illuminate\Pipeline\Pipeline->Illuminate\Pipeline\{closure}(Object(Illuminate\Http\Request))
#47 [internal function]: Illuminate\Foundation\Http\Middleware\CheckForMaintenanceMode->handle(Object(Illuminate\Http\Request), Object(Closure))
#48 /var/www/dev/pgrs/laravel/vendor/laravel/framework/src/Illuminate/Pipeline/Pipeline.php(124): call_user_func_array(Array, Array)
#49 [internal function]: Illuminate\Pipeline\Pipeline->Illuminate\Pipeline\{closure}(Object(Illuminate\Http\Request))
#50 /var/www/dev/pgrs/laravel/vendor/laravel/framework/src/Illuminate/Pipeline/Pipeline.php(103): call_user_func(Object(Closure), Object(Illuminate\Http\Request))
#51 /var/www/dev/pgrs/laravel/vendor/laravel/framework/src/Illuminate/Foundation/Http/Kernel.php(118): Illuminate\Pipeline\Pipeline->then(Object(Closure))
#52 /var/www/dev/pgrs/laravel/vendor/laravel/framework/src/Illuminate/Foundation/Http/Kernel.php(86): Illuminate\Foundation\Http\Kernel->sendRequestThroughRouter(Object(Illuminate\Http\Request))
#53 /var/www/dev/pgrs/laravel/public/index.php(54): Illuminate\Foundation\Http\Kernel->handle(Object(Illuminate\Http\Request))
#54 {main}

Next exception 'Illuminate\Database\QueryException' with message 'SQLSTATE[42S02]: Base table or view not found: 1146 Table 'pgrs.absence_type' doesn't exist (SQL: select * from `absence_type`)' in /var/www/dev/pgrs/laravel/vendor/laravel/framework/src/Illuminate/Database/Connection.php:629
Stack trace:
#0 /var/www/dev/pgrs/laravel/vendor/laravel/framework/src/Illuminate/Database/Connection.php(589): Illuminate\Database\Connection->runQueryCallback('select * from `...', Array, Object(Closure))
#1 /var/www/dev/pgrs/laravel/vendor/laravel/framework/src/Illuminate/Database/Connection.php(312): Illuminate\Database\Connection->run('select * from `...', Array, Object(Closure))
#2 /var/www/dev/pgrs/laravel/vendor/laravel/framework/src/Illuminate/Database/Query/Builder.php(1377): Illuminate\Database\Connection->select('select * from `...', Array, true)
#3 /var/www/dev/pgrs/laravel/vendor/laravel/framework/src/Illuminate/Database/Query/Builder.php(1367): Illuminate\Database\Query\Builder->runSelect()
#4 /var/www/dev/pgrs/laravel/vendor/laravel/framework/src/Illuminate/Database/Query/Builder.php(1352): Illuminate\Database\Query\Builder->getFresh(Array)
#5 /var/www/dev/pgrs/laravel/vendor/laravel/framework/src/Illuminate/Database/Eloquent/Builder.php(402): Illuminate\Database\Query\Builder->get(Array)
#6 /var/www/dev/pgrs/laravel/vendor/laravel/framework/src/Illuminate/Database/Eloquent/Builder.php(166): Illuminate\Database\Eloquent\Builder->getModels(Array)
#7 /var/www/dev/pgrs/laravel/vendor/laravel/framework/src/Illuminate/Database/Eloquent/Model.php(646): Illuminate\Database\Eloquent\Builder->get(Array)
#8 /var/www/dev/pgrs/laravel/app/Http/Controllers/AbsenceTypeController.php(20): Illuminate\Database\Eloquent\Model::all()
#9 [internal function]: App\Http\Controllers\AbsenceTypeController->index()
#10 /var/www/dev/pgrs/laravel/vendor/laravel/framework/src/Illuminate/Routing/Controller.php(255): call_user_func_array(Array, Array)
#11 /var/www/dev/pgrs/laravel/vendor/laravel/framework/src/Illuminate/Routing/ControllerDispatcher.php(163): Illuminate\Routing\Controller->callAction('index', Array)
#12 /var/www/dev/pgrs/laravel/vendor/laravel/framework/src/Illuminate/Routing/ControllerDispatcher.php(111): Illuminate\Routing\ControllerDispatcher->call(Object(App\Http\Controllers\AbsenceTypeController), Object(Illuminate\Routing\Route), 'index')
#13 [internal function]: Illuminate\Routing\ControllerDispatcher->Illuminate\Routing\{closure}(Object(Illuminate\Http\Request))
#14 /var/www/dev/pgrs/laravel/vendor/laravel/framework/src/Illuminate/Pipeline/Pipeline.php(139): call_user_func(Object(Closure), Object(Illuminate\Http\Request))
#15 [internal function]: Illuminate\Pipeline\Pipeline->Illuminate\Pipeline\{closure}(Object(Illuminate\Http\Request))
#16 /var/www/dev/pgrs/laravel/vendor/laravel/framework/src/Illuminate/Pipeline/Pipeline.php(103): call_user_func(Object(Closure), Object(Illuminate\Http\Request))
#17 /var/www/dev/pgrs/laravel/vendor/laravel/framework/src/Illuminate/Routing/ControllerDispatcher.php(113): Illuminate\Pipeline\Pipeline->then(Object(Closure))
#18 /var/www/dev/pgrs/laravel/vendor/laravel/framework/src/Illuminate/Routing/ControllerDispatcher.php(68): Illuminate\Routing\ControllerDispatcher->callWithinStack(Object(App\Http\Controllers\AbsenceTypeController), Object(Illuminate\Routing\Route), Object(Illuminate\Http\Request), 'index')
#19 /var/www/dev/pgrs/laravel/vendor/laravel/framework/src/Illuminate/Routing/Route.php(198): Illuminate\Routing\ControllerDispatcher->dispatch(Object(Illuminate\Routing\Route), Object(Illuminate\Http\Request), 'App\Http\Contro...', 'index')
#20 /var/www/dev/pgrs/laravel/vendor/laravel/framework/src/Illuminate/Routing/Route.php(131): Illuminate\Routing\Route->runWithCustomDispatcher(Object(Illuminate\Http\Request))
#21 /var/www/dev/pgrs/laravel/vendor/laravel/framework/src/Illuminate/Routing/Router.php(702): Illuminate\Routing\Route->run(Object(Illuminate\Http\Request))
#22 [internal function]: Illuminate\Routing\Router->Illuminate\Routing\{closure}(Object(Illuminate\Http\Request))
#23 /var/www/dev/pgrs/laravel/vendor/laravel/framework/src/Illuminate/Pipeline/Pipeline.php(139): call_user_func(Object(Closure), Object(Illuminate\Http\Request))
#24 [internal function]: Illuminate\Pipeline\Pipeline->Illuminate\Pipeline\{closure}(Object(Illuminate\Http\Request))
#25 /var/www/dev/pgrs/laravel/vendor/laravel/framework/src/Illuminate/Pipeline/Pipeline.php(103): call_user_func(Object(Closure), Object(Illuminate\Http\Request))
#26 /var/www/dev/pgrs/laravel/vendor/laravel/framework/src/Illuminate/Routing/Router.php(704): Illuminate\Pipeline\Pipeline->then(Object(Closure))
#27 /var/www/dev/pgrs/laravel/vendor/laravel/framework/src/Illuminate/Routing/Router.php(669): Illuminate\Routing\Router->runRouteWithinStack(Object(Illuminate\Routing\Route), Object(Illuminate\Http\Request))
#28 /var/www/dev/pgrs/laravel/vendor/laravel/framework/src/Illuminate/Routing/Router.php(629): Illuminate\Routing\Router->dispatchToRoute(Object(Illuminate\Http\Request))
#29 /var/www/dev/pgrs/laravel/vendor/laravel/framework/src/Illuminate/Foundation/Http/Kernel.php(229): Illuminate\Routing\Router->dispatch(Object(Illuminate\Http\Request))
#30 [internal function]: Illuminate\Foundation\Http\Kernel->Illuminate\Foundation\Http\{closure}(Object(Illuminate\Http\Request))
#31 /var/www/dev/pgrs/laravel/vendor/laravel/framework/src/Illuminate/Pipeline/Pipeline.php(139): call_user_func(Object(Closure), Object(Illuminate\Http\Request))
#32 /var/www/dev/pgrs/laravel/vendor/laravel/framework/src/Illuminate/View/Middleware/ShareErrorsFromSession.php(54): Illuminate\Pipeline\Pipeline->Illuminate\Pipeline\{closure}(Object(Illuminate\Http\Request))
#33 [internal function]: Illuminate\View\Middleware\ShareErrorsFromSession->handle(Object(Illuminate\Http\Request), Object(Closure))
#34 /var/www/dev/pgrs/laravel/vendor/laravel/framework/src/Illuminate/Pipeline/Pipeline.php(124): call_user_func_array(Array, Array)
#35 /var/www/dev/pgrs/laravel/vendor/laravel/framework/src/Illuminate/Session/Middleware/StartSession.php(61): Illuminate\Pipeline\Pipeline->Illuminate\Pipeline\{closure}(Object(Illuminate\Http\Request))
#36 [internal function]: Illuminate\Session\Middleware\StartSession->handle(Object(Illuminate\Http\Request), Object(Closure))
#37 /var/www/dev/pgrs/laravel/vendor/laravel/framework/src/Illuminate/Pipeline/Pipeline.php(124): call_user_func_array(Array, Array)
#38 /var/www/dev/pgrs/laravel/vendor/laravel/framework/src/Illuminate/Cookie/Middleware/AddQueuedCookiesToResponse.php(37): Illuminate\Pipeline\Pipeline->Illuminate\Pipeline\{closure}(Object(Illuminate\Http\Request))
#39 [internal function]: Illuminate\Cookie\Middleware\AddQueuedCookiesToResponse->handle(Object(Illuminate\Http\Request), Object(Closure))
#40 /var/www/dev/pgrs/laravel/vendor/laravel/framework/src/Illuminate/Pipeline/Pipeline.php(124): call_user_func_array(Array, Array)
#41 /var/www/dev/pgrs/laravel/vendor/laravel/framework/src/Illuminate/Cookie/Middleware/EncryptCookies.php(59): Illuminate\Pipeline\Pipeline->Illuminate\Pipeline\{closure}(Object(Illuminate\Http\Request))
#42 [internal function]: Illuminate\Cookie\Middleware\EncryptCookies->handle(Object(Illuminate\Http\Request), Object(Closure))
#43 /var/www/dev/pgrs/laravel/vendor/laravel/framework/src/Illuminate/Pipeline/Pipeline.php(124): call_user_func_array(Array, Array)
#44 /var/www/dev/pgrs/laravel/vendor/laravel/framework/src/Illuminate/Foundation/Http/Middleware/CheckForMaintenanceMode.php(42): Illuminate\Pipeline\Pipeline->Illuminate\Pipeline\{closure}(Object(Illuminate\Http\Request))
#45 [internal function]: Illuminate\Foundation\Http\Middleware\CheckForMaintenanceMode->handle(Object(Illuminate\Http\Request), Object(Closure))
#46 /var/www/dev/pgrs/laravel/vendor/laravel/framework/src/Illuminate/Pipeline/Pipeline.php(124): call_user_func_array(Array, Array)
#47 [internal function]: Illuminate\Pipeline\Pipeline->Illuminate\Pipeline\{closure}(Object(Illuminate\Http\Request))
#48 /var/www/dev/pgrs/laravel/vendor/laravel/framework/src/Illuminate/Pipeline/Pipeline.php(103): call_user_func(Object(Closure), Object(Illuminate\Http\Request))
#49 /var/www/dev/pgrs/laravel/vendor/laravel/framework/src/Illuminate/Foundation/Http/Kernel.php(118): Illuminate\Pipeline\Pipeline->then(Object(Closure))
#50 /var/www/dev/pgrs/laravel/vendor/laravel/framework/src/Illuminate/Foundation/Http/Kernel.php(86): Illuminate\Foundation\Http\Kernel->sendRequestThroughRouter(Object(Illuminate\Http\Request))
#51 /var/www/dev/pgrs/laravel/public/index.php(54): Illuminate\Foundation\Http\Kernel->handle(Object(Illuminate\Http\Request))
#52 {main}  
[2015-06-23 20:03:57] local.ERROR: exception 'ReflectionException' with message 'Class AbsenceTypesTableSeeder does not exist' in /var/www/dev/pgrs/laravel/vendor/laravel/framework/src/Illuminate/Container/Container.php:736
Stack trace:
#0 /var/www/dev/pgrs/laravel/vendor/laravel/framework/src/Illuminate/Container/Container.php(736): ReflectionClass->__construct('AbsenceTypesTab...')
#1 /var/www/dev/pgrs/laravel/vendor/laravel/framework/src/Illuminate/Container/Container.php(626): Illuminate\Container\Container->build('AbsenceTypesTab...', Array)
#2 /var/www/dev/pgrs/laravel/vendor/laravel/framework/src/Illuminate/Foundation/Application.php(642): Illuminate\Container\Container->make('AbsenceTypesTab...', Array)
#3 /var/www/dev/pgrs/laravel/vendor/laravel/framework/src/Illuminate/Database/Seeder.php(58): Illuminate\Foundation\Application->make('AbsenceTypesTab...')
#4 /var/www/dev/pgrs/laravel/vendor/laravel/framework/src/Illuminate/Database/Seeder.php(42): Illuminate\Database\Seeder->resolve('AbsenceTypesTab...')
#5 /var/www/dev/pgrs/laravel/database/seeds/DatabaseSeeder.php(17): Illuminate\Database\Seeder->call('AbsenceTypesTab...')
#6 /var/www/dev/pgrs/laravel/vendor/laravel/framework/src/Illuminate/Database/Console/Seeds/SeedCommand.php(61): DatabaseSeeder->run()
#7 [internal function]: Illuminate\Database\Console\Seeds\SeedCommand->fire()
#8 /var/www/dev/pgrs/laravel/vendor/laravel/framework/src/Illuminate/Container/Container.php(502): call_user_func_array(Array, Array)
#9 /var/www/dev/pgrs/laravel/vendor/laravel/framework/src/Illuminate/Console/Command.php(150): Illuminate\Container\Container->call(Array)
#10 /var/www/dev/pgrs/laravel/vendor/symfony/console/Command/Command.php(259): Illuminate\Console\Command->execute(Object(Symfony\Component\Console\Input\ArrayInput), Object(Symfony\Component\Console\Style\SymfonyStyle))
#11 /var/www/dev/pgrs/laravel/vendor/laravel/framework/src/Illuminate/Console/Command.php(136): Symfony\Component\Console\Command\Command->run(Object(Symfony\Component\Console\Input\ArrayInput), Object(Symfony\Component\Console\Style\SymfonyStyle))
#12 /var/www/dev/pgrs/laravel/vendor/laravel/framework/src/Illuminate/Console/Command.php(166): Illuminate\Console\Command->run(Object(Symfony\Component\Console\Input\ArrayInput), Object(Symfony\Component\Console\Style\SymfonyStyle))
#13 /var/www/dev/pgrs/laravel/vendor/laravel/framework/src/Illuminate/Database/Console/Migrations/RefreshCommand.php(82): Illuminate\Console\Command->call('db:seed', Array)
#14 /var/www/dev/pgrs/laravel/vendor/laravel/framework/src/Illuminate/Database/Console/Migrations/RefreshCommand.php(54): Illuminate\Database\Console\Migrations\RefreshCommand->runSeeder(NULL)
#15 [internal function]: Illuminate\Database\Console\Migrations\RefreshCommand->fire()
#16 /var/www/dev/pgrs/laravel/vendor/laravel/framework/src/Illuminate/Container/Container.php(502): call_user_func_array(Array, Array)
#17 /var/www/dev/pgrs/laravel/vendor/laravel/framework/src/Illuminate/Console/Command.php(150): Illuminate\Container\Container->call(Array)
#18 /var/www/dev/pgrs/laravel/vendor/symfony/console/Command/Command.php(259): Illuminate\Console\Command->execute(Object(Symfony\Component\Console\Input\ArgvInput), Object(Symfony\Component\Console\Output\ConsoleOutput))
#19 /var/www/dev/pgrs/laravel/vendor/laravel/framework/src/Illuminate/Console/Command.php(136): Symfony\Component\Console\Command\Command->run(Object(Symfony\Component\Console\Input\ArgvInput), Object(Symfony\Component\Console\Output\ConsoleOutput))
#20 /var/www/dev/pgrs/laravel/vendor/symfony/console/Application.php(878): Illuminate\Console\Command->run(Object(Symfony\Component\Console\Input\ArgvInput), Object(Symfony\Component\Console\Output\ConsoleOutput))
#21 /var/www/dev/pgrs/laravel/vendor/symfony/console/Application.php(195): Symfony\Component\Console\Application->doRunCommand(Object(Illuminate\Database\Console\Migrations\RefreshCommand), Object(Symfony\Component\Console\Input\ArgvInput), Object(Symfony\Component\Console\Output\ConsoleOutput))
#22 /var/www/dev/pgrs/laravel/vendor/symfony/console/Application.php(126): Symfony\Component\Console\Application->doRun(Object(Symfony\Component\Console\Input\ArgvInput), Object(Symfony\Component\Console\Output\ConsoleOutput))
#23 /var/www/dev/pgrs/laravel/vendor/laravel/framework/src/Illuminate/Foundation/Console/Kernel.php(94): Symfony\Component\Console\Application->run(Object(Symfony\Component\Console\Input\ArgvInput), Object(Symfony\Component\Console\Output\ConsoleOutput))
#24 /var/www/dev/pgrs/laravel/artisan(36): Illuminate\Foundation\Console\Kernel->handle(Object(Symfony\Component\Console\Input\ArgvInput), Object(Symfony\Component\Console\Output\ConsoleOutput))
#25 {main}  
[2015-06-23 20:04:26] local.ERROR: exception 'ReflectionException' with message 'Class AbsenceTypesTableSeeder does not exist' in /var/www/dev/pgrs/laravel/vendor/laravel/framework/src/Illuminate/Container/Container.php:736
Stack trace:
#0 /var/www/dev/pgrs/laravel/vendor/laravel/framework/src/Illuminate/Container/Container.php(736): ReflectionClass->__construct('AbsenceTypesTab...')
#1 /var/www/dev/pgrs/laravel/vendor/laravel/framework/src/Illuminate/Container/Container.php(626): Illuminate\Container\Container->build('AbsenceTypesTab...', Array)
#2 /var/www/dev/pgrs/laravel/vendor/laravel/framework/src/Illuminate/Foundation/Application.php(642): Illuminate\Container\Container->make('AbsenceTypesTab...', Array)
#3 /var/www/dev/pgrs/laravel/vendor/laravel/framework/src/Illuminate/Database/Seeder.php(58): Illuminate\Foundation\Application->make('AbsenceTypesTab...')
#4 /var/www/dev/pgrs/laravel/vendor/laravel/framework/src/Illuminate/Database/Seeder.php(42): Illuminate\Database\Seeder->resolve('AbsenceTypesTab...')
#5 /var/www/dev/pgrs/laravel/database/seeds/DatabaseSeeder.php(17): Illuminate\Database\Seeder->call('AbsenceTypesTab...')
#6 /var/www/dev/pgrs/laravel/vendor/laravel/framework/src/Illuminate/Database/Console/Seeds/SeedCommand.php(61): DatabaseSeeder->run()
#7 [internal function]: Illuminate\Database\Console\Seeds\SeedCommand->fire()
#8 /var/www/dev/pgrs/laravel/vendor/laravel/framework/src/Illuminate/Container/Container.php(502): call_user_func_array(Array, Array)
#9 /var/www/dev/pgrs/laravel/vendor/laravel/framework/src/Illuminate/Console/Command.php(150): Illuminate\Container\Container->call(Array)
#10 /var/www/dev/pgrs/laravel/vendor/symfony/console/Command/Command.php(259): Illuminate\Console\Command->execute(Object(Symfony\Component\Console\Input\ArrayInput), Object(Symfony\Component\Console\Style\SymfonyStyle))
#11 /var/www/dev/pgrs/laravel/vendor/laravel/framework/src/Illuminate/Console/Command.php(136): Symfony\Component\Console\Command\Command->run(Object(Symfony\Component\Console\Input\ArrayInput), Object(Symfony\Component\Console\Style\SymfonyStyle))
#12 /var/www/dev/pgrs/laravel/vendor/laravel/framework/src/Illuminate/Console/Command.php(166): Illuminate\Console\Command->run(Object(Symfony\Component\Console\Input\ArrayInput), Object(Symfony\Component\Console\Style\SymfonyStyle))
#13 /var/www/dev/pgrs/laravel/vendor/laravel/framework/src/Illuminate/Database/Console/Migrations/RefreshCommand.php(82): Illuminate\Console\Command->call('db:seed', Array)
#14 /var/www/dev/pgrs/laravel/vendor/laravel/framework/src/Illuminate/Database/Console/Migrations/RefreshCommand.php(54): Illuminate\Database\Console\Migrations\RefreshCommand->runSeeder(NULL)
#15 [internal function]: Illuminate\Database\Console\Migrations\RefreshCommand->fire()
#16 /var/www/dev/pgrs/laravel/vendor/laravel/framework/src/Illuminate/Container/Container.php(502): call_user_func_array(Array, Array)
#17 /var/www/dev/pgrs/laravel/vendor/laravel/framework/src/Illuminate/Console/Command.php(150): Illuminate\Container\Container->call(Array)
#18 /var/www/dev/pgrs/laravel/vendor/symfony/console/Command/Command.php(259): Illuminate\Console\Command->execute(Object(Symfony\Component\Console\Input\ArgvInput), Object(Symfony\Component\Console\Output\ConsoleOutput))
#19 /var/www/dev/pgrs/laravel/vendor/laravel/framework/src/Illuminate/Console/Command.php(136): Symfony\Component\Console\Command\Command->run(Object(Symfony\Component\Console\Input\ArgvInput), Object(Symfony\Component\Console\Output\ConsoleOutput))
#20 /var/www/dev/pgrs/laravel/vendor/symfony/console/Application.php(878): Illuminate\Console\Command->run(Object(Symfony\Component\Console\Input\ArgvInput), Object(Symfony\Component\Console\Output\ConsoleOutput))
#21 /var/www/dev/pgrs/laravel/vendor/symfony/console/Application.php(195): Symfony\Component\Console\Application->doRunCommand(Object(Illuminate\Database\Console\Migrations\RefreshCommand), Object(Symfony\Component\Console\Input\ArgvInput), Object(Symfony\Component\Console\Output\ConsoleOutput))
#22 /var/www/dev/pgrs/laravel/vendor/symfony/console/Application.php(126): Symfony\Component\Console\Application->doRun(Object(Symfony\Component\Console\Input\ArgvInput), Object(Symfony\Component\Console\Output\ConsoleOutput))
#23 /var/www/dev/pgrs/laravel/vendor/laravel/framework/src/Illuminate/Foundation/Console/Kernel.php(94): Symfony\Component\Console\Application->run(Object(Symfony\Component\Console\Input\ArgvInput), Object(Symfony\Component\Console\Output\ConsoleOutput))
#24 /var/www/dev/pgrs/laravel/artisan(36): Illuminate\Foundation\Console\Kernel->handle(Object(Symfony\Component\Console\Input\ArgvInput), Object(Symfony\Component\Console\Output\ConsoleOutput))
#25 {main}  
