[2015-06-23 17:25:24] local.ERROR: exception 'ErrorException' with message 'Undefined variable: id' in /var/www/dev/pgrs/laravel/storage/framework/views/bfaf7528a112da359be756410f0ba706:15
Stack trace:
#0 /var/www/dev/pgrs/laravel/storage/framework/views/bfaf7528a112da359be756410f0ba706(15): Illuminate\Foundation\Bootstrap\HandleExceptions->handleError(8, 'Undefined varia...', '/var/www/dev/pg...', 15, Array)
#1 /var/www/dev/pgrs/laravel/vendor/laravel/framework/src/Illuminate/View/Engines/PhpEngine.php(40): include('/var/www/dev/pg...')
#2 /var/www/dev/pgrs/laravel/vendor/laravel/framework/src/Illuminate/View/Engines/CompilerEngine.php(58): Illuminate\View\Engines\PhpEngine->evaluatePath('/var/www/dev/pg...', Array)
#3 /var/www/dev/pgrs/laravel/vendor/laravel/framework/src/Illuminate/View/View.php(137): Illuminate\View\Engines\CompilerEngine->get('/var/www/dev/pg...', Array)
#4 /var/www/dev/pgrs/laravel/vendor/laravel/framework/src/Illuminate/View/View.php(106): Illuminate\View\View->getContents()
#5 /var/www/dev/pgrs/laravel/vendor/laravel/framework/src/Illuminate/View/View.php(80): Illuminate\View\View->renderContents()
#6 /var/www/dev/pgrs/laravel/vendor/laravel/framework/src/Illuminate/Http/Response.php(51): Illuminate\View\View->render()
#7 /var/www/dev/pgrs/laravel/vendor/symfony/http-foundation/Response.php(202): Illuminate\Http\Response->setContent(Object(Illuminate\View\View))
#8 /var/www/dev/pgrs/laravel/vendor/laravel/framework/src/Illuminate/Routing/Router.php(1223): Symfony\Component\HttpFoundation\Response->__construct(Object(Illuminate\View\View))
#9 /var/www/dev/pgrs/laravel/vendor/laravel/framework/src/Illuminate/Routing/ControllerDispatcher.php(112): Illuminate\Routing\Router->prepareResponse(Object(Illuminate\Http\Request), Object(Illuminate\View\View))
#10 [internal function]: Illuminate\Routing\ControllerDispatcher->Illuminate\Routing\{closure}(Object(Illuminate\Http\Request))
#11 /var/www/dev/pgrs/laravel/vendor/laravel/framework/src/Illuminate/Pipeline/Pipeline.php(139): call_user_func(Object(Closure), Object(Illuminate\Http\Request))
#12 [internal function]: Illuminate\Pipeline\Pipeline->Illuminate\Pipeline\{closure}(Object(Illuminate\Http\Request))
#13 /var/www/dev/pgrs/laravel/vendor/laravel/framework/src/Illuminate/Pipeline/Pipeline.php(103): call_user_func(Object(Closure), Object(Illuminate\Http\Request))
#14 /var/www/dev/pgrs/laravel/vendor/laravel/framework/src/Illuminate/Routing/ControllerDispatcher.php(113): Illuminate\Pipeline\Pipeline->then(Object(Closure))
#15 /var/www/dev/pgrs/laravel/vendor/laravel/framework/src/Illuminate/Routing/ControllerDispatcher.php(68): Illuminate\Routing\ControllerDispatcher->callWithinStack(Object(App\Http\Controllers\AwardTypeController), Object(Illuminate\Routing\Route), Object(Illuminate\Http\Request), 'show')
#16 /var/www/dev/pgrs/laravel/vendor/laravel/framework/src/Illuminate/Routing/Route.php(198): Illuminate\Routing\ControllerDispatcher->dispatch(Object(Illuminate\Routing\Route), Object(Illuminate\Http\Request), 'App\Http\Contro...', 'show')
#17 /var/www/dev/pgrs/laravel/vendor/laravel/framework/src/Illuminate/Routing/Route.php(131): Illuminate\Routing\Route->runWithCustomDispatcher(Object(Illuminate\Http\Request))
#18 /var/www/dev/pgrs/laravel/vendor/laravel/framework/src/Illuminate/Routing/Router.php(702): Illuminate\Routing\Route->run(Object(Illuminate\Http\Request))
#19 [internal function]: Illuminate\Routing\Router->Illuminate\Routing\{closure}(Object(Illuminate\Http\Request))
#20 /var/www/dev/pgrs/laravel/vendor/laravel/framework/src/Illuminate/Pipeline/Pipeline.php(139): call_user_func(Object(Closure), Object(Illuminate\Http\Request))
#21 [internal function]: Illuminate\Pipeline\Pipeline->Illuminate\Pipeline\{closure}(Object(Illuminate\Http\Request))
#22 /var/www/dev/pgrs/laravel/vendor/laravel/framework/src/Illuminate/Pipeline/Pipeline.php(103): call_user_func(Object(Closure), Object(Illuminate\Http\Request))
#23 /var/www/dev/pgrs/laravel/vendor/laravel/framework/src/Illuminate/Routing/Router.php(704): Illuminate\Pipeline\Pipeline->then(Object(Closure))
#24 /var/www/dev/pgrs/laravel/vendor/laravel/framework/src/Illuminate/Routing/Router.php(669): Illuminate\Routing\Router->runRouteWithinStack(Object(Illuminate\Routing\Route), Object(Illuminate\Http\Request))
#25 /var/www/dev/pgrs/laravel/vendor/laravel/framework/src/Illuminate/Routing/Router.php(629): Illuminate\Routing\Router->dispatchToRoute(Object(Illuminate\Http\Request))
#26 /var/www/dev/pgrs/laravel/vendor/laravel/framework/src/Illuminate/Foundation/Http/Kernel.php(229): Illuminate\Routing\Router->dispatch(Object(Illuminate\Http\Request))
#27 [internal function]: Illuminate\Foundation\Http\Kernel->Illuminate\Foundation\Http\{closure}(Object(Illuminate\Http\Request))
#28 /var/www/dev/pgrs/laravel/vendor/laravel/framework/src/Illuminate/Pipeline/Pipeline.php(139): call_user_func(Object(Closure), Object(Illuminate\Http\Request))
#29 /var/www/dev/pgrs/laravel/vendor/laravel/framework/src/Illuminate/View/Middleware/ShareErrorsFromSession.php(54): Illuminate\Pipeline\Pipeline->Illuminate\Pipeline\{closure}(Object(Illuminate\Http\Request))
#30 [internal function]: Illuminate\View\Middleware\ShareErrorsFromSession->handle(Object(Illuminate\Http\Request), Object(Closure))
#31 /var/www/dev/pgrs/laravel/vendor/laravel/framework/src/Illuminate/Pipeline/Pipeline.php(124): call_user_func_array(Array, Array)
#32 /var/www/dev/pgrs/laravel/vendor/laravel/framework/src/Illuminate/Session/Middleware/StartSession.php(61): Illuminate\Pipeline\Pipeline->Illuminate\Pipeline\{closure}(Object(Illuminate\Http\Request))
#33 [internal function]: Illuminate\Session\Middleware\StartSession->handle(Object(Illuminate\Http\Request), Object(Closure))
#34 /var/www/dev/pgrs/laravel/vendor/laravel/framework/src/Illuminate/Pipeline/Pipeline.php(124): call_user_func_array(Array, Array)
#35 /var/www/dev/pgrs/laravel/vendor/laravel/framework/src/Illuminate/Cookie/Middleware/AddQueuedCookiesToResponse.php(37): Illuminate\Pipeline\Pipeline->Illuminate\Pipeline\{closure}(Object(Illuminate\Http\Request))
#36 [internal function]: Illuminate\Cookie\Middleware\AddQueuedCookiesToResponse->handle(Object(Illuminate\Http\Request), Object(Closure))
#37 /var/www/dev/pgrs/laravel/vendor/laravel/framework/src/Illuminate/Pipeline/Pipeline.php(124): call_user_func_array(Array, Array)
#38 /var/www/dev/pgrs/laravel/vendor/laravel/framework/src/Illuminate/Cookie/Middleware/EncryptCookies.php(59): Illuminate\Pipeline\Pipeline->Illuminate\Pipeline\{closure}(Object(Illuminate\Http\Request))
#39 [internal function]: Illuminate\Cookie\Middleware\EncryptCookies->handle(Object(Illuminate\Http\Request), Object(Closure))
#40 /var/www/dev/pgrs/laravel/vendor/laravel/framework/src/Illuminate/Pipeline/Pipeline.php(124): call_user_func_array(Array, Array)
#41 /var/www/dev/pgrs/laravel/vendor/laravel/framework/src/Illuminate/Foundation/Http/Middleware/CheckForMaintenanceMode.php(42): Illuminate\Pipeline\Pipeline->Illuminate\Pipeline\{closure}(Object(Illuminate\Http\Request))
#42 [internal function]: Illuminate\Foundation\Http\Middleware\CheckForMaintenanceMode->handle(Object(Illuminate\Http\Request), Object(Closure))
#43 /var/www/dev/pgrs/laravel/vendor/laravel/framework/src/Illuminate/Pipeline/Pipeline.php(124): call_user_func_array(Array, Array)
#44 [internal function]: Illuminate\Pipeline\Pipeline->Illuminate\Pipeline\{closure}(Object(Illuminate\Http\Request))
#45 /var/www/dev/pgrs/laravel/vendor/laravel/framework/src/Illuminate/Pipeline/Pipeline.php(103): call_user_func(Object(Closure), Object(Illuminate\Http\Request))
#46 /var/www/dev/pgrs/laravel/vendor/laravel/framework/src/Illuminate/Foundation/Http/Kernel.php(118): Illuminate\Pipeline\Pipeline->then(Object(Closure))
#47 /var/www/dev/pgrs/laravel/vendor/laravel/framework/src/Illuminate/Foundation/Http/Kernel.php(86): Illuminate\Foundation\Http\Kernel->sendRequestThroughRouter(Object(Illuminate\Http\Request))
#48 /var/www/dev/pgrs/laravel/public/index.php(54): Illuminate\Foundation\Http\Kernel->handle(Object(Illuminate\Http\Request))
#49 {main}

Next exception 'ErrorException' with message 'Undefined variable: id (View: /var/www/dev/pgrs/laravel/resources/views/staff/pages/award_types/show.blade.php)' in /var/www/dev/pgrs/laravel/storage/framework/views/bfaf7528a112da359be756410f0ba706:15
Stack trace:
#0 /var/www/dev/pgrs/laravel/vendor/laravel/framework/src/Illuminate/View/Engines/PhpEngine.php(42): Illuminate\View\Engines\CompilerEngine->handleViewException(Object(ErrorException), 1)
#1 /var/www/dev/pgrs/laravel/vendor/laravel/framework/src/Illuminate/View/Engines/CompilerEngine.php(58): Illuminate\View\Engines\PhpEngine->evaluatePath('/var/www/dev/pg...', Array)
#2 /var/www/dev/pgrs/laravel/vendor/laravel/framework/src/Illuminate/View/View.php(137): Illuminate\View\Engines\CompilerEngine->get('/var/www/dev/pg...', Array)
#3 /var/www/dev/pgrs/laravel/vendor/laravel/framework/src/Illuminate/View/View.php(106): Illuminate\View\View->getContents()
#4 /var/www/dev/pgrs/laravel/vendor/laravel/framework/src/Illuminate/View/View.php(80): Illuminate\View\View->renderContents()
#5 /var/www/dev/pgrs/laravel/vendor/laravel/framework/src/Illuminate/Http/Response.php(51): Illuminate\View\View->render()
#6 /var/www/dev/pgrs/laravel/vendor/symfony/http-foundation/Response.php(202): Illuminate\Http\Response->setContent(Object(Illuminate\View\View))
#7 /var/www/dev/pgrs/laravel/vendor/laravel/framework/src/Illuminate/Routing/Router.php(1223): Symfony\Component\HttpFoundation\Response->__construct(Object(Illuminate\View\View))
#8 /var/www/dev/pgrs/laravel/vendor/laravel/framework/src/Illuminate/Routing/ControllerDispatcher.php(112): Illuminate\Routing\Router->prepareResponse(Object(Illuminate\Http\Request), Object(Illuminate\View\View))
#9 [internal function]: Illuminate\Routing\ControllerDispatcher->Illuminate\Routing\{closure}(Object(Illuminate\Http\Request))
#10 /var/www/dev/pgrs/laravel/vendor/laravel/framework/src/Illuminate/Pipeline/Pipeline.php(139): call_user_func(Object(Closure), Object(Illuminate\Http\Request))
#11 [internal function]: Illuminate\Pipeline\Pipeline->Illuminate\Pipeline\{closure}(Object(Illuminate\Http\Request))
#12 /var/www/dev/pgrs/laravel/vendor/laravel/framework/src/Illuminate/Pipeline/Pipeline.php(103): call_user_func(Object(Closure), Object(Illuminate\Http\Request))
#13 /var/www/dev/pgrs/laravel/vendor/laravel/framework/src/Illuminate/Routing/ControllerDispatcher.php(113): Illuminate\Pipeline\Pipeline->then(Object(Closure))
#14 /var/www/dev/pgrs/laravel/vendor/laravel/framework/src/Illuminate/Routing/ControllerDispatcher.php(68): Illuminate\Routing\ControllerDispatcher->callWithinStack(Object(App\Http\Controllers\AwardTypeController), Object(Illuminate\Routing\Route), Object(Illuminate\Http\Request), 'show')
#15 /var/www/dev/pgrs/laravel/vendor/laravel/framework/src/Illuminate/Routing/Route.php(198): Illuminate\Routing\ControllerDispatcher->dispatch(Object(Illuminate\Routing\Route), Object(Illuminate\Http\Request), 'App\Http\Contro...', 'show')
#16 /var/www/dev/pgrs/laravel/vendor/laravel/framework/src/Illuminate/Routing/Route.php(131): Illuminate\Routing\Route->runWithCustomDispatcher(Object(Illuminate\Http\Request))
#17 /var/www/dev/pgrs/laravel/vendor/laravel/framework/src/Illuminate/Routing/Router.php(702): Illuminate\Routing\Route->run(Object(Illuminate\Http\Request))
#18 [internal function]: Illuminate\Routing\Router->Illuminate\Routing\{closure}(Object(Illuminate\Http\Request))
#19 /var/www/dev/pgrs/laravel/vendor/laravel/framework/src/Illuminate/Pipeline/Pipeline.php(139): call_user_func(Object(Closure), Object(Illuminate\Http\Request))
#20 [internal function]: Illuminate\Pipeline\Pipeline->Illuminate\Pipeline\{closure}(Object(Illuminate\Http\Request))
#21 /var/www/dev/pgrs/laravel/vendor/laravel/framework/src/Illuminate/Pipeline/Pipeline.php(103): call_user_func(Object(Closure), Object(Illuminate\Http\Request))
#22 /var/www/dev/pgrs/laravel/vendor/laravel/framework/src/Illuminate/Routing/Router.php(704): Illuminate\Pipeline\Pipeline->then(Object(Closure))
#23 /var/www/dev/pgrs/laravel/vendor/laravel/framework/src/Illuminate/Routing/Router.php(669): Illuminate\Routing\Router->runRouteWithinStack(Object(Illuminate\Routing\Route), Object(Illuminate\Http\Request))
#24 /var/www/dev/pgrs/laravel/vendor/laravel/framework/src/Illuminate/Routing/Router.php(629): Illuminate\Routing\Router->dispatchToRoute(Object(Illuminate\Http\Request))
#25 /var/www/dev/pgrs/laravel/vendor/laravel/framework/src/Illuminate/Foundation/Http/Kernel.php(229): Illuminate\Routing\Router->dispatch(Object(Illuminate\Http\Request))
#26 [internal function]: Illuminate\Foundation\Http\Kernel->Illuminate\Foundation\Http\{closure}(Object(Illuminate\Http\Request))
#27 /var/www/dev/pgrs/laravel/vendor/laravel/framework/src/Illuminate/Pipeline/Pipeline.php(139): call_user_func(Object(Closure), Object(Illuminate\Http\Request))
#28 /var/www/dev/pgrs/laravel/vendor/laravel/framework/src/Illuminate/View/Middleware/ShareErrorsFromSession.php(54): Illuminate\Pipeline\Pipeline->Illuminate\Pipeline\{closure}(Object(Illuminate\Http\Request))
#29 [internal function]: Illuminate\View\Middleware\ShareErrorsFromSession->handle(Object(Illuminate\Http\Request), Object(Closure))
#30 /var/www/dev/pgrs/laravel/vendor/laravel/framework/src/Illuminate/Pipeline/Pipeline.php(124): call_user_func_array(Array, Array)
#31 /var/www/dev/pgrs/laravel/vendor/laravel/framework/src/Illuminate/Session/Middleware/StartSession.php(61): Illuminate\Pipeline\Pipeline->Illuminate\Pipeline\{closure}(Object(Illuminate\Http\Request))
#32 [internal function]: Illuminate\Session\Middleware\StartSession->handle(Object(Illuminate\Http\Request), Object(Closure))
#33 /var/www/dev/pgrs/laravel/vendor/laravel/framework/src/Illuminate/Pipeline/Pipeline.php(124): call_user_func_array(Array, Array)
#34 /var/www/dev/pgrs/laravel/vendor/laravel/framework/src/Illuminate/Cookie/Middleware/AddQueuedCookiesToResponse.php(37): Illuminate\Pipeline\Pipeline->Illuminate\Pipeline\{closure}(Object(Illuminate\Http\Request))
#35 [internal function]: Illuminate\Cookie\Middleware\AddQueuedCookiesToResponse->handle(Object(Illuminate\Http\Request), Object(Closure))
#36 /var/www/dev/pgrs/laravel/vendor/laravel/framework/src/Illuminate/Pipeline/Pipeline.php(124): call_user_func_array(Array, Array)
#37 /var/www/dev/pgrs/laravel/vendor/laravel/framework/src/Illuminate/Cookie/Middleware/EncryptCookies.php(59): Illuminate\Pipeline\Pipeline->Illuminate\Pipeline\{closure}(Object(Illuminate\Http\Request))
#38 [internal function]: Illuminate\Cookie\Middleware\EncryptCookies->handle(Object(Illuminate\Http\Request), Object(Closure))
#39 /var/www/dev/pgrs/laravel/vendor/laravel/framework/src/Illuminate/Pipeline/Pipeline.php(124): call_user_func_array(Array, Array)
#40 /var/www/dev/pgrs/laravel/vendor/laravel/framework/src/Illuminate/Foundation/Http/Middleware/CheckForMaintenanceMode.php(42): Illuminate\Pipeline\Pipeline->Illuminate\Pipeline\{closure}(Object(Illuminate\Http\Request))
#41 [internal function]: Illuminate\Foundation\Http\Middleware\CheckForMaintenanceMode->handle(Object(Illuminate\Http\Request), Object(Closure))
#42 /var/www/dev/pgrs/laravel/vendor/laravel/framework/src/Illuminate/Pipeline/Pipeline.php(124): call_user_func_array(Array, Array)
#43 [internal function]: Illuminate\Pipeline\Pipeline->Illuminate\Pipeline\{closure}(Object(Illuminate\Http\Request))
#44 /var/www/dev/pgrs/laravel/vendor/laravel/framework/src/Illuminate/Pipeline/Pipeline.php(103): call_user_func(Object(Closure), Object(Illuminate\Http\Request))
#45 /var/www/dev/pgrs/laravel/vendor/laravel/framework/src/Illuminate/Foundation/Http/Kernel.php(118): Illuminate\Pipeline\Pipeline->then(Object(Closure))
#46 /var/www/dev/pgrs/laravel/vendor/laravel/framework/src/Illuminate/Foundation/Http/Kernel.php(86): Illuminate\Foundation\Http\Kernel->sendRequestThroughRouter(Object(Illuminate\Http\Request))
#47 /var/www/dev/pgrs/laravel/public/index.php(54): Illuminate\Foundation\Http\Kernel->handle(Object(Illuminate\Http\Request))
#48 {main}  
[2015-06-23 17:25:24] local.ERROR: exception 'ErrorException' with message 'file_put_contents(/var/www/dev/pgrs/laravel/storage/framework/sessions/63402421d0c5972b84c72d7235849603d443ca80): failed to open stream: Permission denied' in /var/www/dev/pgrs/laravel/vendor/laravel/framework/src/Illuminate/Filesystem/Filesystem.php:81
Stack trace:
#0 [internal function]: Illuminate\Foundation\Bootstrap\HandleExceptions->handleError(2, 'file_put_conten...', '/var/www/dev/pg...', 81, Array)
#1 /var/www/dev/pgrs/laravel/vendor/laravel/framework/src/Illuminate/Filesystem/Filesystem.php(81): file_put_contents('/var/www/dev/pg...', 'a:4:{s:6:"_toke...', 2)
#2 /var/www/dev/pgrs/laravel/vendor/laravel/framework/src/Illuminate/Session/FileSessionHandler.php(71): Illuminate\Filesystem\Filesystem->put('/var/www/dev/pg...', 'a:4:{s:6:"_toke...', true)
#3 /var/www/dev/pgrs/laravel/vendor/laravel/framework/src/Illuminate/Session/Store.php(260): Illuminate\Session\FileSessionHandler->write('63402421d0c5972...', 'a:4:{s:6:"_toke...')
#4 /var/www/dev/pgrs/laravel/vendor/laravel/framework/src/Illuminate/Session/Middleware/StartSession.php(87): Illuminate\Session\Store->save()
#5 /var/www/dev/pgrs/laravel/vendor/laravel/framework/src/Illuminate/Foundation/Http/Kernel.php(138): Illuminate\Session\Middleware\StartSession->terminate(Object(Illuminate\Http\Request), Object(Illuminate\Http\Response))
#6 /var/www/dev/pgrs/laravel/public/index.php(58): Illuminate\Foundation\Http\Kernel->terminate(Object(Illuminate\Http\Request), Object(Illuminate\Http\Response))
#7 {main}  
[2015-06-23 17:25:26] local.ERROR: exception 'ErrorException' with message 'Undefined variable: id' in /var/www/dev/pgrs/laravel/storage/framework/views/bfaf7528a112da359be756410f0ba706:15
Stack trace:
#0 /var/www/dev/pgrs/laravel/storage/framework/views/bfaf7528a112da359be756410f0ba706(15): Illuminate\Foundation\Bootstrap\HandleExceptions->handleError(8, 'Undefined varia...', '/var/www/dev/pg...', 15, Array)
#1 /var/www/dev/pgrs/laravel/vendor/laravel/framework/src/Illuminate/View/Engines/PhpEngine.php(40): include('/var/www/dev/pg...')
#2 /var/www/dev/pgrs/laravel/vendor/laravel/framework/src/Illuminate/View/Engines/CompilerEngine.php(58): Illuminate\View\Engines\PhpEngine->evaluatePath('/var/www/dev/pg...', Array)
#3 /var/www/dev/pgrs/laravel/vendor/laravel/framework/src/Illuminate/View/View.php(137): Illuminate\View\Engines\CompilerEngine->get('/var/www/dev/pg...', Array)
#4 /var/www/dev/pgrs/laravel/vendor/laravel/framework/src/Illuminate/View/View.php(106): Illuminate\View\View->getContents()
#5 /var/www/dev/pgrs/laravel/vendor/laravel/framework/src/Illuminate/View/View.php(80): Illuminate\View\View->renderContents()
#6 /var/www/dev/pgrs/laravel/vendor/laravel/framework/src/Illuminate/Http/Response.php(51): Illuminate\View\View->render()
#7 /var/www/dev/pgrs/laravel/vendor/symfony/http-foundation/Response.php(202): Illuminate\Http\Response->setContent(Object(Illuminate\View\View))
#8 /var/www/dev/pgrs/laravel/vendor/laravel/framework/src/Illuminate/Routing/Router.php(1223): Symfony\Component\HttpFoundation\Response->__construct(Object(Illuminate\View\View))
#9 /var/www/dev/pgrs/laravel/vendor/laravel/framework/src/Illuminate/Routing/ControllerDispatcher.php(112): Illuminate\Routing\Router->prepareResponse(Object(Illuminate\Http\Request), Object(Illuminate\View\View))
#10 [internal function]: Illuminate\Routing\ControllerDispatcher->Illuminate\Routing\{closure}(Object(Illuminate\Http\Request))
#11 /var/www/dev/pgrs/laravel/vendor/laravel/framework/src/Illuminate/Pipeline/Pipeline.php(139): call_user_func(Object(Closure), Object(Illuminate\Http\Request))
#12 [internal function]: Illuminate\Pipeline\Pipeline->Illuminate\Pipeline\{closure}(Object(Illuminate\Http\Request))
#13 /var/www/dev/pgrs/laravel/vendor/laravel/framework/src/Illuminate/Pipeline/Pipeline.php(103): call_user_func(Object(Closure), Object(Illuminate\Http\Request))
#14 /var/www/dev/pgrs/laravel/vendor/laravel/framework/src/Illuminate/Routing/ControllerDispatcher.php(113): Illuminate\Pipeline\Pipeline->then(Object(Closure))
#15 /var/www/dev/pgrs/laravel/vendor/laravel/framework/src/Illuminate/Routing/ControllerDispatcher.php(68): Illuminate\Routing\ControllerDispatcher->callWithinStack(Object(App\Http\Controllers\AwardTypeController), Object(Illuminate\Routing\Route), Object(Illuminate\Http\Request), 'show')
#16 /var/www/dev/pgrs/laravel/vendor/laravel/framework/src/Illuminate/Routing/Route.php(198): Illuminate\Routing\ControllerDispatcher->dispatch(Object(Illuminate\Routing\Route), Object(Illuminate\Http\Request), 'App\Http\Contro...', 'show')
#17 /var/www/dev/pgrs/laravel/vendor/laravel/framework/src/Illuminate/Routing/Route.php(131): Illuminate\Routing\Route->runWithCustomDispatcher(Object(Illuminate\Http\Request))
#18 /var/www/dev/pgrs/laravel/vendor/laravel/framework/src/Illuminate/Routing/Router.php(702): Illuminate\Routing\Route->run(Object(Illuminate\Http\Request))
#19 [internal function]: Illuminate\Routing\Router->Illuminate\Routing\{closure}(Object(Illuminate\Http\Request))
#20 /var/www/dev/pgrs/laravel/vendor/laravel/framework/src/Illuminate/Pipeline/Pipeline.php(139): call_user_func(Object(Closure), Object(Illuminate\Http\Request))
#21 [internal function]: Illuminate\Pipeline\Pipeline->Illuminate\Pipeline\{closure}(Object(Illuminate\Http\Request))
#22 /var/www/dev/pgrs/laravel/vendor/laravel/framework/src/Illuminate/Pipeline/Pipeline.php(103): call_user_func(Object(Closure), Object(Illuminate\Http\Request))
#23 /var/www/dev/pgrs/laravel/vendor/laravel/framework/src/Illuminate/Routing/Router.php(704): Illuminate\Pipeline\Pipeline->then(Object(Closure))
#24 /var/www/dev/pgrs/laravel/vendor/laravel/framework/src/Illuminate/Routing/Router.php(669): Illuminate\Routing\Router->runRouteWithinStack(Object(Illuminate\Routing\Route), Object(Illuminate\Http\Request))
#25 /var/www/dev/pgrs/laravel/vendor/laravel/framework/src/Illuminate/Routing/Router.php(629): Illuminate\Routing\Router->dispatchToRoute(Object(Illuminate\Http\Request))
#26 /var/www/dev/pgrs/laravel/vendor/laravel/framework/src/Illuminate/Foundation/Http/Kernel.php(229): Illuminate\Routing\Router->dispatch(Object(Illuminate\Http\Request))
#27 [internal function]: Illuminate\Foundation\Http\Kernel->Illuminate\Foundation\Http\{closure}(Object(Illuminate\Http\Request))
#28 /var/www/dev/pgrs/laravel/vendor/laravel/framework/src/Illuminate/Pipeline/Pipeline.php(139): call_user_func(Object(Closure), Object(Illuminate\Http\Request))
#29 /var/www/dev/pgrs/laravel/vendor/laravel/framework/src/Illuminate/View/Middleware/ShareErrorsFromSession.php(54): Illuminate\Pipeline\Pipeline->Illuminate\Pipeline\{closure}(Object(Illuminate\Http\Request))
#30 [internal function]: Illuminate\View\Middleware\ShareErrorsFromSession->handle(Object(Illuminate\Http\Request), Object(Closure))
#31 /var/www/dev/pgrs/laravel/vendor/laravel/framework/src/Illuminate/Pipeline/Pipeline.php(124): call_user_func_array(Array, Array)
#32 /var/www/dev/pgrs/laravel/vendor/laravel/framework/src/Illuminate/Session/Middleware/StartSession.php(61): Illuminate\Pipeline\Pipeline->Illuminate\Pipeline\{closure}(Object(Illuminate\Http\Request))
#33 [internal function]: Illuminate\Session\Middleware\StartSession->handle(Object(Illuminate\Http\Request), Object(Closure))
#34 /var/www/dev/pgrs/laravel/vendor/laravel/framework/src/Illuminate/Pipeline/Pipeline.php(124): call_user_func_array(Array, Array)
#35 /var/www/dev/pgrs/laravel/vendor/laravel/framework/src/Illuminate/Cookie/Middleware/AddQueuedCookiesToResponse.php(37): Illuminate\Pipeline\Pipeline->Illuminate\Pipeline\{closure}(Object(Illuminate\Http\Request))
#36 [internal function]: Illuminate\Cookie\Middleware\AddQueuedCookiesToResponse->handle(Object(Illuminate\Http\Request), Object(Closure))
#37 /var/www/dev/pgrs/laravel/vendor/laravel/framework/src/Illuminate/Pipeline/Pipeline.php(124): call_user_func_array(Array, Array)
#38 /var/www/dev/pgrs/laravel/vendor/laravel/framework/src/Illuminate/Cookie/Middleware/EncryptCookies.php(59): Illuminate\Pipeline\Pipeline->Illuminate\Pipeline\{closure}(Object(Illuminate\Http\Request))
#39 [internal function]: Illuminate\Cookie\Middleware\EncryptCookies->handle(Object(Illuminate\Http\Request), Object(Closure))
#40 /var/www/dev/pgrs/laravel/vendor/laravel/framework/src/Illuminate/Pipeline/Pipeline.php(124): call_user_func_array(Array, Array)
#41 /var/www/dev/pgrs/laravel/vendor/laravel/framework/src/Illuminate/Foundation/Http/Middleware/CheckForMaintenanceMode.php(42): Illuminate\Pipeline\Pipeline->Illuminate\Pipeline\{closure}(Object(Illuminate\Http\Request))
#42 [internal function]: Illuminate\Foundation\Http\Middleware\CheckForMaintenanceMode->handle(Object(Illuminate\Http\Request), Object(Closure))
#43 /var/www/dev/pgrs/laravel/vendor/laravel/framework/src/Illuminate/Pipeline/Pipeline.php(124): call_user_func_array(Array, Array)
#44 [internal function]: Illuminate\Pipeline\Pipeline->Illuminate\Pipeline\{closure}(Object(Illuminate\Http\Request))
#45 /var/www/dev/pgrs/laravel/vendor/laravel/framework/src/Illuminate/Pipeline/Pipeline.php(103): call_user_func(Object(Closure), Object(Illuminate\Http\Request))
#46 /var/www/dev/pgrs/laravel/vendor/laravel/framework/src/Illuminate/Foundation/Http/Kernel.php(118): Illuminate\Pipeline\Pipeline->then(Object(Closure))
#47 /var/www/dev/pgrs/laravel/vendor/laravel/framework/src/Illuminate/Foundation/Http/Kernel.php(86): Illuminate\Foundation\Http\Kernel->sendRequestThroughRouter(Object(Illuminate\Http\Request))
#48 /var/www/dev/pgrs/laravel/public/index.php(54): Illuminate\Foundation\Http\Kernel->handle(Object(Illuminate\Http\Request))
#49 {main}

Next exception 'ErrorException' with message 'Undefined variable: id (View: /var/www/dev/pgrs/laravel/resources/views/staff/pages/award_types/show.blade.php)' in /var/www/dev/pgrs/laravel/storage/framework/views/bfaf7528a112da359be756410f0ba706:15
Stack trace:
#0 /var/www/dev/pgrs/laravel/vendor/laravel/framework/src/Illuminate/View/Engines/PhpEngine.php(42): Illuminate\View\Engines\CompilerEngine->handleViewException(Object(ErrorException), 1)
#1 /var/www/dev/pgrs/laravel/vendor/laravel/framework/src/Illuminate/View/Engines/CompilerEngine.php(58): Illuminate\View\Engines\PhpEngine->evaluatePath('/var/www/dev/pg...', Array)
#2 /var/www/dev/pgrs/laravel/vendor/laravel/framework/src/Illuminate/View/View.php(137): Illuminate\View\Engines\CompilerEngine->get('/var/www/dev/pg...', Array)
#3 /var/www/dev/pgrs/laravel/vendor/laravel/framework/src/Illuminate/View/View.php(106): Illuminate\View\View->getContents()
#4 /var/www/dev/pgrs/laravel/vendor/laravel/framework/src/Illuminate/View/View.php(80): Illuminate\View\View->renderContents()
#5 /var/www/dev/pgrs/laravel/vendor/laravel/framework/src/Illuminate/Http/Response.php(51): Illuminate\View\View->render()
#6 /var/www/dev/pgrs/laravel/vendor/symfony/http-foundation/Response.php(202): Illuminate\Http\Response->setContent(Object(Illuminate\View\View))
#7 /var/www/dev/pgrs/laravel/vendor/laravel/framework/src/Illuminate/Routing/Router.php(1223): Symfony\Component\HttpFoundation\Response->__construct(Object(Illuminate\View\View))
#8 /var/www/dev/pgrs/laravel/vendor/laravel/framework/src/Illuminate/Routing/ControllerDispatcher.php(112): Illuminate\Routing\Router->prepareResponse(Object(Illuminate\Http\Request), Object(Illuminate\View\View))
#9 [internal function]: Illuminate\Routing\ControllerDispatcher->Illuminate\Routing\{closure}(Object(Illuminate\Http\Request))
#10 /var/www/dev/pgrs/laravel/vendor/laravel/framework/src/Illuminate/Pipeline/Pipeline.php(139): call_user_func(Object(Closure), Object(Illuminate\Http\Request))
#11 [internal function]: Illuminate\Pipeline\Pipeline->Illuminate\Pipeline\{closure}(Object(Illuminate\Http\Request))
#12 /var/www/dev/pgrs/laravel/vendor/laravel/framework/src/Illuminate/Pipeline/Pipeline.php(103): call_user_func(Object(Closure), Object(Illuminate\Http\Request))
#13 /var/www/dev/pgrs/laravel/vendor/laravel/framework/src/Illuminate/Routing/ControllerDispatcher.php(113): Illuminate\Pipeline\Pipeline->then(Object(Closure))
#14 /var/www/dev/pgrs/laravel/vendor/laravel/framework/src/Illuminate/Routing/ControllerDispatcher.php(68): Illuminate\Routing\ControllerDispatcher->callWithinStack(Object(App\Http\Controllers\AwardTypeController), Object(Illuminate\Routing\Route), Object(Illuminate\Http\Request), 'show')
#15 /var/www/dev/pgrs/laravel/vendor/laravel/framework/src/Illuminate/Routing/Route.php(198): Illuminate\Routing\ControllerDispatcher->dispatch(Object(Illuminate\Routing\Route), Object(Illuminate\Http\Request), 'App\Http\Contro...', 'show')
#16 /var/www/dev/pgrs/laravel/vendor/laravel/framework/src/Illuminate/Routing/Route.php(131): Illuminate\Routing\Route->runWithCustomDispatcher(Object(Illuminate\Http\Request))
#17 /var/www/dev/pgrs/laravel/vendor/laravel/framework/src/Illuminate/Routing/Router.php(702): Illuminate\Routing\Route->run(Object(Illuminate\Http\Request))
#18 [internal function]: Illuminate\Routing\Router->Illuminate\Routing\{closure}(Object(Illuminate\Http\Request))
#19 /var/www/dev/pgrs/laravel/vendor/laravel/framework/src/Illuminate/Pipeline/Pipeline.php(139): call_user_func(Object(Closure), Object(Illuminate\Http\Request))
#20 [internal function]: Illuminate\Pipeline\Pipeline->Illuminate\Pipeline\{closure}(Object(Illuminate\Http\Request))
#21 /var/www/dev/pgrs/laravel/vendor/laravel/framework/src/Illuminate/Pipeline/Pipeline.php(103): call_user_func(Object(Closure), Object(Illuminate\Http\Request))
#22 /var/www/dev/pgrs/laravel/vendor/laravel/framework/src/Illuminate/Routing/Router.php(704): Illuminate\Pipeline\Pipeline->then(Object(Closure))
#23 /var/www/dev/pgrs/laravel/vendor/laravel/framework/src/Illuminate/Routing/Router.php(669): Illuminate\Routing\Router->runRouteWithinStack(Object(Illuminate\Routing\Route), Object(Illuminate\Http\Request))
#24 /var/www/dev/pgrs/laravel/vendor/laravel/framework/src/Illuminate/Routing/Router.php(629): Illuminate\Routing\Router->dispatchToRoute(Object(Illuminate\Http\Request))
#25 /var/www/dev/pgrs/laravel/vendor/laravel/framework/src/Illuminate/Foundation/Http/Kernel.php(229): Illuminate\Routing\Router->dispatch(Object(Illuminate\Http\Request))
#26 [internal function]: Illuminate\Foundation\Http\Kernel->Illuminate\Foundation\Http\{closure}(Object(Illuminate\Http\Request))
#27 /var/www/dev/pgrs/laravel/vendor/laravel/framework/src/Illuminate/Pipeline/Pipeline.php(139): call_user_func(Object(Closure), Object(Illuminate\Http\Request))
#28 /var/www/dev/pgrs/laravel/vendor/laravel/framework/src/Illuminate/View/Middleware/ShareErrorsFromSession.php(54): Illuminate\Pipeline\Pipeline->Illuminate\Pipeline\{closure}(Object(Illuminate\Http\Request))
#29 [internal function]: Illuminate\View\Middleware\ShareErrorsFromSession->handle(Object(Illuminate\Http\Request), Object(Closure))
#30 /var/www/dev/pgrs/laravel/vendor/laravel/framework/src/Illuminate/Pipeline/Pipeline.php(124): call_user_func_array(Array, Array)
#31 /var/www/dev/pgrs/laravel/vendor/laravel/framework/src/Illuminate/Session/Middleware/StartSession.php(61): Illuminate\Pipeline\Pipeline->Illuminate\Pipeline\{closure}(Object(Illuminate\Http\Request))
#32 [internal function]: Illuminate\Session\Middleware\StartSession->handle(Object(Illuminate\Http\Request), Object(Closure))
#33 /var/www/dev/pgrs/laravel/vendor/laravel/framework/src/Illuminate/Pipeline/Pipeline.php(124): call_user_func_array(Array, Array)
#34 /var/www/dev/pgrs/laravel/vendor/laravel/framework/src/Illuminate/Cookie/Middleware/AddQueuedCookiesToResponse.php(37): Illuminate\Pipeline\Pipeline->Illuminate\Pipeline\{closure}(Object(Illuminate\Http\Request))
#35 [internal function]: Illuminate\Cookie\Middleware\AddQueuedCookiesToResponse->handle(Object(Illuminate\Http\Request), Object(Closure))
#36 /var/www/dev/pgrs/laravel/vendor/laravel/framework/src/Illuminate/Pipeline/Pipeline.php(124): call_user_func_array(Array, Array)
#37 /var/www/dev/pgrs/laravel/vendor/laravel/framework/src/Illuminate/Cookie/Middleware/EncryptCookies.php(59): Illuminate\Pipeline\Pipeline->Illuminate\Pipeline\{closure}(Object(Illuminate\Http\Request))
#38 [internal function]: Illuminate\Cookie\Middleware\EncryptCookies->handle(Object(Illuminate\Http\Request), Object(Closure))
#39 /var/www/dev/pgrs/laravel/vendor/laravel/framework/src/Illuminate/Pipeline/Pipeline.php(124): call_user_func_array(Array, Array)
#40 /var/www/dev/pgrs/laravel/vendor/laravel/framework/src/Illuminate/Foundation/Http/Middleware/CheckForMaintenanceMode.php(42): Illuminate\Pipeline\Pipeline->Illuminate\Pipeline\{closure}(Object(Illuminate\Http\Request))
#41 [internal function]: Illuminate\Foundation\Http\Middleware\CheckForMaintenanceMode->handle(Object(Illuminate\Http\Request), Object(Closure))
#42 /var/www/dev/pgrs/laravel/vendor/laravel/framework/src/Illuminate/Pipeline/Pipeline.php(124): call_user_func_array(Array, Array)
#43 [internal function]: Illuminate\Pipeline\Pipeline->Illuminate\Pipeline\{closure}(Object(Illuminate\Http\Request))
#44 /var/www/dev/pgrs/laravel/vendor/laravel/framework/src/Illuminate/Pipeline/Pipeline.php(103): call_user_func(Object(Closure), Object(Illuminate\Http\Request))
#45 /var/www/dev/pgrs/laravel/vendor/laravel/framework/src/Illuminate/Foundation/Http/Kernel.php(118): Illuminate\Pipeline\Pipeline->then(Object(Closure))
#46 /var/www/dev/pgrs/laravel/vendor/laravel/framework/src/Illuminate/Foundation/Http/Kernel.php(86): Illuminate\Foundation\Http\Kernel->sendRequestThroughRouter(Object(Illuminate\Http\Request))
#47 /var/www/dev/pgrs/laravel/public/index.php(54): Illuminate\Foundation\Http\Kernel->handle(Object(Illuminate\Http\Request))
#48 {main}  
[2015-06-23 17:25:26] local.ERROR: exception 'ErrorException' with message 'file_put_contents(/var/www/dev/pgrs/laravel/storage/framework/sessions/63402421d0c5972b84c72d7235849603d443ca80): failed to open stream: Permission denied' in /var/www/dev/pgrs/laravel/vendor/laravel/framework/src/Illuminate/Filesystem/Filesystem.php:81
Stack trace:
#0 [internal function]: Illuminate\Foundation\Bootstrap\HandleExceptions->handleError(2, 'file_put_conten...', '/var/www/dev/pg...', 81, Array)
#1 /var/www/dev/pgrs/laravel/vendor/laravel/framework/src/Illuminate/Filesystem/Filesystem.php(81): file_put_contents('/var/www/dev/pg...', 'a:4:{s:6:"_toke...', 2)
#2 /var/www/dev/pgrs/laravel/vendor/laravel/framework/src/Illuminate/Session/FileSessionHandler.php(71): Illuminate\Filesystem\Filesystem->put('/var/www/dev/pg...', 'a:4:{s:6:"_toke...', true)
#3 /var/www/dev/pgrs/laravel/vendor/laravel/framework/src/Illuminate/Session/Store.php(260): Illuminate\Session\FileSessionHandler->write('63402421d0c5972...', 'a:4:{s:6:"_toke...')
#4 /var/www/dev/pgrs/laravel/vendor/laravel/framework/src/Illuminate/Session/Middleware/StartSession.php(87): Illuminate\Session\Store->save()
#5 /var/www/dev/pgrs/laravel/vendor/laravel/framework/src/Illuminate/Foundation/Http/Kernel.php(138): Illuminate\Session\Middleware\StartSession->terminate(Object(Illuminate\Http\Request), Object(Illuminate\Http\Response))
#6 /var/www/dev/pgrs/laravel/public/index.php(58): Illuminate\Foundation\Http\Kernel->terminate(Object(Illuminate\Http\Request), Object(Illuminate\Http\Response))
#7 {main}  
[2015-06-23 17:25:50] local.ERROR: exception 'ErrorException' with message 'Undefined variable: id' in /var/www/dev/pgrs/laravel/storage/framework/views/bfaf7528a112da359be756410f0ba706:15
Stack trace:
#0 /var/www/dev/pgrs/laravel/storage/framework/views/bfaf7528a112da359be756410f0ba706(15): Illuminate\Foundation\Bootstrap\HandleExceptions->handleError(8, 'Undefined varia...', '/var/www/dev/pg...', 15, Array)
#1 /var/www/dev/pgrs/laravel/vendor/laravel/framework/src/Illuminate/View/Engines/PhpEngine.php(40): include('/var/www/dev/pg...')
#2 /var/www/dev/pgrs/laravel/vendor/laravel/framework/src/Illuminate/View/Engines/CompilerEngine.php(58): Illuminate\View\Engines\PhpEngine->evaluatePath('/var/www/dev/pg...', Array)
#3 /var/www/dev/pgrs/laravel/vendor/laravel/framework/src/Illuminate/View/View.php(137): Illuminate\View\Engines\CompilerEngine->get('/var/www/dev/pg...', Array)
#4 /var/www/dev/pgrs/laravel/vendor/laravel/framework/src/Illuminate/View/View.php(106): Illuminate\View\View->getContents()
#5 /var/www/dev/pgrs/laravel/vendor/laravel/framework/src/Illuminate/View/View.php(80): Illuminate\View\View->renderContents()
#6 /var/www/dev/pgrs/laravel/vendor/laravel/framework/src/Illuminate/Http/Response.php(51): Illuminate\View\View->render()
#7 /var/www/dev/pgrs/laravel/vendor/symfony/http-foundation/Response.php(202): Illuminate\Http\Response->setContent(Object(Illuminate\View\View))
#8 /var/www/dev/pgrs/laravel/vendor/laravel/framework/src/Illuminate/Routing/Router.php(1223): Symfony\Component\HttpFoundation\Response->__construct(Object(Illuminate\View\View))
#9 /var/www/dev/pgrs/laravel/vendor/laravel/framework/src/Illuminate/Routing/ControllerDispatcher.php(112): Illuminate\Routing\Router->prepareResponse(Object(Illuminate\Http\Request), Object(Illuminate\View\View))
#10 [internal function]: Illuminate\Routing\ControllerDispatcher->Illuminate\Routing\{closure}(Object(Illuminate\Http\Request))
#11 /var/www/dev/pgrs/laravel/vendor/laravel/framework/src/Illuminate/Pipeline/Pipeline.php(139): call_user_func(Object(Closure), Object(Illuminate\Http\Request))
#12 [internal function]: Illuminate\Pipeline\Pipeline->Illuminate\Pipeline\{closure}(Object(Illuminate\Http\Request))
#13 /var/www/dev/pgrs/laravel/vendor/laravel/framework/src/Illuminate/Pipeline/Pipeline.php(103): call_user_func(Object(Closure), Object(Illuminate\Http\Request))
#14 /var/www/dev/pgrs/laravel/vendor/laravel/framework/src/Illuminate/Routing/ControllerDispatcher.php(113): Illuminate\Pipeline\Pipeline->then(Object(Closure))
#15 /var/www/dev/pgrs/laravel/vendor/laravel/framework/src/Illuminate/Routing/ControllerDispatcher.php(68): Illuminate\Routing\ControllerDispatcher->callWithinStack(Object(App\Http\Controllers\AwardTypeController), Object(Illuminate\Routing\Route), Object(Illuminate\Http\Request), 'show')
#16 /var/www/dev/pgrs/laravel/vendor/laravel/framework/src/Illuminate/Routing/Route.php(198): Illuminate\Routing\ControllerDispatcher->dispatch(Object(Illuminate\Routing\Route), Object(Illuminate\Http\Request), 'App\Http\Contro...', 'show')
#17 /var/www/dev/pgrs/laravel/vendor/laravel/framework/src/Illuminate/Routing/Route.php(131): Illuminate\Routing\Route->runWithCustomDispatcher(Object(Illuminate\Http\Request))
#18 /var/www/dev/pgrs/laravel/vendor/laravel/framework/src/Illuminate/Routing/Router.php(702): Illuminate\Routing\Route->run(Object(Illuminate\Http\Request))
#19 [internal function]: Illuminate\Routing\Router->Illuminate\Routing\{closure}(Object(Illuminate\Http\Request))
#20 /var/www/dev/pgrs/laravel/vendor/laravel/framework/src/Illuminate/Pipeline/Pipeline.php(139): call_user_func(Object(Closure), Object(Illuminate\Http\Request))
#21 [internal function]: Illuminate\Pipeline\Pipeline->Illuminate\Pipeline\{closure}(Object(Illuminate\Http\Request))
#22 /var/www/dev/pgrs/laravel/vendor/laravel/framework/src/Illuminate/Pipeline/Pipeline.php(103): call_user_func(Object(Closure), Object(Illuminate\Http\Request))
#23 /var/www/dev/pgrs/laravel/vendor/laravel/framework/src/Illuminate/Routing/Router.php(704): Illuminate\Pipeline\Pipeline->then(Object(Closure))
#24 /var/www/dev/pgrs/laravel/vendor/laravel/framework/src/Illuminate/Routing/Router.php(669): Illuminate\Routing\Router->runRouteWithinStack(Object(Illuminate\Routing\Route), Object(Illuminate\Http\Request))
#25 /var/www/dev/pgrs/laravel/vendor/laravel/framework/src/Illuminate/Routing/Router.php(629): Illuminate\Routing\Router->dispatchToRoute(Object(Illuminate\Http\Request))
#26 /var/www/dev/pgrs/laravel/vendor/laravel/framework/src/Illuminate/Foundation/Http/Kernel.php(229): Illuminate\Routing\Router->dispatch(Object(Illuminate\Http\Request))
#27 [internal function]: Illuminate\Foundation\Http\Kernel->Illuminate\Foundation\Http\{closure}(Object(Illuminate\Http\Request))
#28 /var/www/dev/pgrs/laravel/vendor/laravel/framework/src/Illuminate/Pipeline/Pipeline.php(139): call_user_func(Object(Closure), Object(Illuminate\Http\Request))
#29 /var/www/dev/pgrs/laravel/vendor/laravel/framework/src/Illuminate/View/Middleware/ShareErrorsFromSession.php(54): Illuminate\Pipeline\Pipeline->Illuminate\Pipeline\{closure}(Object(Illuminate\Http\Request))
#30 [internal function]: Illuminate\View\Middleware\ShareErrorsFromSession->handle(Object(Illuminate\Http\Request), Object(Closure))
#31 /var/www/dev/pgrs/laravel/vendor/laravel/framework/src/Illuminate/Pipeline/Pipeline.php(124): call_user_func_array(Array, Array)
#32 /var/www/dev/pgrs/laravel/vendor/laravel/framework/src/Illuminate/Session/Middleware/StartSession.php(61): Illuminate\Pipeline\Pipeline->Illuminate\Pipeline\{closure}(Object(Illuminate\Http\Request))
#33 [internal function]: Illuminate\Session\Middleware\StartSession->handle(Object(Illuminate\Http\Request), Object(Closure))
#34 /var/www/dev/pgrs/laravel/vendor/laravel/framework/src/Illuminate/Pipeline/Pipeline.php(124): call_user_func_array(Array, Array)
#35 /var/www/dev/pgrs/laravel/vendor/laravel/framework/src/Illuminate/Cookie/Middleware/AddQueuedCookiesToResponse.php(37): Illuminate\Pipeline\Pipeline->Illuminate\Pipeline\{closure}(Object(Illuminate\Http\Request))
#36 [internal function]: Illuminate\Cookie\Middleware\AddQueuedCookiesToResponse->handle(Object(Illuminate\Http\Request), Object(Closure))
#37 /var/www/dev/pgrs/laravel/vendor/laravel/framework/src/Illuminate/Pipeline/Pipeline.php(124): call_user_func_array(Array, Array)
#38 /var/www/dev/pgrs/laravel/vendor/laravel/framework/src/Illuminate/Cookie/Middleware/EncryptCookies.php(59): Illuminate\Pipeline\Pipeline->Illuminate\Pipeline\{closure}(Object(Illuminate\Http\Request))
#39 [internal function]: Illuminate\Cookie\Middleware\EncryptCookies->handle(Object(Illuminate\Http\Request), Object(Closure))
#40 /var/www/dev/pgrs/laravel/vendor/laravel/framework/src/Illuminate/Pipeline/Pipeline.php(124): call_user_func_array(Array, Array)
#41 /var/www/dev/pgrs/laravel/vendor/laravel/framework/src/Illuminate/Foundation/Http/Middleware/CheckForMaintenanceMode.php(42): Illuminate\Pipeline\Pipeline->Illuminate\Pipeline\{closure}(Object(Illuminate\Http\Request))
#42 [internal function]: Illuminate\Foundation\Http\Middleware\CheckForMaintenanceMode->handle(Object(Illuminate\Http\Request), Object(Closure))
#43 /var/www/dev/pgrs/laravel/vendor/laravel/framework/src/Illuminate/Pipeline/Pipeline.php(124): call_user_func_array(Array, Array)
#44 [internal function]: Illuminate\Pipeline\Pipeline->Illuminate\Pipeline\{closure}(Object(Illuminate\Http\Request))
#45 /var/www/dev/pgrs/laravel/vendor/laravel/framework/src/Illuminate/Pipeline/Pipeline.php(103): call_user_func(Object(Closure), Object(Illuminate\Http\Request))
#46 /var/www/dev/pgrs/laravel/vendor/laravel/framework/src/Illuminate/Foundation/Http/Kernel.php(118): Illuminate\Pipeline\Pipeline->then(Object(Closure))
#47 /var/www/dev/pgrs/laravel/vendor/laravel/framework/src/Illuminate/Foundation/Http/Kernel.php(86): Illuminate\Foundation\Http\Kernel->sendRequestThroughRouter(Object(Illuminate\Http\Request))
#48 /var/www/dev/pgrs/laravel/public/index.php(54): Illuminate\Foundation\Http\Kernel->handle(Object(Illuminate\Http\Request))
#49 {main}

Next exception 'ErrorException' with message 'Undefined variable: id (View: /var/www/dev/pgrs/laravel/resources/views/staff/pages/award_types/show.blade.php)' in /var/www/dev/pgrs/laravel/storage/framework/views/bfaf7528a112da359be756410f0ba706:15
Stack trace:
#0 /var/www/dev/pgrs/laravel/vendor/laravel/framework/src/Illuminate/View/Engines/PhpEngine.php(42): Illuminate\View\Engines\CompilerEngine->handleViewException(Object(ErrorException), 1)
#1 /var/www/dev/pgrs/laravel/vendor/laravel/framework/src/Illuminate/View/Engines/CompilerEngine.php(58): Illuminate\View\Engines\PhpEngine->evaluatePath('/var/www/dev/pg...', Array)
#2 /var/www/dev/pgrs/laravel/vendor/laravel/framework/src/Illuminate/View/View.php(137): Illuminate\View\Engines\CompilerEngine->get('/var/www/dev/pg...', Array)
#3 /var/www/dev/pgrs/laravel/vendor/laravel/framework/src/Illuminate/View/View.php(106): Illuminate\View\View->getContents()
#4 /var/www/dev/pgrs/laravel/vendor/laravel/framework/src/Illuminate/View/View.php(80): Illuminate\View\View->renderContents()
#5 /var/www/dev/pgrs/laravel/vendor/laravel/framework/src/Illuminate/Http/Response.php(51): Illuminate\View\View->render()
#6 /var/www/dev/pgrs/laravel/vendor/symfony/http-foundation/Response.php(202): Illuminate\Http\Response->setContent(Object(Illuminate\View\View))
#7 /var/www/dev/pgrs/laravel/vendor/laravel/framework/src/Illuminate/Routing/Router.php(1223): Symfony\Component\HttpFoundation\Response->__construct(Object(Illuminate\View\View))
#8 /var/www/dev/pgrs/laravel/vendor/laravel/framework/src/Illuminate/Routing/ControllerDispatcher.php(112): Illuminate\Routing\Router->prepareResponse(Object(Illuminate\Http\Request), Object(Illuminate\View\View))
#9 [internal function]: Illuminate\Routing\ControllerDispatcher->Illuminate\Routing\{closure}(Object(Illuminate\Http\Request))
#10 /var/www/dev/pgrs/laravel/vendor/laravel/framework/src/Illuminate/Pipeline/Pipeline.php(139): call_user_func(Object(Closure), Object(Illuminate\Http\Request))
#11 [internal function]: Illuminate\Pipeline\Pipeline->Illuminate\Pipeline\{closure}(Object(Illuminate\Http\Request))
#12 /var/www/dev/pgrs/laravel/vendor/laravel/framework/src/Illuminate/Pipeline/Pipeline.php(103): call_user_func(Object(Closure), Object(Illuminate\Http\Request))
#13 /var/www/dev/pgrs/laravel/vendor/laravel/framework/src/Illuminate/Routing/ControllerDispatcher.php(113): Illuminate\Pipeline\Pipeline->then(Object(Closure))
#14 /var/www/dev/pgrs/laravel/vendor/laravel/framework/src/Illuminate/Routing/ControllerDispatcher.php(68): Illuminate\Routing\ControllerDispatcher->callWithinStack(Object(App\Http\Controllers\AwardTypeController), Object(Illuminate\Routing\Route), Object(Illuminate\Http\Request), 'show')
#15 /var/www/dev/pgrs/laravel/vendor/laravel/framework/src/Illuminate/Routing/Route.php(198): Illuminate\Routing\ControllerDispatcher->dispatch(Object(Illuminate\Routing\Route), Object(Illuminate\Http\Request), 'App\Http\Contro...', 'show')
#16 /var/www/dev/pgrs/laravel/vendor/laravel/framework/src/Illuminate/Routing/Route.php(131): Illuminate\Routing\Route->runWithCustomDispatcher(Object(Illuminate\Http\Request))
#17 /var/www/dev/pgrs/laravel/vendor/laravel/framework/src/Illuminate/Routing/Router.php(702): Illuminate\Routing\Route->run(Object(Illuminate\Http\Request))
#18 [internal function]: Illuminate\Routing\Router->Illuminate\Routing\{closure}(Object(Illuminate\Http\Request))
#19 /var/www/dev/pgrs/laravel/vendor/laravel/framework/src/Illuminate/Pipeline/Pipeline.php(139): call_user_func(Object(Closure), Object(Illuminate\Http\Request))
#20 [internal function]: Illuminate\Pipeline\Pipeline->Illuminate\Pipeline\{closure}(Object(Illuminate\Http\Request))
#21 /var/www/dev/pgrs/laravel/vendor/laravel/framework/src/Illuminate/Pipeline/Pipeline.php(103): call_user_func(Object(Closure), Object(Illuminate\Http\Request))
#22 /var/www/dev/pgrs/laravel/vendor/laravel/framework/src/Illuminate/Routing/Router.php(704): Illuminate\Pipeline\Pipeline->then(Object(Closure))
#23 /var/www/dev/pgrs/laravel/vendor/laravel/framework/src/Illuminate/Routing/Router.php(669): Illuminate\Routing\Router->runRouteWithinStack(Object(Illuminate\Routing\Route), Object(Illuminate\Http\Request))
#24 /var/www/dev/pgrs/laravel/vendor/laravel/framework/src/Illuminate/Routing/Router.php(629): Illuminate\Routing\Router->dispatchToRoute(Object(Illuminate\Http\Request))
#25 /var/www/dev/pgrs/laravel/vendor/laravel/framework/src/Illuminate/Foundation/Http/Kernel.php(229): Illuminate\Routing\Router->dispatch(Object(Illuminate\Http\Request))
#26 [internal function]: Illuminate\Foundation\Http\Kernel->Illuminate\Foundation\Http\{closure}(Object(Illuminate\Http\Request))
#27 /var/www/dev/pgrs/laravel/vendor/laravel/framework/src/Illuminate/Pipeline/Pipeline.php(139): call_user_func(Object(Closure), Object(Illuminate\Http\Request))
#28 /var/www/dev/pgrs/laravel/vendor/laravel/framework/src/Illuminate/View/Middleware/ShareErrorsFromSession.php(54): Illuminate\Pipeline\Pipeline->Illuminate\Pipeline\{closure}(Object(Illuminate\Http\Request))
#29 [internal function]: Illuminate\View\Middleware\ShareErrorsFromSession->handle(Object(Illuminate\Http\Request), Object(Closure))
#30 /var/www/dev/pgrs/laravel/vendor/laravel/framework/src/Illuminate/Pipeline/Pipeline.php(124): call_user_func_array(Array, Array)
#31 /var/www/dev/pgrs/laravel/vendor/laravel/framework/src/Illuminate/Session/Middleware/StartSession.php(61): Illuminate\Pipeline\Pipeline->Illuminate\Pipeline\{closure}(Object(Illuminate\Http\Request))
#32 [internal function]: Illuminate\Session\Middleware\StartSession->handle(Object(Illuminate\Http\Request), Object(Closure))
#33 /var/www/dev/pgrs/laravel/vendor/laravel/framework/src/Illuminate/Pipeline/Pipeline.php(124): call_user_func_array(Array, Array)
#34 /var/www/dev/pgrs/laravel/vendor/laravel/framework/src/Illuminate/Cookie/Middleware/AddQueuedCookiesToResponse.php(37): Illuminate\Pipeline\Pipeline->Illuminate\Pipeline\{closure}(Object(Illuminate\Http\Request))
#35 [internal function]: Illuminate\Cookie\Middleware\AddQueuedCookiesToResponse->handle(Object(Illuminate\Http\Request), Object(Closure))
#36 /var/www/dev/pgrs/laravel/vendor/laravel/framework/src/Illuminate/Pipeline/Pipeline.php(124): call_user_func_array(Array, Array)
#37 /var/www/dev/pgrs/laravel/vendor/laravel/framework/src/Illuminate/Cookie/Middleware/EncryptCookies.php(59): Illuminate\Pipeline\Pipeline->Illuminate\Pipeline\{closure}(Object(Illuminate\Http\Request))
#38 [internal function]: Illuminate\Cookie\Middleware\EncryptCookies->handle(Object(Illuminate\Http\Request), Object(Closure))
#39 /var/www/dev/pgrs/laravel/vendor/laravel/framework/src/Illuminate/Pipeline/Pipeline.php(124): call_user_func_array(Array, Array)
#40 /var/www/dev/pgrs/laravel/vendor/laravel/framework/src/Illuminate/Foundation/Http/Middleware/CheckForMaintenanceMode.php(42): Illuminate\Pipeline\Pipeline->Illuminate\Pipeline\{closure}(Object(Illuminate\Http\Request))
#41 [internal function]: Illuminate\Foundation\Http\Middleware\CheckForMaintenanceMode->handle(Object(Illuminate\Http\Request), Object(Closure))
#42 /var/www/dev/pgrs/laravel/vendor/laravel/framework/src/Illuminate/Pipeline/Pipeline.php(124): call_user_func_array(Array, Array)
#43 [internal function]: Illuminate\Pipeline\Pipeline->Illuminate\Pipeline\{closure}(Object(Illuminate\Http\Request))
#44 /var/www/dev/pgrs/laravel/vendor/laravel/framework/src/Illuminate/Pipeline/Pipeline.php(103): call_user_func(Object(Closure), Object(Illuminate\Http\Request))
#45 /var/www/dev/pgrs/laravel/vendor/laravel/framework/src/Illuminate/Foundation/Http/Kernel.php(118): Illuminate\Pipeline\Pipeline->then(Object(Closure))
#46 /var/www/dev/pgrs/laravel/vendor/laravel/framework/src/Illuminate/Foundation/Http/Kernel.php(86): Illuminate\Foundation\Http\Kernel->sendRequestThroughRouter(Object(Illuminate\Http\Request))
#47 /var/www/dev/pgrs/laravel/public/index.php(54): Illuminate\Foundation\Http\Kernel->handle(Object(Illuminate\Http\Request))
#48 {main}  
[2015-06-23 17:25:50] local.ERROR: exception 'ErrorException' with message 'file_put_contents(/var/www/dev/pgrs/laravel/storage/framework/sessions/63402421d0c5972b84c72d7235849603d443ca80): failed to open stream: Permission denied' in /var/www/dev/pgrs/laravel/vendor/laravel/framework/src/Illuminate/Filesystem/Filesystem.php:81
Stack trace:
#0 [internal function]: Illuminate\Foundation\Bootstrap\HandleExceptions->handleError(2, 'file_put_conten...', '/var/www/dev/pg...', 81, Array)
#1 /var/www/dev/pgrs/laravel/vendor/laravel/framework/src/Illuminate/Filesystem/Filesystem.php(81): file_put_contents('/var/www/dev/pg...', 'a:4:{s:6:"_toke...', 2)
#2 /var/www/dev/pgrs/laravel/vendor/laravel/framework/src/Illuminate/Session/FileSessionHandler.php(71): Illuminate\Filesystem\Filesystem->put('/var/www/dev/pg...', 'a:4:{s:6:"_toke...', true)
#3 /var/www/dev/pgrs/laravel/vendor/laravel/framework/src/Illuminate/Session/Store.php(260): Illuminate\Session\FileSessionHandler->write('63402421d0c5972...', 'a:4:{s:6:"_toke...')
#4 /var/www/dev/pgrs/laravel/vendor/laravel/framework/src/Illuminate/Session/Middleware/StartSession.php(87): Illuminate\Session\Store->save()
#5 /var/www/dev/pgrs/laravel/vendor/laravel/framework/src/Illuminate/Foundation/Http/Kernel.php(138): Illuminate\Session\Middleware\StartSession->terminate(Object(Illuminate\Http\Request), Object(Illuminate\Http\Response))
#6 /var/www/dev/pgrs/laravel/public/index.php(58): Illuminate\Foundation\Http\Kernel->terminate(Object(Illuminate\Http\Request), Object(Illuminate\Http\Response))
#7 {main}  
[2015-06-23 17:25:54] local.ERROR: exception 'ErrorException' with message 'file_put_contents(/var/www/dev/pgrs/laravel/storage/framework/sessions/63402421d0c5972b84c72d7235849603d443ca80): failed to open stream: Permission denied' in /var/www/dev/pgrs/laravel/vendor/laravel/framework/src/Illuminate/Filesystem/Filesystem.php:81
Stack trace:
#0 [internal function]: Illuminate\Foundation\Bootstrap\HandleExceptions->handleError(2, 'file_put_conten...', '/var/www/dev/pg...', 81, Array)
#1 /var/www/dev/pgrs/laravel/vendor/laravel/framework/src/Illuminate/Filesystem/Filesystem.php(81): file_put_contents('/var/www/dev/pg...', 'a:4:{s:6:"_toke...', 2)
#2 /var/www/dev/pgrs/laravel/vendor/laravel/framework/src/Illuminate/Session/FileSessionHandler.php(71): Illuminate\Filesystem\Filesystem->put('/var/www/dev/pg...', 'a:4:{s:6:"_toke...', true)
#3 /var/www/dev/pgrs/laravel/vendor/laravel/framework/src/Illuminate/Session/Store.php(260): Illuminate\Session\FileSessionHandler->write('63402421d0c5972...', 'a:4:{s:6:"_toke...')
#4 /var/www/dev/pgrs/laravel/vendor/laravel/framework/src/Illuminate/Session/Middleware/StartSession.php(87): Illuminate\Session\Store->save()
#5 /var/www/dev/pgrs/laravel/vendor/laravel/framework/src/Illuminate/Foundation/Http/Kernel.php(138): Illuminate\Session\Middleware\StartSession->terminate(Object(Illuminate\Http\Request), Object(Illuminate\Http\Response))
#6 /var/www/dev/pgrs/laravel/public/index.php(58): Illuminate\Foundation\Http\Kernel->terminate(Object(Illuminate\Http\Request), Object(Illuminate\Http\Response))
#7 {main}  
[2015-06-23 17:26:03] local.ERROR: exception 'ErrorException' with message 'file_put_contents(/var/www/dev/pgrs/laravel/storage/framework/sessions/63402421d0c5972b84c72d7235849603d443ca80): failed to open stream: Permission denied' in /var/www/dev/pgrs/laravel/vendor/laravel/framework/src/Illuminate/Filesystem/Filesystem.php:81
Stack trace:
#0 [internal function]: Illuminate\Foundation\Bootstrap\HandleExceptions->handleError(2, 'file_put_conten...', '/var/www/dev/pg...', 81, Array)
#1 /var/www/dev/pgrs/laravel/vendor/laravel/framework/src/Illuminate/Filesystem/Filesystem.php(81): file_put_contents('/var/www/dev/pg...', 'a:4:{s:6:"_toke...', 2)
#2 /var/www/dev/pgrs/laravel/vendor/laravel/framework/src/Illuminate/Session/FileSessionHandler.php(71): Illuminate\Filesystem\Filesystem->put('/var/www/dev/pg...', 'a:4:{s:6:"_toke...', true)
#3 /var/www/dev/pgrs/laravel/vendor/laravel/framework/src/Illuminate/Session/Store.php(260): Illuminate\Session\FileSessionHandler->write('63402421d0c5972...', 'a:4:{s:6:"_toke...')
#4 /var/www/dev/pgrs/laravel/vendor/laravel/framework/src/Illuminate/Session/Middleware/StartSession.php(87): Illuminate\Session\Store->save()
#5 /var/www/dev/pgrs/laravel/vendor/laravel/framework/src/Illuminate/Foundation/Http/Kernel.php(138): Illuminate\Session\Middleware\StartSession->terminate(Object(Illuminate\Http\Request), Object(Illuminate\Http\Response))
#6 /var/www/dev/pgrs/laravel/public/index.php(58): Illuminate\Foundation\Http\Kernel->terminate(Object(Illuminate\Http\Request), Object(Illuminate\Http\Response))
#7 {main}  
