[2015-06-14 15:59:45] local.ERROR: exception 'Symfony\Component\Debug\Exception\FatalErrorException' with message 'syntax error, unexpected '}'' in /var/www/dev/pgrs/laravel/database/migrations/2015_06_14_150612_create_students_table.php:33
Stack trace:
#0 {main}  
[2015-06-14 16:00:50] local.ERROR: exception 'Symfony\Component\Debug\Exception\FatalErrorException' with message 'syntax error, unexpected '}'' in /var/www/dev/pgrs/laravel/database/migrations/2015_06_14_155215_create_types_of_absence_table.php:20
Stack trace:
#0 {main}  
[2015-06-14 16:01:12] local.ERROR: exception 'PDOException' with message 'SQLSTATE[HY000]: General error: 1005 Can't create table 'pgrs.#sql-3dd_7452' (errno: 150)' in /var/www/dev/pgrs/laravel/vendor/laravel/framework/src/Illuminate/Database/Connection.php:378
Stack trace:
#0 /var/www/dev/pgrs/laravel/vendor/laravel/framework/src/Illuminate/Database/Connection.php(378): PDOStatement->execute(Array)
#1 /var/www/dev/pgrs/laravel/vendor/laravel/framework/src/Illuminate/Database/Connection.php(622): Illuminate\Database\Connection->Illuminate\Database\{closure}(Object(Illuminate\Database\MySqlConnection), 'alter table `st...', Array)
#2 /var/www/dev/pgrs/laravel/vendor/laravel/framework/src/Illuminate/Database/Connection.php(589): Illuminate\Database\Connection->runQueryCallback('alter table `st...', Array, Object(Closure))
#3 /var/www/dev/pgrs/laravel/vendor/laravel/framework/src/Illuminate/Database/Connection.php(379): Illuminate\Database\Connection->run('alter table `st...', Array, Object(Closure))
#4 /var/www/dev/pgrs/laravel/vendor/laravel/framework/src/Illuminate/Database/Schema/Blueprint.php(76): Illuminate\Database\Connection->statement('alter table `st...')
#5 /var/www/dev/pgrs/laravel/vendor/laravel/framework/src/Illuminate/Database/Schema/Builder.php(191): Illuminate\Database\Schema\Blueprint->build(Object(Illuminate\Database\MySqlConnection), Object(Illuminate\Database\Schema\Grammars\MySqlGrammar))
#6 /var/www/dev/pgrs/laravel/vendor/laravel/framework/src/Illuminate/Database/Schema/Builder.php(134): Illuminate\Database\Schema\Builder->build(Object(Illuminate\Database\Schema\Blueprint))
#7 /var/www/dev/pgrs/laravel/vendor/laravel/framework/src/Illuminate/Support/Facades/Facade.php(213): Illuminate\Database\Schema\Builder->create('students', Object(Closure))
#8 /var/www/dev/pgrs/laravel/database/migrations/2015_06_14_150612_create_students_table.php(32): Illuminate\Support\Facades\Facade::__callStatic('create', Array)
#9 /var/www/dev/pgrs/laravel/database/migrations/2015_06_14_150612_create_students_table.php(32): Illuminate\Support\Facades\Schema::create('students', Object(Closure))
#10 /var/www/dev/pgrs/laravel/vendor/laravel/framework/src/Illuminate/Database/Migrations/Migrator.php(134): CreateStudentsTable->up()
#11 /var/www/dev/pgrs/laravel/vendor/laravel/framework/src/Illuminate/Database/Migrations/Migrator.php(111): Illuminate\Database\Migrations\Migrator->runUp('2015_06_14_1506...', 1, false)
#12 /var/www/dev/pgrs/laravel/vendor/laravel/framework/src/Illuminate/Database/Migrations/Migrator.php(84): Illuminate\Database\Migrations\Migrator->runMigrationList(Array, false)
#13 /var/www/dev/pgrs/laravel/vendor/laravel/framework/src/Illuminate/Database/Console/Migrations/MigrateCommand.php(74): Illuminate\Database\Migrations\Migrator->run('/var/www/dev/pg...', false)
#14 [internal function]: Illuminate\Database\Console\Migrations\MigrateCommand->fire()
#15 /var/www/dev/pgrs/laravel/vendor/laravel/framework/src/Illuminate/Container/Container.php(502): call_user_func_array(Array, Array)
#16 /var/www/dev/pgrs/laravel/vendor/laravel/framework/src/Illuminate/Console/Command.php(150): Illuminate\Container\Container->call(Array)
#17 /var/www/dev/pgrs/laravel/vendor/symfony/console/Command/Command.php(259): Illuminate\Console\Command->execute(Object(Symfony\Component\Console\Input\ArrayInput), Object(Symfony\Component\Console\Style\SymfonyStyle))
#18 /var/www/dev/pgrs/laravel/vendor/laravel/framework/src/Illuminate/Console/Command.php(136): Symfony\Component\Console\Command\Command->run(Object(Symfony\Component\Console\Input\ArrayInput), Object(Symfony\Component\Console\Style\SymfonyStyle))
#19 /var/www/dev/pgrs/laravel/vendor/laravel/framework/src/Illuminate/Console/Command.php(166): Illuminate\Console\Command->run(Object(Symfony\Component\Console\Input\ArrayInput), Object(Symfony\Component\Console\Style\SymfonyStyle))
#20 /var/www/dev/pgrs/laravel/vendor/laravel/framework/src/Illuminate/Database/Console/Migrations/RefreshCommand.php(51): Illuminate\Console\Command->call('migrate', Array)
#21 [internal function]: Illuminate\Database\Console\Migrations\RefreshCommand->fire()
#22 /var/www/dev/pgrs/laravel/vendor/laravel/framework/src/Illuminate/Container/Container.php(502): call_user_func_array(Array, Array)
#23 /var/www/dev/pgrs/laravel/vendor/laravel/framework/src/Illuminate/Console/Command.php(150): Illuminate\Container\Container->call(Array)
#24 /var/www/dev/pgrs/laravel/vendor/symfony/console/Command/Command.php(259): Illuminate\Console\Command->execute(Object(Symfony\Component\Console\Input\ArgvInput), Object(Symfony\Component\Console\Output\ConsoleOutput))
#25 /var/www/dev/pgrs/laravel/vendor/laravel/framework/src/Illuminate/Console/Command.php(136): Symfony\Component\Console\Command\Command->run(Object(Symfony\Component\Console\Input\ArgvInput), Object(Symfony\Component\Console\Output\ConsoleOutput))
#26 /var/www/dev/pgrs/laravel/vendor/symfony/console/Application.php(878): Illuminate\Console\Command->run(Object(Symfony\Component\Console\Input\ArgvInput), Object(Symfony\Component\Console\Output\ConsoleOutput))
#27 /var/www/dev/pgrs/laravel/vendor/symfony/console/Application.php(195): Symfony\Component\Console\Application->doRunCommand(Object(Illuminate\Database\Console\Migrations\RefreshCommand), Object(Symfony\Component\Console\Input\ArgvInput), Object(Symfony\Component\Console\Output\ConsoleOutput))
#28 /var/www/dev/pgrs/laravel/vendor/symfony/console/Application.php(126): Symfony\Component\Console\Application->doRun(Object(Symfony\Component\Console\Input\ArgvInput), Object(Symfony\Component\Console\Output\ConsoleOutput))
#29 /var/www/dev/pgrs/laravel/vendor/laravel/framework/src/Illuminate/Foundation/Console/Kernel.php(94): Symfony\Component\Console\Application->run(Object(Symfony\Component\Console\Input\ArgvInput), Object(Symfony\Component\Console\Output\ConsoleOutput))
#30 /var/www/dev/pgrs/laravel/artisan(36): Illuminate\Foundation\Console\Kernel->handle(Object(Symfony\Component\Console\Input\ArgvInput), Object(Symfony\Component\Console\Output\ConsoleOutput))
#31 {main}

Next exception 'Illuminate\Database\QueryException' with message 'SQLSTATE[HY000]: General error: 1005 Can't create table 'pgrs.#sql-3dd_7452' (errno: 150) (SQL: alter table `students` add constraint students_status_id_foreign foreign key (`status_id`) references `uk_ba_status` (`id`))' in /var/www/dev/pgrs/laravel/vendor/laravel/framework/src/Illuminate/Database/Connection.php:629
Stack trace:
#0 /var/www/dev/pgrs/laravel/vendor/laravel/framework/src/Illuminate/Database/Connection.php(589): Illuminate\Database\Connection->runQueryCallback('alter table `st...', Array, Object(Closure))
#1 /var/www/dev/pgrs/laravel/vendor/laravel/framework/src/Illuminate/Database/Connection.php(379): Illuminate\Database\Connection->run('alter table `st...', Array, Object(Closure))
#2 /var/www/dev/pgrs/laravel/vendor/laravel/framework/src/Illuminate/Database/Schema/Blueprint.php(76): Illuminate\Database\Connection->statement('alter table `st...')
#3 /var/www/dev/pgrs/laravel/vendor/laravel/framework/src/Illuminate/Database/Schema/Builder.php(191): Illuminate\Database\Schema\Blueprint->build(Object(Illuminate\Database\MySqlConnection), Object(Illuminate\Database\Schema\Grammars\MySqlGrammar))
#4 /var/www/dev/pgrs/laravel/vendor/laravel/framework/src/Illuminate/Database/Schema/Builder.php(134): Illuminate\Database\Schema\Builder->build(Object(Illuminate\Database\Schema\Blueprint))
#5 /var/www/dev/pgrs/laravel/vendor/laravel/framework/src/Illuminate/Support/Facades/Facade.php(213): Illuminate\Database\Schema\Builder->create('students', Object(Closure))
#6 /var/www/dev/pgrs/laravel/database/migrations/2015_06_14_150612_create_students_table.php(32): Illuminate\Support\Facades\Facade::__callStatic('create', Array)
#7 /var/www/dev/pgrs/laravel/database/migrations/2015_06_14_150612_create_students_table.php(32): Illuminate\Support\Facades\Schema::create('students', Object(Closure))
#8 /var/www/dev/pgrs/laravel/vendor/laravel/framework/src/Illuminate/Database/Migrations/Migrator.php(134): CreateStudentsTable->up()
#9 /var/www/dev/pgrs/laravel/vendor/laravel/framework/src/Illuminate/Database/Migrations/Migrator.php(111): Illuminate\Database\Migrations\Migrator->runUp('2015_06_14_1506...', 1, false)
#10 /var/www/dev/pgrs/laravel/vendor/laravel/framework/src/Illuminate/Database/Migrations/Migrator.php(84): Illuminate\Database\Migrations\Migrator->runMigrationList(Array, false)
#11 /var/www/dev/pgrs/laravel/vendor/laravel/framework/src/Illuminate/Database/Console/Migrations/MigrateCommand.php(74): Illuminate\Database\Migrations\Migrator->run('/var/www/dev/pg...', false)
#12 [internal function]: Illuminate\Database\Console\Migrations\MigrateCommand->fire()
#13 /var/www/dev/pgrs/laravel/vendor/laravel/framework/src/Illuminate/Container/Container.php(502): call_user_func_array(Array, Array)
#14 /var/www/dev/pgrs/laravel/vendor/laravel/framework/src/Illuminate/Console/Command.php(150): Illuminate\Container\Container->call(Array)
#15 /var/www/dev/pgrs/laravel/vendor/symfony/console/Command/Command.php(259): Illuminate\Console\Command->execute(Object(Symfony\Component\Console\Input\ArrayInput), Object(Symfony\Component\Console\Style\SymfonyStyle))
#16 /var/www/dev/pgrs/laravel/vendor/laravel/framework/src/Illuminate/Console/Command.php(136): Symfony\Component\Console\Command\Command->run(Object(Symfony\Component\Console\Input\ArrayInput), Object(Symfony\Component\Console\Style\SymfonyStyle))
#17 /var/www/dev/pgrs/laravel/vendor/laravel/framework/src/Illuminate/Console/Command.php(166): Illuminate\Console\Command->run(Object(Symfony\Component\Console\Input\ArrayInput), Object(Symfony\Component\Console\Style\SymfonyStyle))
#18 /var/www/dev/pgrs/laravel/vendor/laravel/framework/src/Illuminate/Database/Console/Migrations/RefreshCommand.php(51): Illuminate\Console\Command->call('migrate', Array)
#19 [internal function]: Illuminate\Database\Console\Migrations\RefreshCommand->fire()
#20 /var/www/dev/pgrs/laravel/vendor/laravel/framework/src/Illuminate/Container/Container.php(502): call_user_func_array(Array, Array)
#21 /var/www/dev/pgrs/laravel/vendor/laravel/framework/src/Illuminate/Console/Command.php(150): Illuminate\Container\Container->call(Array)
#22 /var/www/dev/pgrs/laravel/vendor/symfony/console/Command/Command.php(259): Illuminate\Console\Command->execute(Object(Symfony\Component\Console\Input\ArgvInput), Object(Symfony\Component\Console\Output\ConsoleOutput))
#23 /var/www/dev/pgrs/laravel/vendor/laravel/framework/src/Illuminate/Console/Command.php(136): Symfony\Component\Console\Command\Command->run(Object(Symfony\Component\Console\Input\ArgvInput), Object(Symfony\Component\Console\Output\ConsoleOutput))
#24 /var/www/dev/pgrs/laravel/vendor/symfony/console/Application.php(878): Illuminate\Console\Command->run(Object(Symfony\Component\Console\Input\ArgvInput), Object(Symfony\Component\Console\Output\ConsoleOutput))
#25 /var/www/dev/pgrs/laravel/vendor/symfony/console/Application.php(195): Symfony\Component\Console\Application->doRunCommand(Object(Illuminate\Database\Console\Migrations\RefreshCommand), Object(Symfony\Component\Console\Input\ArgvInput), Object(Symfony\Component\Console\Output\ConsoleOutput))
#26 /var/www/dev/pgrs/laravel/vendor/symfony/console/Application.php(126): Symfony\Component\Console\Application->doRun(Object(Symfony\Component\Console\Input\ArgvInput), Object(Symfony\Component\Console\Output\ConsoleOutput))
#27 /var/www/dev/pgrs/laravel/vendor/laravel/framework/src/Illuminate/Foundation/Console/Kernel.php(94): Symfony\Component\Console\Application->run(Object(Symfony\Component\Console\Input\ArgvInput), Object(Symfony\Component\Console\Output\ConsoleOutput))
#28 /var/www/dev/pgrs/laravel/artisan(36): Illuminate\Foundation\Console\Kernel->handle(Object(Symfony\Component\Console\Input\ArgvInput), Object(Symfony\Component\Console\Output\ConsoleOutput))
#29 {main}  
[2015-06-14 16:02:18] local.ERROR: exception 'PDOException' with message 'SQLSTATE[23000]: Integrity constraint violation: 1217 Cannot delete or update a parent row: a foreign key constraint fails' in /var/www/dev/pgrs/laravel/vendor/laravel/framework/src/Illuminate/Database/Connection.php:378
Stack trace:
#0 /var/www/dev/pgrs/laravel/vendor/laravel/framework/src/Illuminate/Database/Connection.php(378): PDOStatement->execute(Array)
#1 /var/www/dev/pgrs/laravel/vendor/laravel/framework/src/Illuminate/Database/Connection.php(622): Illuminate\Database\Connection->Illuminate\Database\{closure}(Object(Illuminate\Database\MySqlConnection), 'drop table `use...', Array)
#2 /var/www/dev/pgrs/laravel/vendor/laravel/framework/src/Illuminate/Database/Connection.php(589): Illuminate\Database\Connection->runQueryCallback('drop table `use...', Array, Object(Closure))
#3 /var/www/dev/pgrs/laravel/vendor/laravel/framework/src/Illuminate/Database/Connection.php(379): Illuminate\Database\Connection->run('drop table `use...', Array, Object(Closure))
#4 /var/www/dev/pgrs/laravel/vendor/laravel/framework/src/Illuminate/Database/Schema/Blueprint.php(76): Illuminate\Database\Connection->statement('drop table `use...')
#5 /var/www/dev/pgrs/laravel/vendor/laravel/framework/src/Illuminate/Database/Schema/Builder.php(191): Illuminate\Database\Schema\Blueprint->build(Object(Illuminate\Database\MySqlConnection), Object(Illuminate\Database\Schema\Grammars\MySqlGrammar))
#6 /var/www/dev/pgrs/laravel/vendor/laravel/framework/src/Illuminate/Database/Schema/Builder.php(149): Illuminate\Database\Schema\Builder->build(Object(Illuminate\Database\Schema\Blueprint))
#7 /var/www/dev/pgrs/laravel/vendor/laravel/framework/src/Illuminate/Support/Facades/Facade.php(210): Illuminate\Database\Schema\Builder->drop('users')
#8 /var/www/dev/pgrs/laravel/database/migrations/2014_10_12_000000_create_users_table.php(37): Illuminate\Support\Facades\Facade::__callStatic('drop', Array)
#9 /var/www/dev/pgrs/laravel/database/migrations/2014_10_12_000000_create_users_table.php(37): Illuminate\Support\Facades\Schema::drop('users')
#10 /var/www/dev/pgrs/laravel/vendor/laravel/framework/src/Illuminate/Database/Migrations/Migrator.php(220): CreateUsersTable->down()
#11 /var/www/dev/pgrs/laravel/vendor/laravel/framework/src/Illuminate/Database/Migrations/Migrator.php(194): Illuminate\Database\Migrations\Migrator->runDown(Object(stdClass), false)
#12 /var/www/dev/pgrs/laravel/vendor/laravel/framework/src/Illuminate/Database/Console/Migrations/ResetCommand.php(69): Illuminate\Database\Migrations\Migrator->reset(false)
#13 [internal function]: Illuminate\Database\Console\Migrations\ResetCommand->fire()
#14 /var/www/dev/pgrs/laravel/vendor/laravel/framework/src/Illuminate/Container/Container.php(502): call_user_func_array(Array, Array)
#15 /var/www/dev/pgrs/laravel/vendor/laravel/framework/src/Illuminate/Console/Command.php(150): Illuminate\Container\Container->call(Array)
#16 /var/www/dev/pgrs/laravel/vendor/symfony/console/Command/Command.php(259): Illuminate\Console\Command->execute(Object(Symfony\Component\Console\Input\ArgvInput), Object(Symfony\Component\Console\Output\ConsoleOutput))
#17 /var/www/dev/pgrs/laravel/vendor/laravel/framework/src/Illuminate/Console/Command.php(136): Symfony\Component\Console\Command\Command->run(Object(Symfony\Component\Console\Input\ArgvInput), Object(Symfony\Component\Console\Output\ConsoleOutput))
#18 /var/www/dev/pgrs/laravel/vendor/symfony/console/Application.php(878): Illuminate\Console\Command->run(Object(Symfony\Component\Console\Input\ArgvInput), Object(Symfony\Component\Console\Output\ConsoleOutput))
#19 /var/www/dev/pgrs/laravel/vendor/symfony/console/Application.php(195): Symfony\Component\Console\Application->doRunCommand(Object(Illuminate\Database\Console\Migrations\ResetCommand), Object(Symfony\Component\Console\Input\ArgvInput), Object(Symfony\Component\Console\Output\ConsoleOutput))
#20 /var/www/dev/pgrs/laravel/vendor/symfony/console/Application.php(126): Symfony\Component\Console\Application->doRun(Object(Symfony\Component\Console\Input\ArgvInput), Object(Symfony\Component\Console\Output\ConsoleOutput))
#21 /var/www/dev/pgrs/laravel/vendor/laravel/framework/src/Illuminate/Foundation/Console/Kernel.php(94): Symfony\Component\Console\Application->run(Object(Symfony\Component\Console\Input\ArgvInput), Object(Symfony\Component\Console\Output\ConsoleOutput))
#22 /var/www/dev/pgrs/laravel/artisan(36): Illuminate\Foundation\Console\Kernel->handle(Object(Symfony\Component\Console\Input\ArgvInput), Object(Symfony\Component\Console\Output\ConsoleOutput))
#23 {main}

Next exception 'Illuminate\Database\QueryException' with message 'SQLSTATE[23000]: Integrity constraint violation: 1217 Cannot delete or update a parent row: a foreign key constraint fails (SQL: drop table `users`)' in /var/www/dev/pgrs/laravel/vendor/laravel/framework/src/Illuminate/Database/Connection.php:629
Stack trace:
#0 /var/www/dev/pgrs/laravel/vendor/laravel/framework/src/Illuminate/Database/Connection.php(589): Illuminate\Database\Connection->runQueryCallback('drop table `use...', Array, Object(Closure))
#1 /var/www/dev/pgrs/laravel/vendor/laravel/framework/src/Illuminate/Database/Connection.php(379): Illuminate\Database\Connection->run('drop table `use...', Array, Object(Closure))
#2 /var/www/dev/pgrs/laravel/vendor/laravel/framework/src/Illuminate/Database/Schema/Blueprint.php(76): Illuminate\Database\Connection->statement('drop table `use...')
#3 /var/www/dev/pgrs/laravel/vendor/laravel/framework/src/Illuminate/Database/Schema/Builder.php(191): Illuminate\Database\Schema\Blueprint->build(Object(Illuminate\Database\MySqlConnection), Object(Illuminate\Database\Schema\Grammars\MySqlGrammar))
#4 /var/www/dev/pgrs/laravel/vendor/laravel/framework/src/Illuminate/Database/Schema/Builder.php(149): Illuminate\Database\Schema\Builder->build(Object(Illuminate\Database\Schema\Blueprint))
#5 /var/www/dev/pgrs/laravel/vendor/laravel/framework/src/Illuminate/Support/Facades/Facade.php(210): Illuminate\Database\Schema\Builder->drop('users')
#6 /var/www/dev/pgrs/laravel/database/migrations/2014_10_12_000000_create_users_table.php(37): Illuminate\Support\Facades\Facade::__callStatic('drop', Array)
#7 /var/www/dev/pgrs/laravel/database/migrations/2014_10_12_000000_create_users_table.php(37): Illuminate\Support\Facades\Schema::drop('users')
#8 /var/www/dev/pgrs/laravel/vendor/laravel/framework/src/Illuminate/Database/Migrations/Migrator.php(220): CreateUsersTable->down()
#9 /var/www/dev/pgrs/laravel/vendor/laravel/framework/src/Illuminate/Database/Migrations/Migrator.php(194): Illuminate\Database\Migrations\Migrator->runDown(Object(stdClass), false)
#10 /var/www/dev/pgrs/laravel/vendor/laravel/framework/src/Illuminate/Database/Console/Migrations/ResetCommand.php(69): Illuminate\Database\Migrations\Migrator->reset(false)
#11 [internal function]: Illuminate\Database\Console\Migrations\ResetCommand->fire()
#12 /var/www/dev/pgrs/laravel/vendor/laravel/framework/src/Illuminate/Container/Container.php(502): call_user_func_array(Array, Array)
#13 /var/www/dev/pgrs/laravel/vendor/laravel/framework/src/Illuminate/Console/Command.php(150): Illuminate\Container\Container->call(Array)
#14 /var/www/dev/pgrs/laravel/vendor/symfony/console/Command/Command.php(259): Illuminate\Console\Command->execute(Object(Symfony\Component\Console\Input\ArgvInput), Object(Symfony\Component\Console\Output\ConsoleOutput))
#15 /var/www/dev/pgrs/laravel/vendor/laravel/framework/src/Illuminate/Console/Command.php(136): Symfony\Component\Console\Command\Command->run(Object(Symfony\Component\Console\Input\ArgvInput), Object(Symfony\Component\Console\Output\ConsoleOutput))
#16 /var/www/dev/pgrs/laravel/vendor/symfony/console/Application.php(878): Illuminate\Console\Command->run(Object(Symfony\Component\Console\Input\ArgvInput), Object(Symfony\Component\Console\Output\ConsoleOutput))
#17 /var/www/dev/pgrs/laravel/vendor/symfony/console/Application.php(195): Symfony\Component\Console\Application->doRunCommand(Object(Illuminate\Database\Console\Migrations\ResetCommand), Object(Symfony\Component\Console\Input\ArgvInput), Object(Symfony\Component\Console\Output\ConsoleOutput))
#18 /var/www/dev/pgrs/laravel/vendor/symfony/console/Application.php(126): Symfony\Component\Console\Application->doRun(Object(Symfony\Component\Console\Input\ArgvInput), Object(Symfony\Component\Console\Output\ConsoleOutput))
#19 /var/www/dev/pgrs/laravel/vendor/laravel/framework/src/Illuminate/Foundation/Console/Kernel.php(94): Symfony\Component\Console\Application->run(Object(Symfony\Component\Console\Input\ArgvInput), Object(Symfony\Component\Console\Output\ConsoleOutput))
#20 /var/www/dev/pgrs/laravel/artisan(36): Illuminate\Foundation\Console\Kernel->handle(Object(Symfony\Component\Console\Input\ArgvInput), Object(Symfony\Component\Console\Output\ConsoleOutput))
#21 {main}  
[2015-06-14 16:04:36] local.ERROR: exception 'PDOException' with message 'SQLSTATE[42S01]: Base table or view already exists: 1050 Table 'migrations' already exists' in /var/www/dev/pgrs/laravel/vendor/laravel/framework/src/Illuminate/Database/Connection.php:378
Stack trace:
#0 /var/www/dev/pgrs/laravel/vendor/laravel/framework/src/Illuminate/Database/Connection.php(378): PDOStatement->execute(Array)
#1 /var/www/dev/pgrs/laravel/vendor/laravel/framework/src/Illuminate/Database/Connection.php(622): Illuminate\Database\Connection->Illuminate\Database\{closure}(Object(Illuminate\Database\MySqlConnection), 'create table `m...', Array)
#2 /var/www/dev/pgrs/laravel/vendor/laravel/framework/src/Illuminate/Database/Connection.php(589): Illuminate\Database\Connection->runQueryCallback('create table `m...', Array, Object(Closure))
#3 /var/www/dev/pgrs/laravel/vendor/laravel/framework/src/Illuminate/Database/Connection.php(379): Illuminate\Database\Connection->run('create table `m...', Array, Object(Closure))
#4 /var/www/dev/pgrs/laravel/vendor/laravel/framework/src/Illuminate/Database/Schema/Blueprint.php(76): Illuminate\Database\Connection->statement('create table `m...')
#5 /var/www/dev/pgrs/laravel/vendor/laravel/framework/src/Illuminate/Database/Schema/Builder.php(191): Illuminate\Database\Schema\Blueprint->build(Object(Illuminate\Database\MySqlConnection), Object(Illuminate\Database\Schema\Grammars\MySqlGrammar))
#6 /var/www/dev/pgrs/laravel/vendor/laravel/framework/src/Illuminate/Database/Schema/Builder.php(134): Illuminate\Database\Schema\Builder->build(Object(Illuminate\Database\Schema\Blueprint))
#7 /var/www/dev/pgrs/laravel/vendor/laravel/framework/src/Illuminate/Database/Migrations/DatabaseMigrationRepository.php(126): Illuminate\Database\Schema\Builder->create('migrations', Object(Closure))
#8 /var/www/dev/pgrs/laravel/vendor/laravel/framework/src/Illuminate/Database/Console/Migrations/InstallCommand.php(54): Illuminate\Database\Migrations\DatabaseMigrationRepository->createRepository()
#9 [internal function]: Illuminate\Database\Console\Migrations\InstallCommand->fire()
#10 /var/www/dev/pgrs/laravel/vendor/laravel/framework/src/Illuminate/Container/Container.php(502): call_user_func_array(Array, Array)
#11 /var/www/dev/pgrs/laravel/vendor/laravel/framework/src/Illuminate/Console/Command.php(150): Illuminate\Container\Container->call(Array)
#12 /var/www/dev/pgrs/laravel/vendor/symfony/console/Command/Command.php(259): Illuminate\Console\Command->execute(Object(Symfony\Component\Console\Input\ArgvInput), Object(Symfony\Component\Console\Output\ConsoleOutput))
#13 /var/www/dev/pgrs/laravel/vendor/laravel/framework/src/Illuminate/Console/Command.php(136): Symfony\Component\Console\Command\Command->run(Object(Symfony\Component\Console\Input\ArgvInput), Object(Symfony\Component\Console\Output\ConsoleOutput))
#14 /var/www/dev/pgrs/laravel/vendor/symfony/console/Application.php(878): Illuminate\Console\Command->run(Object(Symfony\Component\Console\Input\ArgvInput), Object(Symfony\Component\Console\Output\ConsoleOutput))
#15 /var/www/dev/pgrs/laravel/vendor/symfony/console/Application.php(195): Symfony\Component\Console\Application->doRunCommand(Object(Illuminate\Database\Console\Migrations\InstallCommand), Object(Symfony\Component\Console\Input\ArgvInput), Object(Symfony\Component\Console\Output\ConsoleOutput))
#16 /var/www/dev/pgrs/laravel/vendor/symfony/console/Application.php(126): Symfony\Component\Console\Application->doRun(Object(Symfony\Component\Console\Input\ArgvInput), Object(Symfony\Component\Console\Output\ConsoleOutput))
#17 /var/www/dev/pgrs/laravel/vendor/laravel/framework/src/Illuminate/Foundation/Console/Kernel.php(94): Symfony\Component\Console\Application->run(Object(Symfony\Component\Console\Input\ArgvInput), Object(Symfony\Component\Console\Output\ConsoleOutput))
#18 /var/www/dev/pgrs/laravel/artisan(36): Illuminate\Foundation\Console\Kernel->handle(Object(Symfony\Component\Console\Input\ArgvInput), Object(Symfony\Component\Console\Output\ConsoleOutput))
#19 {main}

Next exception 'Illuminate\Database\QueryException' with message 'SQLSTATE[42S01]: Base table or view already exists: 1050 Table 'migrations' already exists (SQL: create table `migrations` (`migration` varchar(255) not null, `batch` int not null) default character set utf8 collate utf8_unicode_ci)' in /var/www/dev/pgrs/laravel/vendor/laravel/framework/src/Illuminate/Database/Connection.php:629
Stack trace:
#0 /var/www/dev/pgrs/laravel/vendor/laravel/framework/src/Illuminate/Database/Connection.php(589): Illuminate\Database\Connection->runQueryCallback('create table `m...', Array, Object(Closure))
#1 /var/www/dev/pgrs/laravel/vendor/laravel/framework/src/Illuminate/Database/Connection.php(379): Illuminate\Database\Connection->run('create table `m...', Array, Object(Closure))
#2 /var/www/dev/pgrs/laravel/vendor/laravel/framework/src/Illuminate/Database/Schema/Blueprint.php(76): Illuminate\Database\Connection->statement('create table `m...')
#3 /var/www/dev/pgrs/laravel/vendor/laravel/framework/src/Illuminate/Database/Schema/Builder.php(191): Illuminate\Database\Schema\Blueprint->build(Object(Illuminate\Database\MySqlConnection), Object(Illuminate\Database\Schema\Grammars\MySqlGrammar))
#4 /var/www/dev/pgrs/laravel/vendor/laravel/framework/src/Illuminate/Database/Schema/Builder.php(134): Illuminate\Database\Schema\Builder->build(Object(Illuminate\Database\Schema\Blueprint))
#5 /var/www/dev/pgrs/laravel/vendor/laravel/framework/src/Illuminate/Database/Migrations/DatabaseMigrationRepository.php(126): Illuminate\Database\Schema\Builder->create('migrations', Object(Closure))
#6 /var/www/dev/pgrs/laravel/vendor/laravel/framework/src/Illuminate/Database/Console/Migrations/InstallCommand.php(54): Illuminate\Database\Migrations\DatabaseMigrationRepository->createRepository()
#7 [internal function]: Illuminate\Database\Console\Migrations\InstallCommand->fire()
#8 /var/www/dev/pgrs/laravel/vendor/laravel/framework/src/Illuminate/Container/Container.php(502): call_user_func_array(Array, Array)
#9 /var/www/dev/pgrs/laravel/vendor/laravel/framework/src/Illuminate/Console/Command.php(150): Illuminate\Container\Container->call(Array)
#10 /var/www/dev/pgrs/laravel/vendor/symfony/console/Command/Command.php(259): Illuminate\Console\Command->execute(Object(Symfony\Component\Console\Input\ArgvInput), Object(Symfony\Component\Console\Output\ConsoleOutput))
#11 /var/www/dev/pgrs/laravel/vendor/laravel/framework/src/Illuminate/Console/Command.php(136): Symfony\Component\Console\Command\Command->run(Object(Symfony\Component\Console\Input\ArgvInput), Object(Symfony\Component\Console\Output\ConsoleOutput))
#12 /var/www/dev/pgrs/laravel/vendor/symfony/console/Application.php(878): Illuminate\Console\Command->run(Object(Symfony\Component\Console\Input\ArgvInput), Object(Symfony\Component\Console\Output\ConsoleOutput))
#13 /var/www/dev/pgrs/laravel/vendor/symfony/console/Application.php(195): Symfony\Component\Console\Application->doRunCommand(Object(Illuminate\Database\Console\Migrations\InstallCommand), Object(Symfony\Component\Console\Input\ArgvInput), Object(Symfony\Component\Console\Output\ConsoleOutput))
#14 /var/www/dev/pgrs/laravel/vendor/symfony/console/Application.php(126): Symfony\Component\Console\Application->doRun(Object(Symfony\Component\Console\Input\ArgvInput), Object(Symfony\Component\Console\Output\ConsoleOutput))
#15 /var/www/dev/pgrs/laravel/vendor/laravel/framework/src/Illuminate/Foundation/Console/Kernel.php(94): Symfony\Component\Console\Application->run(Object(Symfony\Component\Console\Input\ArgvInput), Object(Symfony\Component\Console\Output\ConsoleOutput))
#16 /var/www/dev/pgrs/laravel/artisan(36): Illuminate\Foundation\Console\Kernel->handle(Object(Symfony\Component\Console\Input\ArgvInput), Object(Symfony\Component\Console\Output\ConsoleOutput))
#17 {main}  
[2015-06-14 16:04:54] local.ERROR: exception 'PDOException' with message 'SQLSTATE[42S02]: Base table or view not found: 1051 Unknown table 'users'' in /var/www/dev/pgrs/laravel/vendor/laravel/framework/src/Illuminate/Database/Connection.php:378
Stack trace:
#0 /var/www/dev/pgrs/laravel/vendor/laravel/framework/src/Illuminate/Database/Connection.php(378): PDOStatement->execute(Array)
#1 /var/www/dev/pgrs/laravel/vendor/laravel/framework/src/Illuminate/Database/Connection.php(622): Illuminate\Database\Connection->Illuminate\Database\{closure}(Object(Illuminate\Database\MySqlConnection), 'drop table `use...', Array)
#2 /var/www/dev/pgrs/laravel/vendor/laravel/framework/src/Illuminate/Database/Connection.php(589): Illuminate\Database\Connection->runQueryCallback('drop table `use...', Array, Object(Closure))
#3 /var/www/dev/pgrs/laravel/vendor/laravel/framework/src/Illuminate/Database/Connection.php(379): Illuminate\Database\Connection->run('drop table `use...', Array, Object(Closure))
#4 /var/www/dev/pgrs/laravel/vendor/laravel/framework/src/Illuminate/Database/Schema/Blueprint.php(76): Illuminate\Database\Connection->statement('drop table `use...')
#5 /var/www/dev/pgrs/laravel/vendor/laravel/framework/src/Illuminate/Database/Schema/Builder.php(191): Illuminate\Database\Schema\Blueprint->build(Object(Illuminate\Database\MySqlConnection), Object(Illuminate\Database\Schema\Grammars\MySqlGrammar))
#6 /var/www/dev/pgrs/laravel/vendor/laravel/framework/src/Illuminate/Database/Schema/Builder.php(149): Illuminate\Database\Schema\Builder->build(Object(Illuminate\Database\Schema\Blueprint))
#7 /var/www/dev/pgrs/laravel/vendor/laravel/framework/src/Illuminate/Support/Facades/Facade.php(210): Illuminate\Database\Schema\Builder->drop('users')
#8 /var/www/dev/pgrs/laravel/database/migrations/2014_10_12_000000_create_users_table.php(37): Illuminate\Support\Facades\Facade::__callStatic('drop', Array)
#9 /var/www/dev/pgrs/laravel/database/migrations/2014_10_12_000000_create_users_table.php(37): Illuminate\Support\Facades\Schema::drop('users')
#10 /var/www/dev/pgrs/laravel/vendor/laravel/framework/src/Illuminate/Database/Migrations/Migrator.php(220): CreateUsersTable->down()
#11 /var/www/dev/pgrs/laravel/vendor/laravel/framework/src/Illuminate/Database/Migrations/Migrator.php(194): Illuminate\Database\Migrations\Migrator->runDown(Object(stdClass), false)
#12 /var/www/dev/pgrs/laravel/vendor/laravel/framework/src/Illuminate/Database/Console/Migrations/ResetCommand.php(69): Illuminate\Database\Migrations\Migrator->reset(false)
#13 [internal function]: Illuminate\Database\Console\Migrations\ResetCommand->fire()
#14 /var/www/dev/pgrs/laravel/vendor/laravel/framework/src/Illuminate/Container/Container.php(502): call_user_func_array(Array, Array)
#15 /var/www/dev/pgrs/laravel/vendor/laravel/framework/src/Illuminate/Console/Command.php(150): Illuminate\Container\Container->call(Array)
#16 /var/www/dev/pgrs/laravel/vendor/symfony/console/Command/Command.php(259): Illuminate\Console\Command->execute(Object(Symfony\Component\Console\Input\ArgvInput), Object(Symfony\Component\Console\Output\ConsoleOutput))
#17 /var/www/dev/pgrs/laravel/vendor/laravel/framework/src/Illuminate/Console/Command.php(136): Symfony\Component\Console\Command\Command->run(Object(Symfony\Component\Console\Input\ArgvInput), Object(Symfony\Component\Console\Output\ConsoleOutput))
#18 /var/www/dev/pgrs/laravel/vendor/symfony/console/Application.php(878): Illuminate\Console\Command->run(Object(Symfony\Component\Console\Input\ArgvInput), Object(Symfony\Component\Console\Output\ConsoleOutput))
#19 /var/www/dev/pgrs/laravel/vendor/symfony/console/Application.php(195): Symfony\Component\Console\Application->doRunCommand(Object(Illuminate\Database\Console\Migrations\ResetCommand), Object(Symfony\Component\Console\Input\ArgvInput), Object(Symfony\Component\Console\Output\ConsoleOutput))
#20 /var/www/dev/pgrs/laravel/vendor/symfony/console/Application.php(126): Symfony\Component\Console\Application->doRun(Object(Symfony\Component\Console\Input\ArgvInput), Object(Symfony\Component\Console\Output\ConsoleOutput))
#21 /var/www/dev/pgrs/laravel/vendor/laravel/framework/src/Illuminate/Foundation/Console/Kernel.php(94): Symfony\Component\Console\Application->run(Object(Symfony\Component\Console\Input\ArgvInput), Object(Symfony\Component\Console\Output\ConsoleOutput))
#22 /var/www/dev/pgrs/laravel/artisan(36): Illuminate\Foundation\Console\Kernel->handle(Object(Symfony\Component\Console\Input\ArgvInput), Object(Symfony\Component\Console\Output\ConsoleOutput))
#23 {main}

Next exception 'Illuminate\Database\QueryException' with message 'SQLSTATE[42S02]: Base table or view not found: 1051 Unknown table 'users' (SQL: drop table `users`)' in /var/www/dev/pgrs/laravel/vendor/laravel/framework/src/Illuminate/Database/Connection.php:629
Stack trace:
#0 /var/www/dev/pgrs/laravel/vendor/laravel/framework/src/Illuminate/Database/Connection.php(589): Illuminate\Database\Connection->runQueryCallback('drop table `use...', Array, Object(Closure))
#1 /var/www/dev/pgrs/laravel/vendor/laravel/framework/src/Illuminate/Database/Connection.php(379): Illuminate\Database\Connection->run('drop table `use...', Array, Object(Closure))
#2 /var/www/dev/pgrs/laravel/vendor/laravel/framework/src/Illuminate/Database/Schema/Blueprint.php(76): Illuminate\Database\Connection->statement('drop table `use...')
#3 /var/www/dev/pgrs/laravel/vendor/laravel/framework/src/Illuminate/Database/Schema/Builder.php(191): Illuminate\Database\Schema\Blueprint->build(Object(Illuminate\Database\MySqlConnection), Object(Illuminate\Database\Schema\Grammars\MySqlGrammar))
#4 /var/www/dev/pgrs/laravel/vendor/laravel/framework/src/Illuminate/Database/Schema/Builder.php(149): Illuminate\Database\Schema\Builder->build(Object(Illuminate\Database\Schema\Blueprint))
#5 /var/www/dev/pgrs/laravel/vendor/laravel/framework/src/Illuminate/Support/Facades/Facade.php(210): Illuminate\Database\Schema\Builder->drop('users')
#6 /var/www/dev/pgrs/laravel/database/migrations/2014_10_12_000000_create_users_table.php(37): Illuminate\Support\Facades\Facade::__callStatic('drop', Array)
#7 /var/www/dev/pgrs/laravel/database/migrations/2014_10_12_000000_create_users_table.php(37): Illuminate\Support\Facades\Schema::drop('users')
#8 /var/www/dev/pgrs/laravel/vendor/laravel/framework/src/Illuminate/Database/Migrations/Migrator.php(220): CreateUsersTable->down()
#9 /var/www/dev/pgrs/laravel/vendor/laravel/framework/src/Illuminate/Database/Migrations/Migrator.php(194): Illuminate\Database\Migrations\Migrator->runDown(Object(stdClass), false)
#10 /var/www/dev/pgrs/laravel/vendor/laravel/framework/src/Illuminate/Database/Console/Migrations/ResetCommand.php(69): Illuminate\Database\Migrations\Migrator->reset(false)
#11 [internal function]: Illuminate\Database\Console\Migrations\ResetCommand->fire()
#12 /var/www/dev/pgrs/laravel/vendor/laravel/framework/src/Illuminate/Container/Container.php(502): call_user_func_array(Array, Array)
#13 /var/www/dev/pgrs/laravel/vendor/laravel/framework/src/Illuminate/Console/Command.php(150): Illuminate\Container\Container->call(Array)
#14 /var/www/dev/pgrs/laravel/vendor/symfony/console/Command/Command.php(259): Illuminate\Console\Command->execute(Object(Symfony\Component\Console\Input\ArgvInput), Object(Symfony\Component\Console\Output\ConsoleOutput))
#15 /var/www/dev/pgrs/laravel/vendor/laravel/framework/src/Illuminate/Console/Command.php(136): Symfony\Component\Console\Command\Command->run(Object(Symfony\Component\Console\Input\ArgvInput), Object(Symfony\Component\Console\Output\ConsoleOutput))
#16 /var/www/dev/pgrs/laravel/vendor/symfony/console/Application.php(878): Illuminate\Console\Command->run(Object(Symfony\Component\Console\Input\ArgvInput), Object(Symfony\Component\Console\Output\ConsoleOutput))
#17 /var/www/dev/pgrs/laravel/vendor/symfony/console/Application.php(195): Symfony\Component\Console\Application->doRunCommand(Object(Illuminate\Database\Console\Migrations\ResetCommand), Object(Symfony\Component\Console\Input\ArgvInput), Object(Symfony\Component\Console\Output\ConsoleOutput))
#18 /var/www/dev/pgrs/laravel/vendor/symfony/console/Application.php(126): Symfony\Component\Console\Application->doRun(Object(Symfony\Component\Console\Input\ArgvInput), Object(Symfony\Component\Console\Output\ConsoleOutput))
#19 /var/www/dev/pgrs/laravel/vendor/laravel/framework/src/Illuminate/Foundation/Console/Kernel.php(94): Symfony\Component\Console\Application->run(Object(Symfony\Component\Console\Input\ArgvInput), Object(Symfony\Component\Console\Output\ConsoleOutput))
#20 /var/www/dev/pgrs/laravel/artisan(36): Illuminate\Foundation\Console\Kernel->handle(Object(Symfony\Component\Console\Input\ArgvInput), Object(Symfony\Component\Console\Output\ConsoleOutput))
#21 {main}  
[2015-06-14 16:06:16] local.ERROR: exception 'PDOException' with message 'SQLSTATE[HY000]: General error: 1005 Can't create table 'pgrs.#sql-3dd_7473' (errno: 150)' in /var/www/dev/pgrs/laravel/vendor/laravel/framework/src/Illuminate/Database/Connection.php:378
Stack trace:
#0 /var/www/dev/pgrs/laravel/vendor/laravel/framework/src/Illuminate/Database/Connection.php(378): PDOStatement->execute(Array)
#1 /var/www/dev/pgrs/laravel/vendor/laravel/framework/src/Illuminate/Database/Connection.php(622): Illuminate\Database\Connection->Illuminate\Database\{closure}(Object(Illuminate\Database\MySqlConnection), 'alter table `st...', Array)
#2 /var/www/dev/pgrs/laravel/vendor/laravel/framework/src/Illuminate/Database/Connection.php(589): Illuminate\Database\Connection->runQueryCallback('alter table `st...', Array, Object(Closure))
#3 /var/www/dev/pgrs/laravel/vendor/laravel/framework/src/Illuminate/Database/Connection.php(379): Illuminate\Database\Connection->run('alter table `st...', Array, Object(Closure))
#4 /var/www/dev/pgrs/laravel/vendor/laravel/framework/src/Illuminate/Database/Schema/Blueprint.php(76): Illuminate\Database\Connection->statement('alter table `st...')
#5 /var/www/dev/pgrs/laravel/vendor/laravel/framework/src/Illuminate/Database/Schema/Builder.php(191): Illuminate\Database\Schema\Blueprint->build(Object(Illuminate\Database\MySqlConnection), Object(Illuminate\Database\Schema\Grammars\MySqlGrammar))
#6 /var/www/dev/pgrs/laravel/vendor/laravel/framework/src/Illuminate/Database/Schema/Builder.php(134): Illuminate\Database\Schema\Builder->build(Object(Illuminate\Database\Schema\Blueprint))
#7 /var/www/dev/pgrs/laravel/vendor/laravel/framework/src/Illuminate/Support/Facades/Facade.php(213): Illuminate\Database\Schema\Builder->create('students', Object(Closure))
#8 /var/www/dev/pgrs/laravel/database/migrations/2015_06_14_150612_create_students_table.php(32): Illuminate\Support\Facades\Facade::__callStatic('create', Array)
#9 /var/www/dev/pgrs/laravel/database/migrations/2015_06_14_150612_create_students_table.php(32): Illuminate\Support\Facades\Schema::create('students', Object(Closure))
#10 /var/www/dev/pgrs/laravel/vendor/laravel/framework/src/Illuminate/Database/Migrations/Migrator.php(134): CreateStudentsTable->up()
#11 /var/www/dev/pgrs/laravel/vendor/laravel/framework/src/Illuminate/Database/Migrations/Migrator.php(111): Illuminate\Database\Migrations\Migrator->runUp('2015_06_14_1506...', 1, false)
#12 /var/www/dev/pgrs/laravel/vendor/laravel/framework/src/Illuminate/Database/Migrations/Migrator.php(84): Illuminate\Database\Migrations\Migrator->runMigrationList(Array, false)
#13 /var/www/dev/pgrs/laravel/vendor/laravel/framework/src/Illuminate/Database/Console/Migrations/MigrateCommand.php(74): Illuminate\Database\Migrations\Migrator->run('/var/www/dev/pg...', false)
#14 [internal function]: Illuminate\Database\Console\Migrations\MigrateCommand->fire()
#15 /var/www/dev/pgrs/laravel/vendor/laravel/framework/src/Illuminate/Container/Container.php(502): call_user_func_array(Array, Array)
#16 /var/www/dev/pgrs/laravel/vendor/laravel/framework/src/Illuminate/Console/Command.php(150): Illuminate\Container\Container->call(Array)
#17 /var/www/dev/pgrs/laravel/vendor/symfony/console/Command/Command.php(259): Illuminate\Console\Command->execute(Object(Symfony\Component\Console\Input\ArgvInput), Object(Symfony\Component\Console\Output\ConsoleOutput))
#18 /var/www/dev/pgrs/laravel/vendor/laravel/framework/src/Illuminate/Console/Command.php(136): Symfony\Component\Console\Command\Command->run(Object(Symfony\Component\Console\Input\ArgvInput), Object(Symfony\Component\Console\Output\ConsoleOutput))
#19 /var/www/dev/pgrs/laravel/vendor/symfony/console/Application.php(878): Illuminate\Console\Command->run(Object(Symfony\Component\Console\Input\ArgvInput), Object(Symfony\Component\Console\Output\ConsoleOutput))
#20 /var/www/dev/pgrs/laravel/vendor/symfony/console/Application.php(195): Symfony\Component\Console\Application->doRunCommand(Object(Illuminate\Database\Console\Migrations\MigrateCommand), Object(Symfony\Component\Console\Input\ArgvInput), Object(Symfony\Component\Console\Output\ConsoleOutput))
#21 /var/www/dev/pgrs/laravel/vendor/symfony/console/Application.php(126): Symfony\Component\Console\Application->doRun(Object(Symfony\Component\Console\Input\ArgvInput), Object(Symfony\Component\Console\Output\ConsoleOutput))
#22 /var/www/dev/pgrs/laravel/vendor/laravel/framework/src/Illuminate/Foundation/Console/Kernel.php(94): Symfony\Component\Console\Application->run(Object(Symfony\Component\Console\Input\ArgvInput), Object(Symfony\Component\Console\Output\ConsoleOutput))
#23 /var/www/dev/pgrs/laravel/artisan(36): Illuminate\Foundation\Console\Kernel->handle(Object(Symfony\Component\Console\Input\ArgvInput), Object(Symfony\Component\Console\Output\ConsoleOutput))
#24 {main}

Next exception 'Illuminate\Database\QueryException' with message 'SQLSTATE[HY000]: General error: 1005 Can't create table 'pgrs.#sql-3dd_7473' (errno: 150) (SQL: alter table `students` add constraint students_status_id_foreign foreign key (`status_id`) references `uk_ba_status` (`id`))' in /var/www/dev/pgrs/laravel/vendor/laravel/framework/src/Illuminate/Database/Connection.php:629
Stack trace:
#0 /var/www/dev/pgrs/laravel/vendor/laravel/framework/src/Illuminate/Database/Connection.php(589): Illuminate\Database\Connection->runQueryCallback('alter table `st...', Array, Object(Closure))
#1 /var/www/dev/pgrs/laravel/vendor/laravel/framework/src/Illuminate/Database/Connection.php(379): Illuminate\Database\Connection->run('alter table `st...', Array, Object(Closure))
#2 /var/www/dev/pgrs/laravel/vendor/laravel/framework/src/Illuminate/Database/Schema/Blueprint.php(76): Illuminate\Database\Connection->statement('alter table `st...')
#3 /var/www/dev/pgrs/laravel/vendor/laravel/framework/src/Illuminate/Database/Schema/Builder.php(191): Illuminate\Database\Schema\Blueprint->build(Object(Illuminate\Database\MySqlConnection), Object(Illuminate\Database\Schema\Grammars\MySqlGrammar))
#4 /var/www/dev/pgrs/laravel/vendor/laravel/framework/src/Illuminate/Database/Schema/Builder.php(134): Illuminate\Database\Schema\Builder->build(Object(Illuminate\Database\Schema\Blueprint))
#5 /var/www/dev/pgrs/laravel/vendor/laravel/framework/src/Illuminate/Support/Facades/Facade.php(213): Illuminate\Database\Schema\Builder->create('students', Object(Closure))
#6 /var/www/dev/pgrs/laravel/database/migrations/2015_06_14_150612_create_students_table.php(32): Illuminate\Support\Facades\Facade::__callStatic('create', Array)
#7 /var/www/dev/pgrs/laravel/database/migrations/2015_06_14_150612_create_students_table.php(32): Illuminate\Support\Facades\Schema::create('students', Object(Closure))
#8 /var/www/dev/pgrs/laravel/vendor/laravel/framework/src/Illuminate/Database/Migrations/Migrator.php(134): CreateStudentsTable->up()
#9 /var/www/dev/pgrs/laravel/vendor/laravel/framework/src/Illuminate/Database/Migrations/Migrator.php(111): Illuminate\Database\Migrations\Migrator->runUp('2015_06_14_1506...', 1, false)
#10 /var/www/dev/pgrs/laravel/vendor/laravel/framework/src/Illuminate/Database/Migrations/Migrator.php(84): Illuminate\Database\Migrations\Migrator->runMigrationList(Array, false)
#11 /var/www/dev/pgrs/laravel/vendor/laravel/framework/src/Illuminate/Database/Console/Migrations/MigrateCommand.php(74): Illuminate\Database\Migrations\Migrator->run('/var/www/dev/pg...', false)
#12 [internal function]: Illuminate\Database\Console\Migrations\MigrateCommand->fire()
#13 /var/www/dev/pgrs/laravel/vendor/laravel/framework/src/Illuminate/Container/Container.php(502): call_user_func_array(Array, Array)
#14 /var/www/dev/pgrs/laravel/vendor/laravel/framework/src/Illuminate/Console/Command.php(150): Illuminate\Container\Container->call(Array)
#15 /var/www/dev/pgrs/laravel/vendor/symfony/console/Command/Command.php(259): Illuminate\Console\Command->execute(Object(Symfony\Component\Console\Input\ArgvInput), Object(Symfony\Component\Console\Output\ConsoleOutput))
#16 /var/www/dev/pgrs/laravel/vendor/laravel/framework/src/Illuminate/Console/Command.php(136): Symfony\Component\Console\Command\Command->run(Object(Symfony\Component\Console\Input\ArgvInput), Object(Symfony\Component\Console\Output\ConsoleOutput))
#17 /var/www/dev/pgrs/laravel/vendor/symfony/console/Application.php(878): Illuminate\Console\Command->run(Object(Symfony\Component\Console\Input\ArgvInput), Object(Symfony\Component\Console\Output\ConsoleOutput))
#18 /var/www/dev/pgrs/laravel/vendor/symfony/console/Application.php(195): Symfony\Component\Console\Application->doRunCommand(Object(Illuminate\Database\Console\Migrations\MigrateCommand), Object(Symfony\Component\Console\Input\ArgvInput), Object(Symfony\Component\Console\Output\ConsoleOutput))
#19 /var/www/dev/pgrs/laravel/vendor/symfony/console/Application.php(126): Symfony\Component\Console\Application->doRun(Object(Symfony\Component\Console\Input\ArgvInput), Object(Symfony\Component\Console\Output\ConsoleOutput))
#20 /var/www/dev/pgrs/laravel/vendor/laravel/framework/src/Illuminate/Foundation/Console/Kernel.php(94): Symfony\Component\Console\Application->run(Object(Symfony\Component\Console\Input\ArgvInput), Object(Symfony\Component\Console\Output\ConsoleOutput))
#21 /var/www/dev/pgrs/laravel/artisan(36): Illuminate\Foundation\Console\Kernel->handle(Object(Symfony\Component\Console\Input\ArgvInput), Object(Symfony\Component\Console\Output\ConsoleOutput))
#22 {main}  
[2015-06-14 16:09:42] local.ERROR: exception 'PDOException' with message 'SQLSTATE[HY000]: General error: 1005 Can't create table 'pgrs.#sql-3dd_7487' (errno: 150)' in /var/www/dev/pgrs/laravel/vendor/laravel/framework/src/Illuminate/Database/Connection.php:378
Stack trace:
#0 /var/www/dev/pgrs/laravel/vendor/laravel/framework/src/Illuminate/Database/Connection.php(378): PDOStatement->execute(Array)
#1 /var/www/dev/pgrs/laravel/vendor/laravel/framework/src/Illuminate/Database/Connection.php(622): Illuminate\Database\Connection->Illuminate\Database\{closure}(Object(Illuminate\Database\MySqlConnection), 'alter table `st...', Array)
#2 /var/www/dev/pgrs/laravel/vendor/laravel/framework/src/Illuminate/Database/Connection.php(589): Illuminate\Database\Connection->runQueryCallback('alter table `st...', Array, Object(Closure))
#3 /var/www/dev/pgrs/laravel/vendor/laravel/framework/src/Illuminate/Database/Connection.php(379): Illuminate\Database\Connection->run('alter table `st...', Array, Object(Closure))
#4 /var/www/dev/pgrs/laravel/vendor/laravel/framework/src/Illuminate/Database/Schema/Blueprint.php(76): Illuminate\Database\Connection->statement('alter table `st...')
#5 /var/www/dev/pgrs/laravel/vendor/laravel/framework/src/Illuminate/Database/Schema/Builder.php(191): Illuminate\Database\Schema\Blueprint->build(Object(Illuminate\Database\MySqlConnection), Object(Illuminate\Database\Schema\Grammars\MySqlGrammar))
#6 /var/www/dev/pgrs/laravel/vendor/laravel/framework/src/Illuminate/Database/Schema/Builder.php(134): Illuminate\Database\Schema\Builder->build(Object(Illuminate\Database\Schema\Blueprint))
#7 /var/www/dev/pgrs/laravel/vendor/laravel/framework/src/Illuminate/Support/Facades/Facade.php(213): Illuminate\Database\Schema\Builder->create('students', Object(Closure))
#8 /var/www/dev/pgrs/laravel/database/migrations/2015_06_14_150612_create_students_table.php(35): Illuminate\Support\Facades\Facade::__callStatic('create', Array)
#9 /var/www/dev/pgrs/laravel/database/migrations/2015_06_14_150612_create_students_table.php(35): Illuminate\Support\Facades\Schema::create('students', Object(Closure))
#10 /var/www/dev/pgrs/laravel/vendor/laravel/framework/src/Illuminate/Database/Migrations/Migrator.php(134): CreateStudentsTable->up()
#11 /var/www/dev/pgrs/laravel/vendor/laravel/framework/src/Illuminate/Database/Migrations/Migrator.php(111): Illuminate\Database\Migrations\Migrator->runUp('2015_06_14_1506...', 1, false)
#12 /var/www/dev/pgrs/laravel/vendor/laravel/framework/src/Illuminate/Database/Migrations/Migrator.php(84): Illuminate\Database\Migrations\Migrator->runMigrationList(Array, false)
#13 /var/www/dev/pgrs/laravel/vendor/laravel/framework/src/Illuminate/Database/Console/Migrations/MigrateCommand.php(74): Illuminate\Database\Migrations\Migrator->run('/var/www/dev/pg...', false)
#14 [internal function]: Illuminate\Database\Console\Migrations\MigrateCommand->fire()
#15 /var/www/dev/pgrs/laravel/vendor/laravel/framework/src/Illuminate/Container/Container.php(502): call_user_func_array(Array, Array)
#16 /var/www/dev/pgrs/laravel/vendor/laravel/framework/src/Illuminate/Console/Command.php(150): Illuminate\Container\Container->call(Array)
#17 /var/www/dev/pgrs/laravel/vendor/symfony/console/Command/Command.php(259): Illuminate\Console\Command->execute(Object(Symfony\Component\Console\Input\ArgvInput), Object(Symfony\Component\Console\Output\ConsoleOutput))
#18 /var/www/dev/pgrs/laravel/vendor/laravel/framework/src/Illuminate/Console/Command.php(136): Symfony\Component\Console\Command\Command->run(Object(Symfony\Component\Console\Input\ArgvInput), Object(Symfony\Component\Console\Output\ConsoleOutput))
#19 /var/www/dev/pgrs/laravel/vendor/symfony/console/Application.php(878): Illuminate\Console\Command->run(Object(Symfony\Component\Console\Input\ArgvInput), Object(Symfony\Component\Console\Output\ConsoleOutput))
#20 /var/www/dev/pgrs/laravel/vendor/symfony/console/Application.php(195): Symfony\Component\Console\Application->doRunCommand(Object(Illuminate\Database\Console\Migrations\MigrateCommand), Object(Symfony\Component\Console\Input\ArgvInput), Object(Symfony\Component\Console\Output\ConsoleOutput))
#21 /var/www/dev/pgrs/laravel/vendor/symfony/console/Application.php(126): Symfony\Component\Console\Application->doRun(Object(Symfony\Component\Console\Input\ArgvInput), Object(Symfony\Component\Console\Output\ConsoleOutput))
#22 /var/www/dev/pgrs/laravel/vendor/laravel/framework/src/Illuminate/Foundation/Console/Kernel.php(94): Symfony\Component\Console\Application->run(Object(Symfony\Component\Console\Input\ArgvInput), Object(Symfony\Component\Console\Output\ConsoleOutput))
#23 /var/www/dev/pgrs/laravel/artisan(36): Illuminate\Foundation\Console\Kernel->handle(Object(Symfony\Component\Console\Input\ArgvInput), Object(Symfony\Component\Console\Output\ConsoleOutput))
#24 {main}

Next exception 'Illuminate\Database\QueryException' with message 'SQLSTATE[HY000]: General error: 1005 Can't create table 'pgrs.#sql-3dd_7487' (errno: 150) (SQL: alter table `students` add constraint students_status_id_foreign foreign key (`status_id`) references `uk_ba_status` (`id`))' in /var/www/dev/pgrs/laravel/vendor/laravel/framework/src/Illuminate/Database/Connection.php:629
Stack trace:
#0 /var/www/dev/pgrs/laravel/vendor/laravel/framework/src/Illuminate/Database/Connection.php(589): Illuminate\Database\Connection->runQueryCallback('alter table `st...', Array, Object(Closure))
#1 /var/www/dev/pgrs/laravel/vendor/laravel/framework/src/Illuminate/Database/Connection.php(379): Illuminate\Database\Connection->run('alter table `st...', Array, Object(Closure))
#2 /var/www/dev/pgrs/laravel/vendor/laravel/framework/src/Illuminate/Database/Schema/Blueprint.php(76): Illuminate\Database\Connection->statement('alter table `st...')
#3 /var/www/dev/pgrs/laravel/vendor/laravel/framework/src/Illuminate/Database/Schema/Builder.php(191): Illuminate\Database\Schema\Blueprint->build(Object(Illuminate\Database\MySqlConnection), Object(Illuminate\Database\Schema\Grammars\MySqlGrammar))
#4 /var/www/dev/pgrs/laravel/vendor/laravel/framework/src/Illuminate/Database/Schema/Builder.php(134): Illuminate\Database\Schema\Builder->build(Object(Illuminate\Database\Schema\Blueprint))
#5 /var/www/dev/pgrs/laravel/vendor/laravel/framework/src/Illuminate/Support/Facades/Facade.php(213): Illuminate\Database\Schema\Builder->create('students', Object(Closure))
#6 /var/www/dev/pgrs/laravel/database/migrations/2015_06_14_150612_create_students_table.php(35): Illuminate\Support\Facades\Facade::__callStatic('create', Array)
#7 /var/www/dev/pgrs/laravel/database/migrations/2015_06_14_150612_create_students_table.php(35): Illuminate\Support\Facades\Schema::create('students', Object(Closure))
#8 /var/www/dev/pgrs/laravel/vendor/laravel/framework/src/Illuminate/Database/Migrations/Migrator.php(134): CreateStudentsTable->up()
#9 /var/www/dev/pgrs/laravel/vendor/laravel/framework/src/Illuminate/Database/Migrations/Migrator.php(111): Illuminate\Database\Migrations\Migrator->runUp('2015_06_14_1506...', 1, false)
#10 /var/www/dev/pgrs/laravel/vendor/laravel/framework/src/Illuminate/Database/Migrations/Migrator.php(84): Illuminate\Database\Migrations\Migrator->runMigrationList(Array, false)
#11 /var/www/dev/pgrs/laravel/vendor/laravel/framework/src/Illuminate/Database/Console/Migrations/MigrateCommand.php(74): Illuminate\Database\Migrations\Migrator->run('/var/www/dev/pg...', false)
#12 [internal function]: Illuminate\Database\Console\Migrations\MigrateCommand->fire()
#13 /var/www/dev/pgrs/laravel/vendor/laravel/framework/src/Illuminate/Container/Container.php(502): call_user_func_array(Array, Array)
#14 /var/www/dev/pgrs/laravel/vendor/laravel/framework/src/Illuminate/Console/Command.php(150): Illuminate\Container\Container->call(Array)
#15 /var/www/dev/pgrs/laravel/vendor/symfony/console/Command/Command.php(259): Illuminate\Console\Command->execute(Object(Symfony\Component\Console\Input\ArgvInput), Object(Symfony\Component\Console\Output\ConsoleOutput))
#16 /var/www/dev/pgrs/laravel/vendor/laravel/framework/src/Illuminate/Console/Command.php(136): Symfony\Component\Console\Command\Command->run(Object(Symfony\Component\Console\Input\ArgvInput), Object(Symfony\Component\Console\Output\ConsoleOutput))
#17 /var/www/dev/pgrs/laravel/vendor/symfony/console/Application.php(878): Illuminate\Console\Command->run(Object(Symfony\Component\Console\Input\ArgvInput), Object(Symfony\Component\Console\Output\ConsoleOutput))
#18 /var/www/dev/pgrs/laravel/vendor/symfony/console/Application.php(195): Symfony\Component\Console\Application->doRunCommand(Object(Illuminate\Database\Console\Migrations\MigrateCommand), Object(Symfony\Component\Console\Input\ArgvInput), Object(Symfony\Component\Console\Output\ConsoleOutput))
#19 /var/www/dev/pgrs/laravel/vendor/symfony/console/Application.php(126): Symfony\Component\Console\Application->doRun(Object(Symfony\Component\Console\Input\ArgvInput), Object(Symfony\Component\Console\Output\ConsoleOutput))
#20 /var/www/dev/pgrs/laravel/vendor/laravel/framework/src/Illuminate/Foundation/Console/Kernel.php(94): Symfony\Component\Console\Application->run(Object(Symfony\Component\Console\Input\ArgvInput), Object(Symfony\Component\Console\Output\ConsoleOutput))
#21 /var/www/dev/pgrs/laravel/artisan(36): Illuminate\Foundation\Console\Kernel->handle(Object(Symfony\Component\Console\Input\ArgvInput), Object(Symfony\Component\Console\Output\ConsoleOutput))
#22 {main}  
[2015-06-14 21:05:54] local.ERROR: exception 'PDOException' with message 'SQLSTATE[42000]: Syntax error or access violation: 1072 Key column 'id' doesn't exist in table' in /var/www/dev/pgrs/laravel/vendor/laravel/framework/src/Illuminate/Database/Connection.php:378
Stack trace:
#0 /var/www/dev/pgrs/laravel/vendor/laravel/framework/src/Illuminate/Database/Connection.php(378): PDOStatement->execute(Array)
#1 /var/www/dev/pgrs/laravel/vendor/laravel/framework/src/Illuminate/Database/Connection.php(622): Illuminate\Database\Connection->Illuminate\Database\{closure}(Object(Illuminate\Database\MySqlConnection), 'alter table `st...', Array)
#2 /var/www/dev/pgrs/laravel/vendor/laravel/framework/src/Illuminate/Database/Connection.php(589): Illuminate\Database\Connection->runQueryCallback('alter table `st...', Array, Object(Closure))
#3 /var/www/dev/pgrs/laravel/vendor/laravel/framework/src/Illuminate/Database/Connection.php(379): Illuminate\Database\Connection->run('alter table `st...', Array, Object(Closure))
#4 /var/www/dev/pgrs/laravel/vendor/laravel/framework/src/Illuminate/Database/Schema/Blueprint.php(76): Illuminate\Database\Connection->statement('alter table `st...')
#5 /var/www/dev/pgrs/laravel/vendor/laravel/framework/src/Illuminate/Database/Schema/Builder.php(191): Illuminate\Database\Schema\Blueprint->build(Object(Illuminate\Database\MySqlConnection), Object(Illuminate\Database\Schema\Grammars\MySqlGrammar))
#6 /var/www/dev/pgrs/laravel/vendor/laravel/framework/src/Illuminate/Database/Schema/Builder.php(134): Illuminate\Database\Schema\Builder->build(Object(Illuminate\Database\Schema\Blueprint))
#7 /var/www/dev/pgrs/laravel/vendor/laravel/framework/src/Illuminate/Support/Facades/Facade.php(213): Illuminate\Database\Schema\Builder->create('students', Object(Closure))
#8 /var/www/dev/pgrs/laravel/database/migrations/2015_06_14_150612_create_students_table.php(32): Illuminate\Support\Facades\Facade::__callStatic('create', Array)
#9 /var/www/dev/pgrs/laravel/database/migrations/2015_06_14_150612_create_students_table.php(32): Illuminate\Support\Facades\Schema::create('students', Object(Closure))
#10 /var/www/dev/pgrs/laravel/vendor/laravel/framework/src/Illuminate/Database/Migrations/Migrator.php(134): CreateStudentsTable->up()
#11 /var/www/dev/pgrs/laravel/vendor/laravel/framework/src/Illuminate/Database/Migrations/Migrator.php(111): Illuminate\Database\Migrations\Migrator->runUp('2015_06_14_1506...', 1, false)
#12 /var/www/dev/pgrs/laravel/vendor/laravel/framework/src/Illuminate/Database/Migrations/Migrator.php(84): Illuminate\Database\Migrations\Migrator->runMigrationList(Array, false)
#13 /var/www/dev/pgrs/laravel/vendor/laravel/framework/src/Illuminate/Database/Console/Migrations/MigrateCommand.php(74): Illuminate\Database\Migrations\Migrator->run('/var/www/dev/pg...', false)
#14 [internal function]: Illuminate\Database\Console\Migrations\MigrateCommand->fire()
#15 /var/www/dev/pgrs/laravel/vendor/laravel/framework/src/Illuminate/Container/Container.php(502): call_user_func_array(Array, Array)
#16 /var/www/dev/pgrs/laravel/vendor/laravel/framework/src/Illuminate/Console/Command.php(150): Illuminate\Container\Container->call(Array)
#17 /var/www/dev/pgrs/laravel/vendor/symfony/console/Command/Command.php(259): Illuminate\Console\Command->execute(Object(Symfony\Component\Console\Input\ArgvInput), Object(Symfony\Component\Console\Output\ConsoleOutput))
#18 /var/www/dev/pgrs/laravel/vendor/laravel/framework/src/Illuminate/Console/Command.php(136): Symfony\Component\Console\Command\Command->run(Object(Symfony\Component\Console\Input\ArgvInput), Object(Symfony\Component\Console\Output\ConsoleOutput))
#19 /var/www/dev/pgrs/laravel/vendor/symfony/console/Application.php(878): Illuminate\Console\Command->run(Object(Symfony\Component\Console\Input\ArgvInput), Object(Symfony\Component\Console\Output\ConsoleOutput))
#20 /var/www/dev/pgrs/laravel/vendor/symfony/console/Application.php(195): Symfony\Component\Console\Application->doRunCommand(Object(Illuminate\Database\Console\Migrations\MigrateCommand), Object(Symfony\Component\Console\Input\ArgvInput), Object(Symfony\Component\Console\Output\ConsoleOutput))
#21 /var/www/dev/pgrs/laravel/vendor/symfony/console/Application.php(126): Symfony\Component\Console\Application->doRun(Object(Symfony\Component\Console\Input\ArgvInput), Object(Symfony\Component\Console\Output\ConsoleOutput))
#22 /var/www/dev/pgrs/laravel/vendor/laravel/framework/src/Illuminate/Foundation/Console/Kernel.php(94): Symfony\Component\Console\Application->run(Object(Symfony\Component\Console\Input\ArgvInput), Object(Symfony\Component\Console\Output\ConsoleOutput))
#23 /var/www/dev/pgrs/laravel/artisan(36): Illuminate\Foundation\Console\Kernel->handle(Object(Symfony\Component\Console\Input\ArgvInput), Object(Symfony\Component\Console\Output\ConsoleOutput))
#24 {main}

Next exception 'Illuminate\Database\QueryException' with message 'SQLSTATE[42000]: Syntax error or access violation: 1072 Key column 'id' doesn't exist in table (SQL: alter table `students` add primary key students_id_primary(`id`))' in /var/www/dev/pgrs/laravel/vendor/laravel/framework/src/Illuminate/Database/Connection.php:629
Stack trace:
#0 /var/www/dev/pgrs/laravel/vendor/laravel/framework/src/Illuminate/Database/Connection.php(589): Illuminate\Database\Connection->runQueryCallback('alter table `st...', Array, Object(Closure))
#1 /var/www/dev/pgrs/laravel/vendor/laravel/framework/src/Illuminate/Database/Connection.php(379): Illuminate\Database\Connection->run('alter table `st...', Array, Object(Closure))
#2 /var/www/dev/pgrs/laravel/vendor/laravel/framework/src/Illuminate/Database/Schema/Blueprint.php(76): Illuminate\Database\Connection->statement('alter table `st...')
#3 /var/www/dev/pgrs/laravel/vendor/laravel/framework/src/Illuminate/Database/Schema/Builder.php(191): Illuminate\Database\Schema\Blueprint->build(Object(Illuminate\Database\MySqlConnection), Object(Illuminate\Database\Schema\Grammars\MySqlGrammar))
#4 /var/www/dev/pgrs/laravel/vendor/laravel/framework/src/Illuminate/Database/Schema/Builder.php(134): Illuminate\Database\Schema\Builder->build(Object(Illuminate\Database\Schema\Blueprint))
#5 /var/www/dev/pgrs/laravel/vendor/laravel/framework/src/Illuminate/Support/Facades/Facade.php(213): Illuminate\Database\Schema\Builder->create('students', Object(Closure))
#6 /var/www/dev/pgrs/laravel/database/migrations/2015_06_14_150612_create_students_table.php(32): Illuminate\Support\Facades\Facade::__callStatic('create', Array)
#7 /var/www/dev/pgrs/laravel/database/migrations/2015_06_14_150612_create_students_table.php(32): Illuminate\Support\Facades\Schema::create('students', Object(Closure))
#8 /var/www/dev/pgrs/laravel/vendor/laravel/framework/src/Illuminate/Database/Migrations/Migrator.php(134): CreateStudentsTable->up()
#9 /var/www/dev/pgrs/laravel/vendor/laravel/framework/src/Illuminate/Database/Migrations/Migrator.php(111): Illuminate\Database\Migrations\Migrator->runUp('2015_06_14_1506...', 1, false)
#10 /var/www/dev/pgrs/laravel/vendor/laravel/framework/src/Illuminate/Database/Migrations/Migrator.php(84): Illuminate\Database\Migrations\Migrator->runMigrationList(Array, false)
#11 /var/www/dev/pgrs/laravel/vendor/laravel/framework/src/Illuminate/Database/Console/Migrations/MigrateCommand.php(74): Illuminate\Database\Migrations\Migrator->run('/var/www/dev/pg...', false)
#12 [internal function]: Illuminate\Database\Console\Migrations\MigrateCommand->fire()
#13 /var/www/dev/pgrs/laravel/vendor/laravel/framework/src/Illuminate/Container/Container.php(502): call_user_func_array(Array, Array)
#14 /var/www/dev/pgrs/laravel/vendor/laravel/framework/src/Illuminate/Console/Command.php(150): Illuminate\Container\Container->call(Array)
#15 /var/www/dev/pgrs/laravel/vendor/symfony/console/Command/Command.php(259): Illuminate\Console\Command->execute(Object(Symfony\Component\Console\Input\ArgvInput), Object(Symfony\Component\Console\Output\ConsoleOutput))
#16 /var/www/dev/pgrs/laravel/vendor/laravel/framework/src/Illuminate/Console/Command.php(136): Symfony\Component\Console\Command\Command->run(Object(Symfony\Component\Console\Input\ArgvInput), Object(Symfony\Component\Console\Output\ConsoleOutput))
#17 /var/www/dev/pgrs/laravel/vendor/symfony/console/Application.php(878): Illuminate\Console\Command->run(Object(Symfony\Component\Console\Input\ArgvInput), Object(Symfony\Component\Console\Output\ConsoleOutput))
#18 /var/www/dev/pgrs/laravel/vendor/symfony/console/Application.php(195): Symfony\Component\Console\Application->doRunCommand(Object(Illuminate\Database\Console\Migrations\MigrateCommand), Object(Symfony\Component\Console\Input\ArgvInput), Object(Symfony\Component\Console\Output\ConsoleOutput))
#19 /var/www/dev/pgrs/laravel/vendor/symfony/console/Application.php(126): Symfony\Component\Console\Application->doRun(Object(Symfony\Component\Console\Input\ArgvInput), Object(Symfony\Component\Console\Output\ConsoleOutput))
#20 /var/www/dev/pgrs/laravel/vendor/laravel/framework/src/Illuminate/Foundation/Console/Kernel.php(94): Symfony\Component\Console\Application->run(Object(Symfony\Component\Console\Input\ArgvInput), Object(Symfony\Component\Console\Output\ConsoleOutput))
#21 /var/www/dev/pgrs/laravel/artisan(36): Illuminate\Foundation\Console\Kernel->handle(Object(Symfony\Component\Console\Input\ArgvInput), Object(Symfony\Component\Console\Output\ConsoleOutput))
#22 {main}  
[2015-06-14 21:07:52] local.ERROR: exception 'InvalidArgumentException' with message 'Command "make:migrate" is not defined.

Did you mean one of these?
    make:migration
    make:request
    make:seeder
    make:controller
    make:middleware
    make:provider
    make:model
    make:console
    make:event
    make:job
    make:listener
    make:command' in /var/www/dev/pgrs/laravel/vendor/symfony/console/Application.php:549
Stack trace:
#0 /var/www/dev/pgrs/laravel/vendor/symfony/console/Application.php(192): Symfony\Component\Console\Application->find('make:migrate')
#1 /var/www/dev/pgrs/laravel/vendor/symfony/console/Application.php(126): Symfony\Component\Console\Application->doRun(Object(Symfony\Component\Console\Input\ArgvInput), Object(Symfony\Component\Console\Output\ConsoleOutput))
#2 /var/www/dev/pgrs/laravel/vendor/laravel/framework/src/Illuminate/Foundation/Console/Kernel.php(94): Symfony\Component\Console\Application->run(Object(Symfony\Component\Console\Input\ArgvInput), Object(Symfony\Component\Console\Output\ConsoleOutput))
#3 /var/www/dev/pgrs/laravel/artisan(36): Illuminate\Foundation\Console\Kernel->handle(Object(Symfony\Component\Console\Input\ArgvInput), Object(Symfony\Component\Console\Output\ConsoleOutput))
#4 {main}  
[2015-06-14 21:09:34] local.ERROR: exception 'PDOException' with message 'SQLSTATE[42000]: Syntax error or access violation: 1072 Key column 'id' doesn't exist in table' in /var/www/dev/pgrs/laravel/vendor/laravel/framework/src/Illuminate/Database/Connection.php:378
Stack trace:
#0 /var/www/dev/pgrs/laravel/vendor/laravel/framework/src/Illuminate/Database/Connection.php(378): PDOStatement->execute(Array)
#1 /var/www/dev/pgrs/laravel/vendor/laravel/framework/src/Illuminate/Database/Connection.php(622): Illuminate\Database\Connection->Illuminate\Database\{closure}(Object(Illuminate\Database\MySqlConnection), 'alter table `st...', Array)
#2 /var/www/dev/pgrs/laravel/vendor/laravel/framework/src/Illuminate/Database/Connection.php(589): Illuminate\Database\Connection->runQueryCallback('alter table `st...', Array, Object(Closure))
#3 /var/www/dev/pgrs/laravel/vendor/laravel/framework/src/Illuminate/Database/Connection.php(379): Illuminate\Database\Connection->run('alter table `st...', Array, Object(Closure))
#4 /var/www/dev/pgrs/laravel/vendor/laravel/framework/src/Illuminate/Database/Schema/Blueprint.php(76): Illuminate\Database\Connection->statement('alter table `st...')
#5 /var/www/dev/pgrs/laravel/vendor/laravel/framework/src/Illuminate/Database/Schema/Builder.php(191): Illuminate\Database\Schema\Blueprint->build(Object(Illuminate\Database\MySqlConnection), Object(Illuminate\Database\Schema\Grammars\MySqlGrammar))
#6 /var/www/dev/pgrs/laravel/vendor/laravel/framework/src/Illuminate/Database/Schema/Builder.php(134): Illuminate\Database\Schema\Builder->build(Object(Illuminate\Database\Schema\Blueprint))
#7 /var/www/dev/pgrs/laravel/vendor/laravel/framework/src/Illuminate/Support/Facades/Facade.php(213): Illuminate\Database\Schema\Builder->create('students', Object(Closure))
#8 /var/www/dev/pgrs/laravel/database/migrations/2015_06_14_150612_create_students_table.php(30): Illuminate\Support\Facades\Facade::__callStatic('create', Array)
#9 /var/www/dev/pgrs/laravel/database/migrations/2015_06_14_150612_create_students_table.php(30): Illuminate\Support\Facades\Schema::create('students', Object(Closure))
#10 /var/www/dev/pgrs/laravel/vendor/laravel/framework/src/Illuminate/Database/Migrations/Migrator.php(134): CreateStudentsTable->up()
#11 /var/www/dev/pgrs/laravel/vendor/laravel/framework/src/Illuminate/Database/Migrations/Migrator.php(111): Illuminate\Database\Migrations\Migrator->runUp('2015_06_14_1506...', 1, false)
#12 /var/www/dev/pgrs/laravel/vendor/laravel/framework/src/Illuminate/Database/Migrations/Migrator.php(84): Illuminate\Database\Migrations\Migrator->runMigrationList(Array, false)
#13 /var/www/dev/pgrs/laravel/vendor/laravel/framework/src/Illuminate/Database/Console/Migrations/MigrateCommand.php(74): Illuminate\Database\Migrations\Migrator->run('/var/www/dev/pg...', false)
#14 [internal function]: Illuminate\Database\Console\Migrations\MigrateCommand->fire()
#15 /var/www/dev/pgrs/laravel/vendor/laravel/framework/src/Illuminate/Container/Container.php(502): call_user_func_array(Array, Array)
#16 /var/www/dev/pgrs/laravel/vendor/laravel/framework/src/Illuminate/Console/Command.php(150): Illuminate\Container\Container->call(Array)
#17 /var/www/dev/pgrs/laravel/vendor/symfony/console/Command/Command.php(259): Illuminate\Console\Command->execute(Object(Symfony\Component\Console\Input\ArgvInput), Object(Symfony\Component\Console\Output\ConsoleOutput))
#18 /var/www/dev/pgrs/laravel/vendor/laravel/framework/src/Illuminate/Console/Command.php(136): Symfony\Component\Console\Command\Command->run(Object(Symfony\Component\Console\Input\ArgvInput), Object(Symfony\Component\Console\Output\ConsoleOutput))
#19 /var/www/dev/pgrs/laravel/vendor/symfony/console/Application.php(878): Illuminate\Console\Command->run(Object(Symfony\Component\Console\Input\ArgvInput), Object(Symfony\Component\Console\Output\ConsoleOutput))
#20 /var/www/dev/pgrs/laravel/vendor/symfony/console/Application.php(195): Symfony\Component\Console\Application->doRunCommand(Object(Illuminate\Database\Console\Migrations\MigrateCommand), Object(Symfony\Component\Console\Input\ArgvInput), Object(Symfony\Component\Console\Output\ConsoleOutput))
#21 /var/www/dev/pgrs/laravel/vendor/symfony/console/Application.php(126): Symfony\Component\Console\Application->doRun(Object(Symfony\Component\Console\Input\ArgvInput), Object(Symfony\Component\Console\Output\ConsoleOutput))
#22 /var/www/dev/pgrs/laravel/vendor/laravel/framework/src/Illuminate/Foundation/Console/Kernel.php(94): Symfony\Component\Console\Application->run(Object(Symfony\Component\Console\Input\ArgvInput), Object(Symfony\Component\Console\Output\ConsoleOutput))
#23 /var/www/dev/pgrs/laravel/artisan(36): Illuminate\Foundation\Console\Kernel->handle(Object(Symfony\Component\Console\Input\ArgvInput), Object(Symfony\Component\Console\Output\ConsoleOutput))
#24 {main}

Next exception 'Illuminate\Database\QueryException' with message 'SQLSTATE[42000]: Syntax error or access violation: 1072 Key column 'id' doesn't exist in table (SQL: alter table `students` add primary key students_id_primary(`id`))' in /var/www/dev/pgrs/laravel/vendor/laravel/framework/src/Illuminate/Database/Connection.php:629
Stack trace:
#0 /var/www/dev/pgrs/laravel/vendor/laravel/framework/src/Illuminate/Database/Connection.php(589): Illuminate\Database\Connection->runQueryCallback('alter table `st...', Array, Object(Closure))
#1 /var/www/dev/pgrs/laravel/vendor/laravel/framework/src/Illuminate/Database/Connection.php(379): Illuminate\Database\Connection->run('alter table `st...', Array, Object(Closure))
#2 /var/www/dev/pgrs/laravel/vendor/laravel/framework/src/Illuminate/Database/Schema/Blueprint.php(76): Illuminate\Database\Connection->statement('alter table `st...')
#3 /var/www/dev/pgrs/laravel/vendor/laravel/framework/src/Illuminate/Database/Schema/Builder.php(191): Illuminate\Database\Schema\Blueprint->build(Object(Illuminate\Database\MySqlConnection), Object(Illuminate\Database\Schema\Grammars\MySqlGrammar))
#4 /var/www/dev/pgrs/laravel/vendor/laravel/framework/src/Illuminate/Database/Schema/Builder.php(134): Illuminate\Database\Schema\Builder->build(Object(Illuminate\Database\Schema\Blueprint))
#5 /var/www/dev/pgrs/laravel/vendor/laravel/framework/src/Illuminate/Support/Facades/Facade.php(213): Illuminate\Database\Schema\Builder->create('students', Object(Closure))
#6 /var/www/dev/pgrs/laravel/database/migrations/2015_06_14_150612_create_students_table.php(30): Illuminate\Support\Facades\Facade::__callStatic('create', Array)
#7 /var/www/dev/pgrs/laravel/database/migrations/2015_06_14_150612_create_students_table.php(30): Illuminate\Support\Facades\Schema::create('students', Object(Closure))
#8 /var/www/dev/pgrs/laravel/vendor/laravel/framework/src/Illuminate/Database/Migrations/Migrator.php(134): CreateStudentsTable->up()
#9 /var/www/dev/pgrs/laravel/vendor/laravel/framework/src/Illuminate/Database/Migrations/Migrator.php(111): Illuminate\Database\Migrations\Migrator->runUp('2015_06_14_1506...', 1, false)
#10 /var/www/dev/pgrs/laravel/vendor/laravel/framework/src/Illuminate/Database/Migrations/Migrator.php(84): Illuminate\Database\Migrations\Migrator->runMigrationList(Array, false)
#11 /var/www/dev/pgrs/laravel/vendor/laravel/framework/src/Illuminate/Database/Console/Migrations/MigrateCommand.php(74): Illuminate\Database\Migrations\Migrator->run('/var/www/dev/pg...', false)
#12 [internal function]: Illuminate\Database\Console\Migrations\MigrateCommand->fire()
#13 /var/www/dev/pgrs/laravel/vendor/laravel/framework/src/Illuminate/Container/Container.php(502): call_user_func_array(Array, Array)
#14 /var/www/dev/pgrs/laravel/vendor/laravel/framework/src/Illuminate/Console/Command.php(150): Illuminate\Container\Container->call(Array)
#15 /var/www/dev/pgrs/laravel/vendor/symfony/console/Command/Command.php(259): Illuminate\Console\Command->execute(Object(Symfony\Component\Console\Input\ArgvInput), Object(Symfony\Component\Console\Output\ConsoleOutput))
#16 /var/www/dev/pgrs/laravel/vendor/laravel/framework/src/Illuminate/Console/Command.php(136): Symfony\Component\Console\Command\Command->run(Object(Symfony\Component\Console\Input\ArgvInput), Object(Symfony\Component\Console\Output\ConsoleOutput))
#17 /var/www/dev/pgrs/laravel/vendor/symfony/console/Application.php(878): Illuminate\Console\Command->run(Object(Symfony\Component\Console\Input\ArgvInput), Object(Symfony\Component\Console\Output\ConsoleOutput))
#18 /var/www/dev/pgrs/laravel/vendor/symfony/console/Application.php(195): Symfony\Component\Console\Application->doRunCommand(Object(Illuminate\Database\Console\Migrations\MigrateCommand), Object(Symfony\Component\Console\Input\ArgvInput), Object(Symfony\Component\Console\Output\ConsoleOutput))
#19 /var/www/dev/pgrs/laravel/vendor/symfony/console/Application.php(126): Symfony\Component\Console\Application->doRun(Object(Symfony\Component\Console\Input\ArgvInput), Object(Symfony\Component\Console\Output\ConsoleOutput))
#20 /var/www/dev/pgrs/laravel/vendor/laravel/framework/src/Illuminate/Foundation/Console/Kernel.php(94): Symfony\Component\Console\Application->run(Object(Symfony\Component\Console\Input\ArgvInput), Object(Symfony\Component\Console\Output\ConsoleOutput))
#21 /var/www/dev/pgrs/laravel/artisan(36): Illuminate\Foundation\Console\Kernel->handle(Object(Symfony\Component\Console\Input\ArgvInput), Object(Symfony\Component\Console\Output\ConsoleOutput))
#22 {main}  
