[2015-06-23 14:52:21] local.ERROR: exception 'Symfony\Component\Debug\Exception\FatalErrorException' with message 'Class 'CreateAwardTable' not found' in /var/www/dev/pgrs/laravel/vendor/laravel/framework/src/Illuminate/Database/Migrations/Migrator.php:323
Stack trace:
#0 {main}  
[2015-06-23 14:57:16] local.ERROR: exception 'PDOException' with message 'SQLSTATE[HY000]: General error: 1005 Can't create table 'pgrs.#sql-3dd_20183' (errno: 150)' in /var/www/dev/pgrs/laravel/vendor/laravel/framework/src/Illuminate/Database/Connection.php:378
Stack trace:
#0 /var/www/dev/pgrs/laravel/vendor/laravel/framework/src/Illuminate/Database/Connection.php(378): PDOStatement->execute(Array)
#1 /var/www/dev/pgrs/laravel/vendor/laravel/framework/src/Illuminate/Database/Connection.php(622): Illuminate\Database\Connection->Illuminate\Database\{closure}(Object(Illuminate\Database\MySqlConnection), 'alter table `st...', Array)
#2 /var/www/dev/pgrs/laravel/vendor/laravel/framework/src/Illuminate/Database/Connection.php(589): Illuminate\Database\Connection->runQueryCallback('alter table `st...', Array, Object(Closure))
#3 /var/www/dev/pgrs/laravel/vendor/laravel/framework/src/Illuminate/Database/Connection.php(379): Illuminate\Database\Connection->run('alter table `st...', Array, Object(Closure))
#4 /var/www/dev/pgrs/laravel/vendor/laravel/framework/src/Illuminate/Database/Schema/Blueprint.php(76): Illuminate\Database\Connection->statement('alter table `st...')
#5 /var/www/dev/pgrs/laravel/vendor/laravel/framework/src/Illuminate/Database/Schema/Builder.php(191): Illuminate\Database\Schema\Blueprint->build(Object(Illuminate\Database\MySqlConnection), Object(Illuminate\Database\Schema\Grammars\MySqlGrammar))
#6 /var/www/dev/pgrs/laravel/vendor/laravel/framework/src/Illuminate/Database/Schema/Builder.php(134): Illuminate\Database\Schema\Builder->build(Object(Illuminate\Database\Schema\Blueprint))
#7 /var/www/dev/pgrs/laravel/vendor/laravel/framework/src/Illuminate/Support/Facades/Facade.php(213): Illuminate\Database\Schema\Builder->create('students', Object(Closure))
#8 /var/www/dev/pgrs/laravel/database/migrations/2015_06_14_500000_create_students_table.php(38): Illuminate\Support\Facades\Facade::__callStatic('create', Array)
#9 /var/www/dev/pgrs/laravel/database/migrations/2015_06_14_500000_create_students_table.php(38): Illuminate\Support\Facades\Schema::create('students', Object(Closure))
#10 /var/www/dev/pgrs/laravel/vendor/laravel/framework/src/Illuminate/Database/Migrations/Migrator.php(134): CreateStudentsTable->up()
#11 /var/www/dev/pgrs/laravel/vendor/laravel/framework/src/Illuminate/Database/Migrations/Migrator.php(111): Illuminate\Database\Migrations\Migrator->runUp('2015_06_14_5000...', 1, false)
#12 /var/www/dev/pgrs/laravel/vendor/laravel/framework/src/Illuminate/Database/Migrations/Migrator.php(84): Illuminate\Database\Migrations\Migrator->runMigrationList(Array, false)
#13 /var/www/dev/pgrs/laravel/vendor/laravel/framework/src/Illuminate/Database/Console/Migrations/MigrateCommand.php(74): Illuminate\Database\Migrations\Migrator->run('/var/www/dev/pg...', false)
#14 [internal function]: Illuminate\Database\Console\Migrations\MigrateCommand->fire()
#15 /var/www/dev/pgrs/laravel/vendor/laravel/framework/src/Illuminate/Container/Container.php(502): call_user_func_array(Array, Array)
#16 /var/www/dev/pgrs/laravel/vendor/laravel/framework/src/Illuminate/Console/Command.php(150): Illuminate\Container\Container->call(Array)
#17 /var/www/dev/pgrs/laravel/vendor/symfony/console/Command/Command.php(259): Illuminate\Console\Command->execute(Object(Symfony\Component\Console\Input\ArrayInput), Object(Symfony\Component\Console\Style\SymfonyStyle))
#18 /var/www/dev/pgrs/laravel/vendor/laravel/framework/src/Illuminate/Console/Command.php(136): Symfony\Component\Console\Command\Command->run(Object(Symfony\Component\Console\Input\ArrayInput), Object(Symfony\Component\Console\Style\SymfonyStyle))
#19 /var/www/dev/pgrs/laravel/vendor/laravel/framework/src/Illuminate/Console/Command.php(166): Illuminate\Console\Command->run(Object(Symfony\Component\Console\Input\ArrayInput), Object(Symfony\Component\Console\Style\SymfonyStyle))
#20 /var/www/dev/pgrs/laravel/vendor/laravel/framework/src/Illuminate/Database/Console/Migrations/RefreshCommand.php(51): Illuminate\Console\Command->call('migrate', Array)
#21 [internal function]: Illuminate\Database\Console\Migrations\RefreshCommand->fire()
#22 /var/www/dev/pgrs/laravel/vendor/laravel/framework/src/Illuminate/Container/Container.php(502): call_user_func_array(Array, Array)
#23 /var/www/dev/pgrs/laravel/vendor/laravel/framework/src/Illuminate/Console/Command.php(150): Illuminate\Container\Container->call(Array)
#24 /var/www/dev/pgrs/laravel/vendor/symfony/console/Command/Command.php(259): Illuminate\Console\Command->execute(Object(Symfony\Component\Console\Input\ArgvInput), Object(Symfony\Component\Console\Output\ConsoleOutput))
#25 /var/www/dev/pgrs/laravel/vendor/laravel/framework/src/Illuminate/Console/Command.php(136): Symfony\Component\Console\Command\Command->run(Object(Symfony\Component\Console\Input\ArgvInput), Object(Symfony\Component\Console\Output\ConsoleOutput))
#26 /var/www/dev/pgrs/laravel/vendor/symfony/console/Application.php(878): Illuminate\Console\Command->run(Object(Symfony\Component\Console\Input\ArgvInput), Object(Symfony\Component\Console\Output\ConsoleOutput))
#27 /var/www/dev/pgrs/laravel/vendor/symfony/console/Application.php(195): Symfony\Component\Console\Application->doRunCommand(Object(Illuminate\Database\Console\Migrations\RefreshCommand), Object(Symfony\Component\Console\Input\ArgvInput), Object(Symfony\Component\Console\Output\ConsoleOutput))
#28 /var/www/dev/pgrs/laravel/vendor/symfony/console/Application.php(126): Symfony\Component\Console\Application->doRun(Object(Symfony\Component\Console\Input\ArgvInput), Object(Symfony\Component\Console\Output\ConsoleOutput))
#29 /var/www/dev/pgrs/laravel/vendor/laravel/framework/src/Illuminate/Foundation/Console/Kernel.php(94): Symfony\Component\Console\Application->run(Object(Symfony\Component\Console\Input\ArgvInput), Object(Symfony\Component\Console\Output\ConsoleOutput))
#30 /var/www/dev/pgrs/laravel/artisan(36): Illuminate\Foundation\Console\Kernel->handle(Object(Symfony\Component\Console\Input\ArgvInput), Object(Symfony\Component\Console\Output\ConsoleOutput))
#31 {main}

Next exception 'Illuminate\Database\QueryException' with message 'SQLSTATE[HY000]: General error: 1005 Can't create table 'pgrs.#sql-3dd_20183' (errno: 150) (SQL: alter table `students` add constraint students_awards_id_foreign foreign key (`awards_id`) references `awards` (`id`))' in /var/www/dev/pgrs/laravel/vendor/laravel/framework/src/Illuminate/Database/Connection.php:629
Stack trace:
#0 /var/www/dev/pgrs/laravel/vendor/laravel/framework/src/Illuminate/Database/Connection.php(589): Illuminate\Database\Connection->runQueryCallback('alter table `st...', Array, Object(Closure))
#1 /var/www/dev/pgrs/laravel/vendor/laravel/framework/src/Illuminate/Database/Connection.php(379): Illuminate\Database\Connection->run('alter table `st...', Array, Object(Closure))
#2 /var/www/dev/pgrs/laravel/vendor/laravel/framework/src/Illuminate/Database/Schema/Blueprint.php(76): Illuminate\Database\Connection->statement('alter table `st...')
#3 /var/www/dev/pgrs/laravel/vendor/laravel/framework/src/Illuminate/Database/Schema/Builder.php(191): Illuminate\Database\Schema\Blueprint->build(Object(Illuminate\Database\MySqlConnection), Object(Illuminate\Database\Schema\Grammars\MySqlGrammar))
#4 /var/www/dev/pgrs/laravel/vendor/laravel/framework/src/Illuminate/Database/Schema/Builder.php(134): Illuminate\Database\Schema\Builder->build(Object(Illuminate\Database\Schema\Blueprint))
#5 /var/www/dev/pgrs/laravel/vendor/laravel/framework/src/Illuminate/Support/Facades/Facade.php(213): Illuminate\Database\Schema\Builder->create('students', Object(Closure))
#6 /var/www/dev/pgrs/laravel/database/migrations/2015_06_14_500000_create_students_table.php(38): Illuminate\Support\Facades\Facade::__callStatic('create', Array)
#7 /var/www/dev/pgrs/laravel/database/migrations/2015_06_14_500000_create_students_table.php(38): Illuminate\Support\Facades\Schema::create('students', Object(Closure))
#8 /var/www/dev/pgrs/laravel/vendor/laravel/framework/src/Illuminate/Database/Migrations/Migrator.php(134): CreateStudentsTable->up()
#9 /var/www/dev/pgrs/laravel/vendor/laravel/framework/src/Illuminate/Database/Migrations/Migrator.php(111): Illuminate\Database\Migrations\Migrator->runUp('2015_06_14_5000...', 1, false)
#10 /var/www/dev/pgrs/laravel/vendor/laravel/framework/src/Illuminate/Database/Migrations/Migrator.php(84): Illuminate\Database\Migrations\Migrator->runMigrationList(Array, false)
#11 /var/www/dev/pgrs/laravel/vendor/laravel/framework/src/Illuminate/Database/Console/Migrations/MigrateCommand.php(74): Illuminate\Database\Migrations\Migrator->run('/var/www/dev/pg...', false)
#12 [internal function]: Illuminate\Database\Console\Migrations\MigrateCommand->fire()
#13 /var/www/dev/pgrs/laravel/vendor/laravel/framework/src/Illuminate/Container/Container.php(502): call_user_func_array(Array, Array)
#14 /var/www/dev/pgrs/laravel/vendor/laravel/framework/src/Illuminate/Console/Command.php(150): Illuminate\Container\Container->call(Array)
#15 /var/www/dev/pgrs/laravel/vendor/symfony/console/Command/Command.php(259): Illuminate\Console\Command->execute(Object(Symfony\Component\Console\Input\ArrayInput), Object(Symfony\Component\Console\Style\SymfonyStyle))
#16 /var/www/dev/pgrs/laravel/vendor/laravel/framework/src/Illuminate/Console/Command.php(136): Symfony\Component\Console\Command\Command->run(Object(Symfony\Component\Console\Input\ArrayInput), Object(Symfony\Component\Console\Style\SymfonyStyle))
#17 /var/www/dev/pgrs/laravel/vendor/laravel/framework/src/Illuminate/Console/Command.php(166): Illuminate\Console\Command->run(Object(Symfony\Component\Console\Input\ArrayInput), Object(Symfony\Component\Console\Style\SymfonyStyle))
#18 /var/www/dev/pgrs/laravel/vendor/laravel/framework/src/Illuminate/Database/Console/Migrations/RefreshCommand.php(51): Illuminate\Console\Command->call('migrate', Array)
#19 [internal function]: Illuminate\Database\Console\Migrations\RefreshCommand->fire()
#20 /var/www/dev/pgrs/laravel/vendor/laravel/framework/src/Illuminate/Container/Container.php(502): call_user_func_array(Array, Array)
#21 /var/www/dev/pgrs/laravel/vendor/laravel/framework/src/Illuminate/Console/Command.php(150): Illuminate\Container\Container->call(Array)
#22 /var/www/dev/pgrs/laravel/vendor/symfony/console/Command/Command.php(259): Illuminate\Console\Command->execute(Object(Symfony\Component\Console\Input\ArgvInput), Object(Symfony\Component\Console\Output\ConsoleOutput))
#23 /var/www/dev/pgrs/laravel/vendor/laravel/framework/src/Illuminate/Console/Command.php(136): Symfony\Component\Console\Command\Command->run(Object(Symfony\Component\Console\Input\ArgvInput), Object(Symfony\Component\Console\Output\ConsoleOutput))
#24 /var/www/dev/pgrs/laravel/vendor/symfony/console/Application.php(878): Illuminate\Console\Command->run(Object(Symfony\Component\Console\Input\ArgvInput), Object(Symfony\Component\Console\Output\ConsoleOutput))
#25 /var/www/dev/pgrs/laravel/vendor/symfony/console/Application.php(195): Symfony\Component\Console\Application->doRunCommand(Object(Illuminate\Database\Console\Migrations\RefreshCommand), Object(Symfony\Component\Console\Input\ArgvInput), Object(Symfony\Component\Console\Output\ConsoleOutput))
#26 /var/www/dev/pgrs/laravel/vendor/symfony/console/Application.php(126): Symfony\Component\Console\Application->doRun(Object(Symfony\Component\Console\Input\ArgvInput), Object(Symfony\Component\Console\Output\ConsoleOutput))
#27 /var/www/dev/pgrs/laravel/vendor/laravel/framework/src/Illuminate/Foundation/Console/Kernel.php(94): Symfony\Component\Console\Application->run(Object(Symfony\Component\Console\Input\ArgvInput), Object(Symfony\Component\Console\Output\ConsoleOutput))
#28 /var/www/dev/pgrs/laravel/artisan(36): Illuminate\Foundation\Console\Kernel->handle(Object(Symfony\Component\Console\Input\ArgvInput), Object(Symfony\Component\Console\Output\ConsoleOutput))
#29 {main}  
